[2025-05-05 09:15:57] [WARNING] 認証エラー: 不正なトークン
[2025-05-05 09:15:57] [ERROR] エラー発生: 認証エラー
[2025-05-05 09:15:57] [WARNING] 認証エラー: 不正なトークン
[2025-05-05 09:15:57] [ERROR] エラー発生: 認証エラー
[2025-05-05 09:28:02] [WARNING] 認証エラー: 不正なトークン
[2025-05-05 09:28:02] [ERROR] エラー発生: 認証エラー
[2025-05-05 09:28:02] [WARNING] 認証エラー: 不正なトークン
[2025-05-05 09:28:02] [ERROR] エラー発生: 認証エラー
[2025-05-05 09:31:02] [INFO] 部屋データAPI呼び出し: {"token":"fg12345@"}
[2025-05-05 09:31:02] [INFO] 部屋データ取得: 14件
[2025-05-05 09:31:02] [INFO] 部屋データAPI呼び出し: {"token":"fg12345@","usage":"1"}
[2025-05-05 09:31:02] [INFO] 部屋データ取得: 14件
[2025-05-05 09:31:02] [INFO] 利用状況データ取得: 14件
[2025-05-05 09:32:36] [INFO] 部屋データAPI呼び出し: {"token":"fg12345@","usage":"1"}
[2025-05-05 09:32:36] [INFO] 部屋データ取得: 14件
[2025-05-05 09:32:36] [INFO] 利用状況データ取得: 14件
[2025-05-05 09:32:36] [INFO] 部屋データAPI呼び出し: {"token":"fg12345@"}
[2025-05-05 09:32:36] [INFO] 部屋データ取得: 14件
[2025-05-05 09:46:49] [INFO] 部屋データAPI呼び出し: {"token":"fg12345@"}
[2025-05-05 09:46:49] [INFO] 部屋データ取得: 14件
[2025-05-05 09:46:49] [INFO] 部屋データAPI呼び出し: {"token":"fg12345@","usage":"1"}
[2025-05-05 09:46:49] [INFO] 部屋データ取得: 14件
[2025-05-05 09:46:49] [INFO] 利用状況データ取得: 14件
[2025-05-05 09:47:20] [INFO] 部屋データAPI呼び出し: {"token":"fg12345@"}
[2025-05-05 09:47:20] [INFO] 部屋データ取得: 14件
[2025-05-05 09:47:24] [INFO] 部屋データAPI呼び出し: {"token":"fg12345@"}
[2025-05-05 09:47:24] [INFO] 部屋データ取得: 14件
[2025-05-05 09:47:24] [INFO] 部屋データAPI呼び出し: {"token":"fg12345@","usage":"1"}
[2025-05-05 09:47:24] [INFO] 部屋データ取得: 14件
[2025-05-05 09:47:24] [INFO] 利用状況データ取得: 14件
[2025-05-05 10:35:37] [INFO] 部屋データAPI呼び出し: {"token":"fg12345@"}
[2025-05-05 10:35:37] [INFO] 部屋データ取得: 14件
[2025-05-05 10:35:37] [INFO] 部屋データAPI呼び出し: {"token":"fg12345@","usage":"1"}
[2025-05-05 10:35:37] [INFO] 部屋データ取得: 14件
[2025-05-05 10:35:37] [INFO] 利用状況データ取得: 14件
[2025-05-05 10:55:31] [INFO] 部屋データAPI呼び出し: {"token":"fg12345@"}
[2025-05-05 10:55:31] [INFO] 部屋データ取得: 14件
[2025-05-05 10:55:31] [INFO] 部屋データAPI呼び出し: {"token":"fg12345@","usage":"1"}
[2025-05-05 10:55:31] [INFO] 部屋データ取得: 14件
[2025-05-05 10:55:31] [INFO] 利用状況データ取得: 14件
[2025-05-05 11:06:36] [INFO] 部屋データAPI呼び出し: {"token":"fg12345@","usage":"1"}
[2025-05-05 11:06:36] [INFO] 部屋データ取得: 14件
[2025-05-05 11:06:36] [INFO] 利用状況データ取得: 14件
[2025-05-05 11:06:36] [INFO] 部屋データAPI呼び出し: {"token":"fg12345@"}
[2025-05-05 11:06:36] [INFO] 部屋データ取得: 14件
[2025-05-05 11:45:15] [INFO] 部屋データAPI呼び出し: {"token":"fg12345@","usage":"1"}
[2025-05-05 11:45:15] [INFO] 部屋データ取得: 14件
[2025-05-05 11:45:15] [INFO] 利用状況データ取得: 14件
[2025-05-05 11:45:15] [INFO] 部屋データAPI呼び出し: {"token":"fg12345@"}
[2025-05-05 11:45:15] [INFO] 部屋データ取得: 14件
[2025-05-05 11:45:18] [INFO] 部屋データAPI呼び出し: {"token":"fg12345@","usage":"1"}
[2025-05-05 11:45:18] [INFO] 部屋データ取得: 14件
[2025-05-05 11:45:18] [INFO] 利用状況データ取得: 14件
[2025-05-05 11:45:20] [INFO] 部屋データAPI呼び出し: {"token":"fg12345@","usage":"1"}
[2025-05-05 11:45:20] [INFO] 部屋データ取得: 14件
[2025-05-05 11:45:20] [INFO] 利用状況データ取得: 14件
[2025-05-05 16:30:56] [INFO] 部屋データAPI呼び出し: {"token":"fg12345@"}
[2025-05-05 16:30:56] [INFO] 部屋データ取得: 14件
[2025-05-05 16:30:56] [INFO] 部屋データAPI呼び出し: {"token":"fg12345@","usage":"1"}
[2025-05-05 16:30:56] [INFO] 部屋データ取得: 14件
[2025-05-05 16:30:56] [INFO] 利用状況データ取得: 14件
[2025-05-05 17:15:15] [INFO] 部屋データAPI呼び出し: {"token":"fg12345@"}
[2025-05-05 17:15:15] [INFO] 部屋データ取得: 14件
[2025-05-05 17:15:15] [INFO] 部屋データAPI呼び出し: {"token":"fg12345@","usage":"1"}
[2025-05-05 17:15:15] [INFO] 部屋データ取得: 14件
[2025-05-05 17:15:15] [INFO] 利用状況データ取得: 14件
[2025-05-05 17:44:54] [INFO] 部屋データAPI呼び出し: {"token":"fg12345@"}
[2025-05-05 17:44:54] [INFO] 部屋データ取得: 14件
[2025-05-05 17:44:54] [INFO] 部屋データAPI呼び出し: {"token":"fg12345@","usage":"1"}
[2025-05-05 17:44:54] [INFO] 部屋データ取得: 14件
[2025-05-05 17:44:54] [INFO] 利用状況データ取得: 14件
[2025-05-05 17:51:57] [INFO] 部屋データAPI呼び出し: {"token":"fg12345@"}
[2025-05-05 17:51:57] [INFO] 部屋データ取得: 14件
[2025-05-05 17:51:57] [INFO] 部屋データAPI呼び出し: {"token":"fg12345@","usage":"1"}
[2025-05-05 17:51:57] [INFO] 部屋データ取得: 14件
[2025-05-05 17:51:57] [INFO] 利用状況データ取得: 14件
[2025-05-05 17:54:46] [INFO] 部屋データAPI呼び出し: {"token":"fg12345@"}
[2025-05-05 17:54:46] [INFO] 部屋データ取得: 14件
[2025-05-05 17:54:46] [INFO] 部屋データAPI呼び出し: {"token":"fg12345@","usage":"1"}
[2025-05-05 17:54:46] [INFO] 部屋データ取得: 14件
[2025-05-05 17:54:46] [INFO] 利用状況データ取得: 14件
[2025-05-05 20:06:19] [INFO] 部屋データAPI呼び出し: {"token":"fg12345@","usage":"1"}
[2025-05-05 20:06:19] [INFO] 部屋データ取得: 14件
[2025-05-05 20:06:19] [INFO] 利用状況データ取得: 14件
[2025-05-05 20:06:19] [INFO] 部屋データAPI呼び出し: {"token":"fg12345@"}
[2025-05-05 20:06:19] [INFO] 部屋データ取得: 14件
[2025-05-05 22:31:20] [INFO] 部屋データAPI呼び出し: {"token":"fg12345@"}
[2025-05-05 22:31:20] [INFO] 部屋データ取得: 14件
[2025-05-05 22:31:20] [INFO] 部屋データAPI呼び出し: {"token":"fg12345@","usage":"1"}
[2025-05-05 22:31:20] [INFO] 部屋データ取得: 14件
[2025-05-05 22:31:20] [INFO] 利用状況データ取得: 14件
[2025-05-05 22:36:20] [INFO] 部屋データAPI呼び出し: {"token":"fg12345@","usage":"1"}
[2025-05-05 22:36:20] [INFO] 部屋データ取得: 14件
[2025-05-05 22:36:20] [INFO] 利用状況データ取得: 14件
[2025-05-05 22:36:20] [INFO] 部屋データAPI呼び出し: {"token":"fg12345@"}
[2025-05-05 22:36:20] [INFO] 部屋データ取得: 14件
[2025-05-05 22:38:23] [INFO] 部屋データAPI呼び出し: {"token":"fg12345@"}
[2025-05-05 22:38:23] [INFO] 部屋データ取得: 14件
[2025-05-05 22:38:23] [INFO] 部屋データAPI呼び出し: {"token":"fg12345@","usage":"1"}
[2025-05-05 22:38:23] [INFO] 部屋データ取得: 14件
[2025-05-05 22:38:23] [INFO] 利用状況データ取得: 14件
[2025-05-05 22:40:31] [INFO] 部屋データAPI呼び出し: {"token":"fg12345@"}
[2025-05-05 22:40:31] [INFO] 部屋データ取得: 14件
[2025-05-05 22:40:31] [INFO] 部屋データAPI呼び出し: {"token":"fg12345@","usage":"1"}
[2025-05-05 22:40:31] [INFO] 部屋データ取得: 14件
[2025-05-05 22:40:31] [INFO] 利用状況データ取得: 14件
[2025-05-05 22:42:04] [INFO] 部屋データAPI呼び出し: {"token":"fg12345@"}
[2025-05-05 22:42:04] [INFO] 部屋データ取得: 14件
[2025-05-05 22:42:04] [INFO] 部屋データAPI呼び出し: {"token":"fg12345@","usage":"1"}
[2025-05-05 22:42:04] [INFO] 部屋データ取得: 14件
[2025-05-05 22:42:04] [INFO] 利用状況データ取得: 14件
[2025-05-05 23:02:39] [INFO] 部屋データAPI呼び出し: {"token":"fg12345@"}
[2025-05-05 23:02:39] [INFO] 部屋データ取得: 14件
[2025-05-05 23:02:39] [INFO] 部屋データAPI呼び出し: {"token":"fg12345@","usage":"1"}
[2025-05-05 23:02:39] [INFO] 部屋データ取得: 14件
[2025-05-05 23:02:39] [INFO] 利用状況データ取得: 14件
[2025-05-05 23:44:20] [INFO] 部屋データAPI呼び出し: {"token":"fg12345@","usage":"1"}
[2025-05-05 23:44:20] [INFO] 部屋データ取得: 14件
[2025-05-05 23:44:20] [INFO] 利用状況データ取得: 14件
[2025-05-05 23:44:20] [INFO] 部屋データAPI呼び出し: {"token":"fg12345@"}
[2025-05-05 23:44:20] [INFO] 部屋データ取得: 14件
[2025-05-05 23:44:27] [INFO] 部屋データAPI呼び出し: {"token":"fg12345@","usage":"1"}
[2025-05-05 23:44:27] [INFO] 部屋データ取得: 14件
[2025-05-05 23:44:27] [INFO] 利用状況データ取得: 14件
[2025-05-05 23:44:27] [INFO] 部屋データAPI呼び出し: {"token":"fg12345@"}
[2025-05-05 23:44:27] [INFO] 部屋データ取得: 14件
[2025-05-05 23:47:16] [INFO] 部屋データAPI呼び出し: {"token":"fg12345@"}
[2025-05-05 23:47:16] [INFO] 部屋データ取得: 14件
[2025-05-05 23:47:16] [INFO] 部屋データAPI呼び出し: {"token":"fg12345@","usage":"1"}
[2025-05-05 23:47:16] [INFO] 部屋データ取得: 14件
[2025-05-05 23:47:16] [INFO] 利用状況データ取得: 14件
[2025-05-05 23:57:38] [INFO] 部屋データAPI呼び出し: {"token":"fg12345@"}
[2025-05-05 23:57:38] [INFO] 部屋データ取得: 14件
[2025-05-05 23:57:38] [INFO] 部屋データAPI呼び出し: {"token":"fg12345@","usage":"1"}
[2025-05-05 23:57:38] [INFO] 部屋データ取得: 14件
[2025-05-05 23:57:38] [INFO] 利用状況データ取得: 14件
[2025-05-05 23:59:14] [INFO] 部屋データAPI呼び出し: {"token":"fg12345@"}
[2025-05-05 23:59:14] [INFO] 部屋データ取得: 14件
[2025-05-05 23:59:14] [INFO] 部屋データAPI呼び出し: {"token":"fg12345@","usage":"1"}
[2025-05-05 23:59:14] [INFO] 部屋データ取得: 14件
[2025-05-05 23:59:14] [INFO] 利用状況データ取得: 14件
[2025-05-06 00:03:24] [INFO] 部屋データAPI呼び出し: {"token":"fg12345@"}
[2025-05-06 00:03:24] [INFO] 部屋データ取得: 14件
[2025-05-06 00:03:24] [INFO] 部屋データAPI呼び出し: {"token":"fg12345@","usage":"1"}
[2025-05-06 00:03:24] [INFO] 部屋データ取得: 14件
[2025-05-06 00:03:24] [INFO] 利用状況データ取得: 14件
[2025-05-06 00:09:03] [INFO] 部屋データAPI呼び出し: {"token":"fg12345@"}
[2025-05-06 00:09:03] [INFO] 部屋データ取得: 14件
[2025-05-06 00:09:03] [INFO] 部屋データAPI呼び出し: {"token":"fg12345@","usage":"1"}
[2025-05-06 00:09:03] [INFO] 部屋データ取得: 14件
[2025-05-06 00:09:03] [INFO] 利用状況データ取得: 14件
[2025-05-06 00:15:00] [INFO] 部屋データAPI呼び出し: {"token":"fg12345@"}
[2025-05-06 00:15:00] [INFO] 部屋データ取得: 14件
[2025-05-06 00:15:00] [INFO] 部屋データAPI呼び出し: {"token":"fg12345@","usage":"1"}
[2025-05-06 00:15:00] [INFO] 部屋データ取得: 14件
[2025-05-06 00:15:00] [INFO] 利用状況データ取得: 14件
[2025-05-06 00:17:09] [INFO] 部屋データAPI呼び出し: {"token":"fg12345@"}
[2025-05-06 00:17:09] [INFO] 部屋データ取得: 14件
[2025-05-06 00:17:09] [INFO] 部屋データAPI呼び出し: {"token":"fg12345@","usage":"1"}
[2025-05-06 00:17:09] [INFO] 部屋データ取得: 14件
[2025-05-06 00:17:09] [INFO] 利用状況データ取得: 14件
[2025-05-06 00:19:32] [INFO] 部屋データAPI呼び出し: {"token":"fg12345@"}
[2025-05-06 00:19:32] [INFO] 部屋データ取得: 14件
[2025-05-06 00:19:32] [INFO] 部屋データAPI呼び出し: {"token":"fg12345@","usage":"1"}
[2025-05-06 00:19:32] [INFO] 部屋データ取得: 14件
[2025-05-06 00:19:32] [INFO] 利用状況データ取得: 14件
[2025-05-06 00:21:13] [INFO] 部屋データAPI呼び出し: {"token":"fg12345@","usage":"1"}
[2025-05-06 00:21:13] [INFO] 部屋データ取得: 14件
[2025-05-06 00:21:13] [INFO] 利用状況データ取得: 14件
[2025-05-06 00:21:13] [INFO] 部屋データAPI呼び出し: {"token":"fg12345@"}
[2025-05-06 00:21:13] [INFO] 部屋データ取得: 14件
[2025-05-06 00:23:27] [INFO] 部屋データAPI呼び出し: {"token":"fg12345@"}
[2025-05-06 00:23:27] [INFO] 部屋データ取得: 14件
[2025-05-06 00:23:27] [INFO] 部屋データAPI呼び出し: {"token":"fg12345@","usage":"1"}
[2025-05-06 00:23:27] [INFO] 部屋データ取得: 14件
[2025-05-06 00:23:27] [INFO] 利用状況データ取得: 14件
[2025-05-06 00:26:08] [INFO] 部屋データAPI呼び出し: {"token":"fg12345@","usage":"1"}
[2025-05-06 00:26:08] [INFO] 部屋データ取得: 14件
[2025-05-06 00:26:08] [INFO] 利用状況データ取得: 14件
[2025-05-06 00:26:08] [INFO] 部屋データAPI呼び出し: {"token":"fg12345@"}
[2025-05-06 00:26:08] [INFO] 部屋データ取得: 14件
[2025-05-06 00:28:16] [INFO] 部屋データAPI呼び出し: {"token":"fg12345@","usage":"1"}
[2025-05-06 00:28:16] [INFO] 部屋データ取得: 14件
[2025-05-06 00:28:16] [INFO] 利用状況データ取得: 14件
[2025-05-06 00:28:16] [INFO] 部屋データAPI呼び出し: {"token":"fg12345@"}
[2025-05-06 00:28:16] [INFO] 部屋データ取得: 14件
[2025-05-06 00:28:36] [INFO] 部屋データAPI呼び出し: {"token":"fg12345@","usage":"1"}
[2025-05-06 00:28:36] [INFO] 部屋データ取得: 14件
[2025-05-06 00:28:36] [INFO] 利用状況データ取得: 14件
[2025-05-06 00:28:36] [INFO] 部屋データAPI呼び出し: {"token":"fg12345@"}
[2025-05-06 00:28:36] [INFO] 部屋データ取得: 14件
[2025-05-06 00:33:06] [INFO] 部屋データAPI呼び出し: {"token":"fg12345@"}
[2025-05-06 00:33:06] [INFO] 部屋データ取得: 14件
[2025-05-06 00:33:06] [INFO] 部屋データAPI呼び出し: {"token":"fg12345@","usage":"1"}
[2025-05-06 00:33:06] [INFO] 部屋データ取得: 14件
[2025-05-06 00:33:06] [INFO] 利用状況データ取得: 14件
[2025-05-06 01:00:54] [INFO] 部屋データAPI呼び出し: {"token":"fg12345@"}
[2025-05-06 01:00:54] [INFO] 部屋データ取得: 14件
[2025-05-06 01:00:54] [INFO] 部屋データAPI呼び出し: {"token":"fg12345@","usage":"1"}
[2025-05-06 01:00:54] [INFO] 部屋データ取得: 14件
[2025-05-06 01:00:54] [INFO] 利用状況データ取得: 14件
[2025-05-06 01:06:07] [INFO] 部屋データAPI呼び出し: {"token":"fg12345@"}
[2025-05-06 01:06:07] [INFO] 部屋データ取得: 14件
[2025-05-06 01:06:07] [INFO] 部屋データAPI呼び出し: {"token":"fg12345@","usage":"1"}
[2025-05-06 01:06:07] [INFO] 部屋データ取得: 14件
[2025-05-06 01:06:07] [INFO] 利用状況データ取得: 14件
[2025-05-06 01:09:35] [INFO] 部屋データAPI呼び出し: {"token":"fg12345@"}
[2025-05-06 01:09:35] [INFO] 部屋データ取得: 14件
[2025-05-06 01:09:35] [INFO] 部屋データAPI呼び出し: {"token":"fg12345@","usage":"1"}
[2025-05-06 01:09:35] [INFO] 部屋データ取得: 14件
[2025-05-06 01:09:35] [INFO] 利用状況データ取得: 14件
[2025-05-06 01:12:17] [INFO] 部屋データAPI呼び出し: {"token":"fg12345@","usage":"1"}
[2025-05-06 01:12:17] [INFO] 部屋データ取得: 14件
[2025-05-06 01:12:17] [INFO] 利用状況データ取得: 14件
[2025-05-06 01:12:17] [INFO] 部屋データAPI呼び出し: {"token":"fg12345@"}
[2025-05-06 01:12:17] [INFO] 部屋データ取得: 14件
[2025-05-06 01:15:58] [INFO] 部屋データAPI呼び出し: {"token":"fg12345@"}
[2025-05-06 01:15:58] [INFO] 部屋データ取得: 14件
[2025-05-06 01:15:58] [INFO] 部屋データAPI呼び出し: {"token":"fg12345@","usage":"1"}
[2025-05-06 01:15:58] [INFO] 部屋データ取得: 14件
[2025-05-06 01:15:58] [INFO] 利用状況データ取得: 14件
[2025-05-06 01:16:27] [INFO] 部屋データAPI呼び出し: {"token":"fg12345@"}
[2025-05-06 01:16:27] [INFO] 部屋データ取得: 14件
[2025-05-06 01:16:27] [INFO] 部屋データAPI呼び出し: {"token":"fg12345@","usage":"1"}
[2025-05-06 01:16:27] [INFO] 部屋データ取得: 14件
[2025-05-06 01:16:27] [INFO] 利用状況データ取得: 14件
[2025-05-06 01:21:07] [INFO] 部屋データAPI呼び出し: {"token":"fg12345@"}
[2025-05-06 01:21:07] [INFO] 部屋データ取得: 14件
[2025-05-06 01:21:07] [INFO] 部屋データAPI呼び出し: {"token":"fg12345@","usage":"1"}
[2025-05-06 01:21:07] [INFO] 部屋データ取得: 14件
[2025-05-06 01:21:07] [INFO] 利用状況データ取得: 14件
[2025-05-06 01:25:03] [INFO] 部屋データAPI呼び出し: {"token":"fg12345@"}
[2025-05-06 01:25:03] [INFO] 部屋データ取得: 14件
[2025-05-06 01:25:03] [INFO] 部屋データAPI呼び出し: {"token":"fg12345@","usage":"1"}
[2025-05-06 01:25:03] [INFO] 部屋データ取得: 14件
[2025-05-06 01:25:03] [INFO] 利用状況データ取得: 14件
[2025-05-06 03:18:02] [INFO] 部屋データAPI呼び出し: {"token":"fg12345@"}
[2025-05-06 03:18:02] [INFO] 部屋データ取得: 14件
[2025-05-06 03:18:02] [INFO] 部屋データAPI呼び出し: {"token":"fg12345@","usage":"1"}
[2025-05-06 03:18:02] [INFO] 部屋データ取得: 14件
[2025-05-06 03:18:02] [INFO] 利用状況データ取得: 14件
[2025-05-13 10:41:20] [INFO] 部屋データAPI呼び出し: {"token":"fg12345@","usage":"1"}
[2025-05-13 10:41:20] [INFO] 部屋データ取得: 14件
[2025-05-13 10:41:20] [INFO] 利用状況データ取得: 14件
[2025-05-13 10:41:20] [INFO] 部屋データAPI呼び出し: {"token":"fg12345@"}
[2025-05-13 10:41:20] [INFO] 部屋データ取得: 14件
[2025-05-13 15:01:16] [INFO] 部屋データAPI呼び出し: {"token":"fg12345@"}
[2025-05-13 15:01:16] [INFO] 部屋データ取得: 14件
[2025-05-13 15:01:16] [INFO] 部屋データAPI呼び出し: {"token":"fg12345@","usage":"1"}
[2025-05-13 15:01:16] [INFO] 部屋データ取得: 14件
[2025-05-13 15:01:16] [INFO] 利用状況データ取得: 14件
[2025-05-13 15:20:01] [INFO] 部屋データAPI呼び出し: {"token":"fg12345@","usage":"1"}
[2025-05-13 15:20:01] [INFO] 部屋データ取得: 14件
[2025-05-13 15:20:01] [INFO] 利用状況データ取得: 14件
[2025-05-13 15:20:01] [INFO] 部屋データAPI呼び出し: {"token":"fg12345@"}
[2025-05-13 15:20:01] [INFO] 部屋データ取得: 14件
[2025-05-13 16:13:11] [INFO] 部屋データAPI呼び出し: {"token":"fg12345@","usage":"1"}
[2025-05-13 16:13:11] [INFO] 部屋データ取得: 14件
[2025-05-13 16:13:11] [INFO] 利用状況データ取得: 14件
[2025-05-13 16:13:11] [INFO] 部屋データAPI呼び出し: {"token":"fg12345@"}
[2025-05-13 16:13:11] [INFO] 部屋データ取得: 14件
[2025-05-13 16:13:18] [INFO] 部屋データAPI呼び出し: {"token":"fg12345@"}
[2025-05-13 16:13:18] [INFO] 部屋データ取得: 14件
[2025-05-13 16:13:18] [INFO] 部屋データAPI呼び出し: {"token":"fg12345@","usage":"1"}
[2025-05-13 16:13:18] [INFO] 部屋データ取得: 14件
[2025-05-13 16:13:18] [INFO] 利用状況データ取得: 14件
[2025-05-13 18:45:06] [INFO] 部屋データAPI呼び出し: {"token":"fg12345@"}
[2025-05-13 18:45:06] [INFO] 部屋データ取得: 14件
[2025-05-13 18:45:06] [INFO] 部屋データAPI呼び出し: {"token":"fg12345@","usage":"1"}
[2025-05-13 18:45:06] [INFO] 部屋データ取得: 14件
[2025-05-13 18:45:06] [INFO] 利用状況データ取得: 14件
[2025-05-13 18:45:16] [INFO] 部屋データAPI呼び出し: {"token":"fg12345@","usage":"1"}
[2025-05-13 18:45:16] [INFO] 部屋データ取得: 14件
[2025-05-13 18:45:16] [INFO] 利用状況データ取得: 14件
[2025-05-13 18:45:16] [INFO] 部屋データAPI呼び出し: {"token":"fg12345@"}
[2025-05-13 18:45:16] [INFO] 部屋データ取得: 14件
[2025-05-13 18:45:19] [INFO] 部屋データAPI呼び出し: {"token":"fg12345@","usage":"1"}
[2025-05-13 18:45:19] [INFO] 部屋データ取得: 14件
[2025-05-13 18:45:19] [INFO] 利用状況データ取得: 14件
[2025-05-13 18:45:19] [INFO] 部屋データAPI呼び出し: {"token":"fg12345@"}
[2025-05-13 18:45:19] [INFO] 部屋データ取得: 14件
[2025-05-13 19:34:11] [INFO] 部屋データAPI呼び出し: {"token":"fg12345@","usage":"1"}
[2025-05-13 19:34:11] [INFO] 部屋データ取得: 14件
[2025-05-13 19:34:11] [INFO] 利用状況データ取得: 14件
[2025-05-13 19:34:11] [INFO] 部屋データAPI呼び出し: {"token":"fg12345@"}
[2025-05-13 19:34:11] [INFO] 部屋データ取得: 14件
[2025-05-13 19:37:45] [INFO] 部屋データAPI呼び出し: {"token":"fg12345@","usage":"1"}
[2025-05-13 19:37:45] [INFO] 部屋データ取得: 14件
[2025-05-13 19:37:45] [INFO] 利用状況データ取得: 14件
[2025-05-13 19:37:45] [INFO] 部屋データAPI呼び出し: {"token":"fg12345@"}
[2025-05-13 19:37:45] [INFO] 部屋データ取得: 14件
[2025-05-13 19:37:58] [INFO] 部屋データAPI呼び出し: {"token":"fg12345@"}
[2025-05-13 19:37:58] [INFO] 部屋データ取得: 14件
[2025-05-13 19:37:58] [INFO] 部屋データAPI呼び出し: {"token":"fg12345@","usage":"1"}
[2025-05-13 19:37:58] [INFO] 部屋データ取得: 14件
[2025-05-13 19:37:58] [INFO] 利用状況データ取得: 14件
[2025-05-13 19:38:09] [INFO] 部屋データAPI呼び出し: {"token":"fg12345@"}
[2025-05-13 19:38:09] [INFO] 部屋データ取得: 14件
[2025-05-13 19:38:09] [INFO] 部屋データAPI呼び出し: {"token":"fg12345@","usage":"1"}
[2025-05-13 19:38:09] [INFO] 部屋データ取得: 14件
[2025-05-13 19:38:09] [INFO] 利用状況データ取得: 14件
[2025-05-13 19:45:18] [INFO] 部屋データAPI呼び出し: {"token":"fg12345@"}
[2025-05-13 19:45:18] [INFO] 部屋データ取得: 14件
[2025-05-13 19:45:18] [INFO] 部屋データAPI呼び出し: {"token":"fg12345@","usage":"1"}
[2025-05-13 19:45:18] [INFO] 部屋データ取得: 14件
[2025-05-13 19:45:18] [INFO] 利用状況データ取得: 14件
[2025-05-13 19:45:34] [INFO] 部屋データAPI呼び出し: {"token":"fg12345@"}
[2025-05-13 19:45:34] [INFO] 部屋データ取得: 14件
[2025-05-13 19:45:34] [INFO] 部屋データAPI呼び出し: {"token":"fg12345@","usage":"1"}
[2025-05-13 19:45:34] [INFO] 部屋データ取得: 14件
[2025-05-13 19:45:34] [INFO] 利用状況データ取得: 14件
[2025-05-13 19:55:44] [INFO] 部屋データAPI呼び出し: {"token":"fg12345@"}
[2025-05-13 19:55:44] [INFO] 部屋データ取得: 14件
[2025-05-13 19:55:44] [INFO] 部屋データAPI呼び出し: {"token":"fg12345@","usage":"1"}
[2025-05-13 19:55:44] [INFO] 部屋データ取得: 14件
[2025-05-13 19:55:44] [INFO] 利用状況データ取得: 14件
[2025-05-13 20:09:56] [INFO] 部屋データAPI呼び出し: {"token":"fg12345@"}
[2025-05-13 20:09:56] [INFO] 部屋データ取得: 14件
[2025-05-13 20:09:56] [INFO] 部屋データAPI呼び出し: {"token":"fg12345@","usage":"1"}
[2025-05-13 20:09:56] [INFO] 部屋データ取得: 14件
[2025-05-13 20:09:56] [INFO] 利用状況データ取得: 14件
[2025-05-13 20:18:36] [INFO] 部屋データAPI呼び出し: {"token":"fg12345@"}
[2025-05-13 20:18:36] [INFO] 部屋データ取得: 14件
[2025-05-13 20:18:36] [INFO] 部屋データAPI呼び出し: {"token":"fg12345@","usage":"1"}
[2025-05-13 20:18:36] [INFO] 部屋データ取得: 14件
[2025-05-13 20:18:36] [INFO] 利用状況データ取得: 14件
[2025-05-13 20:44:03] [INFO] 部屋データAPI呼び出し: {"token":"fg12345@"}
[2025-05-13 20:44:03] [INFO] 部屋データ取得: 14件
[2025-05-13 20:44:03] [INFO] 部屋データAPI呼び出し: {"token":"fg12345@","usage":"1"}
[2025-05-13 20:44:03] [INFO] 部屋データ取得: 14件
[2025-05-13 20:44:03] [INFO] 利用状況データ取得: 14件
[2025-05-13 21:05:29] [INFO] 部屋データAPI呼び出し: {"token":"fg12345@"}
[2025-05-13 21:05:29] [INFO] 部屋データ取得: 14件
[2025-05-13 21:05:29] [INFO] 部屋データAPI呼び出し: {"token":"fg12345@","usage":"1"}
[2025-05-13 21:05:29] [INFO] 部屋データ取得: 14件
[2025-05-13 21:05:29] [INFO] 利用状況データ取得: 14件
[2025-05-13 21:05:32] [INFO] 部屋データAPI呼び出し: {"token":"fg12345@"}
[2025-05-13 21:05:32] [INFO] 部屋データ取得: 14件
[2025-05-13 21:05:32] [INFO] 部屋データAPI呼び出し: {"token":"fg12345@","usage":"1"}
[2025-05-13 21:05:32] [INFO] 部屋データ取得: 14件
[2025-05-13 21:05:32] [INFO] 利用状況データ取得: 14件
[2025-05-13 21:09:19] [INFO] 部屋データAPI呼び出し: {"token":"fg12345@"}
[2025-05-13 21:09:19] [INFO] 部屋データ取得: 14件
[2025-05-13 21:09:19] [INFO] 部屋データAPI呼び出し: {"token":"fg12345@","usage":"1"}
[2025-05-13 21:09:19] [INFO] 部屋データ取得: 14件
[2025-05-13 21:09:19] [INFO] 利用状況データ取得: 14件
[2025-05-13 21:28:29] [INFO] 部屋データAPI呼び出し: {"token":"fg12345@"}
[2025-05-13 21:28:29] [INFO] 部屋データ取得: 14件
[2025-05-13 21:28:29] [INFO] 部屋データAPI呼び出し: {"token":"fg12345@","usage":"1"}
[2025-05-13 21:28:29] [INFO] 部屋データ取得: 14件
[2025-05-13 21:28:29] [INFO] 利用状況データ取得: 14件
[2025-05-13 21:43:48] [INFO] 部屋データAPI呼び出し: {"token":"fg12345@"}
[2025-05-13 21:43:48] [INFO] 部屋データ取得: 14件
[2025-05-13 21:43:48] [INFO] 部屋データAPI呼び出し: {"token":"fg12345@","usage":"1"}
[2025-05-13 21:43:48] [INFO] 部屋データ取得: 14件
[2025-05-13 21:43:48] [INFO] 利用状況データ取得: 14件
[2025-05-13 21:43:55] [INFO] 部屋データAPI呼び出し: {"token":"fg12345@"}
[2025-05-13 21:43:55] [INFO] 部屋データ取得: 14件
[2025-05-13 21:43:55] [INFO] 部屋データAPI呼び出し: {"token":"fg12345@","usage":"1"}
[2025-05-13 21:43:55] [INFO] 部屋データ取得: 14件
[2025-05-13 21:43:55] [INFO] 利用状況データ取得: 14件
[2025-05-13 21:43:59] [INFO] 部屋データAPI呼び出し: {"token":"fg12345@","usage":"1"}
[2025-05-13 21:43:59] [INFO] 部屋データ取得: 14件
[2025-05-13 21:43:59] [INFO] 利用状況データ取得: 14件
[2025-05-13 21:43:59] [INFO] 部屋データAPI呼び出し: {"token":"fg12345@"}
[2025-05-13 21:43:59] [INFO] 部屋データ取得: 14件
[2025-05-13 22:47:10] [INFO] 部屋データAPI呼び出し: {"token":"fg12345@"}
[2025-05-13 22:47:10] [INFO] 部屋データ取得: 14件
[2025-05-13 22:47:10] [INFO] 部屋データAPI呼び出し: {"token":"fg12345@","usage":"1"}
[2025-05-13 22:47:10] [INFO] 部屋データ取得: 14件
[2025-05-13 22:47:10] [INFO] 利用状況データ取得: 14件
[2025-05-13 22:53:49] [INFO] 部屋データAPI呼び出し: {"token":"fg12345@"}
[2025-05-13 22:53:49] [INFO] 部屋データ取得: 14件
[2025-05-13 22:53:49] [INFO] 部屋データAPI呼び出し: {"token":"fg12345@","usage":"1"}
[2025-05-13 22:53:49] [INFO] 部屋データ取得: 14件
[2025-05-13 22:53:49] [INFO] 利用状況データ取得: 14件
[2025-05-13 23:13:39] [INFO] 部屋データAPI呼び出し: {"token":"fg12345@"}
[2025-05-13 23:13:39] [INFO] 部屋データ取得: 14件
[2025-05-13 23:13:39] [INFO] 部屋データAPI呼び出し: {"token":"fg12345@","usage":"1"}
[2025-05-13 23:13:39] [INFO] 部屋データ取得: 14件
[2025-05-13 23:13:39] [INFO] 利用状況データ取得: 14件
[2025-05-13 23:35:49] [INFO] 部屋データAPI呼び出し: {"token":"fg12345@"}
[2025-05-13 23:35:49] [INFO] 部屋データ取得: 14件
[2025-05-13 23:35:49] [INFO] 部屋データAPI呼び出し: {"token":"fg12345@","usage":"1"}
[2025-05-13 23:35:49] [INFO] 部屋データ取得: 14件
[2025-05-13 23:35:49] [INFO] 利用状況データ取得: 14件
[2025-05-14 13:27:54] [INFO] 部屋データAPI呼び出し: {"token":"fg12345@"}
[2025-05-14 13:27:54] [INFO] 部屋データ取得: 14件
[2025-05-14 13:27:54] [INFO] 部屋データAPI呼び出し: {"token":"fg12345@","usage":"1"}
[2025-05-14 13:27:54] [INFO] 部屋データ取得: 14件
[2025-05-14 13:27:54] [INFO] 利用状況データ取得: 14件
[2025-05-14 13:28:00] [INFO] 部屋データAPI呼び出し: {"token":"fg12345@"}
[2025-05-14 13:28:00] [INFO] 部屋データ取得: 14件
[2025-05-14 13:28:00] [INFO] 部屋データAPI呼び出し: {"token":"fg12345@","usage":"1"}
[2025-05-14 13:28:00] [INFO] 部屋データ取得: 14件
[2025-05-14 13:28:00] [INFO] 利用状況データ取得: 14件
[2025-05-14 13:30:26] [INFO] 部屋データAPI呼び出し: {"token":"fg12345@"}
[2025-05-14 13:30:26] [INFO] 部屋データ取得: 14件
[2025-05-14 13:30:26] [INFO] 部屋データAPI呼び出し: {"token":"fg12345@","usage":"1"}
[2025-05-14 13:30:26] [INFO] 部屋データ取得: 14件
[2025-05-14 13:30:26] [INFO] 利用状況データ取得: 14件
[2025-05-14 13:30:26] [INFO] 部屋データAPI呼び出し: {"token":"fg12345@","usage":"1"}
[2025-05-14 13:30:26] [INFO] 部屋データ取得: 14件
[2025-05-14 13:30:26] [INFO] 利用状況データ取得: 14件
[2025-05-14 13:30:26] [INFO] 部屋データAPI呼び出し: {"token":"fg12345@"}
[2025-05-14 13:30:26] [INFO] 部屋データ取得: 14件
[2025-05-14 14:04:18] [INFO] 部屋データAPI呼び出し: {"token":"fg12345@","usage":"1"}
[2025-05-14 14:04:18] [INFO] 部屋データ取得: 14件
[2025-05-14 14:04:18] [INFO] 利用状況データ取得: 14件
[2025-05-14 14:04:18] [INFO] 部屋データAPI呼び出し: {"token":"fg12345@"}
[2025-05-14 14:04:18] [INFO] 部屋データ取得: 14件
[2025-05-14 15:55:06] [INFO] 部屋データAPI呼び出し: {"token":"fg12345@","usage":"1"}
[2025-05-14 15:55:06] [INFO] 部屋データ取得: 14件
[2025-05-14 15:55:06] [INFO] 利用状況データ取得: 15件
[2025-05-14 15:55:06] [INFO] 部屋データAPI呼び出し: {"token":"fg12345@"}
[2025-05-14 15:55:06] [INFO] 部屋データ取得: 14件
[2025-05-14 19:06:44] [INFO] 部屋データAPI呼び出し: {"token":"fg12345@","usage":"1"}
[2025-05-14 19:06:44] [INFO] 部屋データ取得: 14件
[2025-05-14 19:06:44] [INFO] 利用状況データ取得: 15件
[2025-05-14 19:06:44] [INFO] 部屋データAPI呼び出し: {"token":"fg12345@"}
[2025-05-14 19:06:44] [INFO] 部屋データ取得: 14件
[2025-05-16 23:14:08] [INFO] 部屋データAPI呼び出し: {"token":"fg12345@","usage":"1"}
[2025-05-16 23:14:08] [INFO] 部屋データ取得: 14件
[2025-05-16 23:14:08] [INFO] 利用状況データ取得: 15件
[2025-05-16 23:14:08] [INFO] 部屋データAPI呼び出し: {"token":"fg12345@"}
[2025-05-16 23:14:08] [INFO] 部屋データ取得: 14件
[2025-05-20 16:41:18] [INFO] 部屋データAPI呼び出し: {"token":"fg12345@","usage":"1"}
[2025-05-20 16:41:18] [INFO] 部屋データ取得: 14件
[2025-05-20 16:41:18] [INFO] 利用状況データ取得: 15件
[2025-05-20 16:41:18] [INFO] 部屋データAPI呼び出し: {"token":"fg12345@"}
[2025-05-20 16:41:18] [INFO] 部屋データ取得: 14件
[2025-05-28 18:41:42] [INFO] 部屋データAPI呼び出し: {"token":"fg12345@"}
[2025-05-28 18:41:42] [INFO] 部屋データ取得: 14件
[2025-05-28 18:41:42] [INFO] 部屋データAPI呼び出し: {"token":"fg12345@","usage":"1"}
[2025-05-28 18:41:42] [INFO] 部屋データ取得: 14件
[2025-05-28 18:41:42] [INFO] 利用状況データ取得: 15件
[2025-05-30 11:49:49] [INFO] 部屋データAPI呼び出し: {"token":"fg12345@"}
[2025-05-30 11:49:49] [INFO] 部屋データ取得: 14件
[2025-05-30 11:49:49] [INFO] 部屋データAPI呼び出し: {"token":"fg12345@","usage":"1"}
[2025-05-30 11:49:49] [INFO] 部屋データ取得: 14件
[2025-05-30 11:49:49] [INFO] 利用状況データ取得: 15件
[2025-05-30 13:07:36] [INFO] 部屋データAPI呼び出し: {"token":"fg12345@"}
[2025-05-30 13:07:36] [INFO] 部屋データ取得: 14件
[2025-05-30 13:07:36] [INFO] 部屋データAPI呼び出し: {"token":"fg12345@","usage":"1"}
[2025-05-30 13:07:36] [INFO] 部屋データ取得: 14件
[2025-05-30 13:07:36] [INFO] 利用状況データ取得: 15件
[2025-05-30 15:07:37] [INFO] 部屋データAPI呼び出し: {"token":"fg12345@"}
[2025-05-30 15:07:37] [INFO] 部屋データ取得: 14件
[2025-05-30 15:07:37] [INFO] 部屋データAPI呼び出し: {"token":"fg12345@","usage":"1"}
[2025-05-30 15:07:37] [INFO] 部屋データ取得: 14件
[2025-05-30 15:07:37] [INFO] 利用状況データ取得: 15件
[2025-05-30 15:10:57] [INFO] 部屋データAPI呼び出し: {"token":"fg12345@"}
[2025-05-30 15:10:57] [INFO] 部屋データ取得: 14件
[2025-05-30 15:10:57] [INFO] 部屋データAPI呼び出し: {"token":"fg12345@","usage":"1"}
[2025-05-30 15:10:57] [INFO] 部屋データ取得: 14件
[2025-05-30 15:10:57] [INFO] 利用状況データ取得: 15件
[2025-05-30 15:16:16] [INFO] 部屋データAPI呼び出し: {"token":"fg12345@"}
[2025-05-30 15:16:16] [INFO] 部屋データ取得: 14件
[2025-05-30 15:16:16] [INFO] 部屋データAPI呼び出し: {"token":"fg12345@","usage":"1"}
[2025-05-30 15:16:16] [INFO] 部屋データ取得: 14件
[2025-05-30 15:16:16] [INFO] 利用状況データ取得: 15件
[2025-05-30 15:58:09] [INFO] 部屋データAPI呼び出し: {"token":"fg12345@"}
[2025-05-30 15:58:09] [INFO] 部屋データ取得: 14件
[2025-05-30 15:58:09] [INFO] 部屋データAPI呼び出し: {"token":"fg12345@","usage":"1"}
[2025-05-30 15:58:09] [INFO] 部屋データ取得: 14件
[2025-05-30 15:58:09] [INFO] 利用状況データ取得: 15件
[2025-05-30 16:03:12] [INFO] 部屋データAPI呼び出し: {"token":"fg12345@"}
[2025-05-30 16:03:12] [INFO] 部屋データ取得: 14件
[2025-05-30 16:03:12] [INFO] 部屋データAPI呼び出し: {"token":"fg12345@","usage":"1"}
[2025-05-30 16:03:12] [INFO] 部屋データ取得: 14件
[2025-05-30 16:03:12] [INFO] 利用状況データ取得: 15件
[2025-05-30 16:38:20] [INFO] 部屋データAPI呼び出し: {"token":"fg12345@"}
[2025-05-30 16:38:20] [INFO] 部屋データ取得: 14件
[2025-05-30 16:38:20] [INFO] 部屋データAPI呼び出し: {"token":"fg12345@","usage":"1"}
[2025-05-30 16:38:20] [INFO] 部屋データ取得: 14件
[2025-05-30 16:38:20] [INFO] 利用状況データ取得: 15件
[2025-05-30 17:04:48] [INFO] 部屋データAPI呼び出し: {"token":"fg12345@"}
[2025-05-30 17:04:48] [INFO] 部屋データ取得: 14件
[2025-05-30 17:04:48] [INFO] 部屋データAPI呼び出し: {"token":"fg12345@","usage":"1"}
[2025-05-30 17:04:48] [INFO] 部屋データ取得: 14件
[2025-05-30 17:04:48] [INFO] 利用状況データ取得: 15件
[2025-05-30 17:33:36] [INFO] 部屋データAPI呼び出し: {"token":"fg12345@"}
[2025-05-30 17:33:36] [INFO] 部屋データ取得: 14件
[2025-05-30 17:33:36] [INFO] 部屋データAPI呼び出し: {"token":"fg12345@","usage":"1"}
[2025-05-30 17:33:36] [INFO] 部屋データ取得: 14件
[2025-05-30 17:33:36] [INFO] 利用状況データ取得: 14件
[2025-05-30 17:33:38] [INFO] 部屋データAPI呼び出し: {"token":"fg12345@"}
[2025-05-30 17:33:38] [INFO] 部屋データ取得: 14件
[2025-05-30 17:33:38] [INFO] 部屋データAPI呼び出し: {"token":"fg12345@","usage":"1"}
[2025-05-30 17:33:38] [INFO] 部屋データ取得: 14件
[2025-05-30 17:33:38] [INFO] 利用状況データ取得: 14件
[2025-05-30 18:09:20] [INFO] 部屋データAPI呼び出し: {"token":"fg12345@"}
[2025-05-30 18:09:20] [INFO] 部屋データ取得: 14件
[2025-05-30 18:09:20] [INFO] 部屋データAPI呼び出し: {"token":"fg12345@","usage":"1"}
[2025-05-30 18:09:20] [INFO] 部屋データ取得: 14件
[2025-05-30 18:09:20] [INFO] 利用状況データ取得: 14件
[2025-05-30 18:14:38] [INFO] 部屋データAPI呼び出し: {"token":"fg12345@","usage":"1"}
[2025-05-30 18:14:38] [INFO] 部屋データ取得: 14件
[2025-05-30 18:14:38] [INFO] 利用状況データ取得: 14件
[2025-05-30 18:14:38] [INFO] 部屋データAPI呼び出し: {"token":"fg12345@"}
[2025-05-30 18:14:38] [INFO] 部屋データ取得: 14件
[2025-05-30 18:15:42] [INFO] 部屋データAPI呼び出し: {"token":"fg12345@"}
[2025-05-30 18:15:42] [INFO] 部屋データ取得: 14件
[2025-05-30 18:15:42] [INFO] 部屋データAPI呼び出し: {"token":"fg12345@","usage":"1"}
[2025-05-30 18:15:42] [INFO] 部屋データ取得: 14件
[2025-05-30 18:15:42] [INFO] 利用状況データ取得: 14件
[2025-05-30 18:20:02] [INFO] 部屋データAPI呼び出し: {"token":"fg12345@","usage":"1"}
[2025-05-30 18:20:02] [INFO] 部屋データ取得: 14件
[2025-05-30 18:20:02] [INFO] 利用状況データ取得: 14件
[2025-05-30 18:20:02] [INFO] 部屋データAPI呼び出し: {"token":"fg12345@"}
[2025-05-30 18:20:02] [INFO] 部屋データ取得: 14件
[2025-05-30 18:36:23] [INFO] 部屋データAPI呼び出し: {"token":"fg12345@"}
[2025-05-30 18:36:23] [INFO] 部屋データ取得: 14件
[2025-05-30 18:37:19] [INFO] 部屋データAPI呼び出し: {"token":"fg12345@"}
[2025-05-30 18:37:19] [INFO] 部屋データ取得: 15件
[2025-05-30 22:45:21] [INFO] 部屋データAPI呼び出し: {"token":"fg12345@","usage":"1"}
[2025-05-30 22:45:21] [INFO] 部屋データ取得: 15件
[2025-05-30 22:45:21] [INFO] 利用状況データ取得: 15件
[2025-05-30 22:45:21] [INFO] 部屋データAPI呼び出し: {"token":"fg12345@"}
[2025-05-30 22:45:21] [INFO] 部屋データ取得: 15件
[2025-05-31 03:30:37] [INFO] 部屋データAPI呼び出し: {"token":"fg12345@"}
[2025-05-31 03:30:37] [INFO] 部屋データ取得: 15件
[2025-05-31 03:30:37] [INFO] 部屋データAPI呼び出し: {"token":"fg12345@","usage":"1"}
[2025-05-31 03:30:37] [INFO] 部屋データ取得: 15件
[2025-05-31 03:30:37] [INFO] 利用状況データ取得: 15件
[2025-05-31 09:00:05] [INFO] 部屋データAPI呼び出し: {"token":"fg12345@"}
[2025-05-31 09:00:05] [INFO] 部屋データ取得: 15件
[2025-05-31 09:00:05] [INFO] 部屋データAPI呼び出し: {"token":"fg12345@","usage":"1"}
[2025-05-31 09:00:05] [INFO] 部屋データ取得: 15件
[2025-05-31 09:00:05] [INFO] 利用状況データ取得: 15件
[2025-05-31 13:56:25] [INFO] 部屋データAPI呼び出し: {"token":"fg12345@","usage":"1"}
[2025-05-31 13:56:25] [INFO] 部屋データ取得: 15件
[2025-05-31 13:56:25] [INFO] 利用状況データ取得: 15件
[2025-05-31 13:56:25] [INFO] 部屋データAPI呼び出し: {"token":"fg12345@"}
[2025-05-31 13:56:25] [INFO] 部屋データ取得: 15件
[2025-05-31 14:52:24] [INFO] 部屋データAPI呼び出し: {"token":"fg12345@"}
[2025-05-31 14:52:24] [INFO] 部屋データ取得: 15件
[2025-05-31 14:52:24] [INFO] 部屋データAPI呼び出し: {"token":"fg12345@","usage":"1"}
[2025-05-31 14:52:24] [INFO] 部屋データ取得: 15件
[2025-05-31 14:52:24] [INFO] 利用状況データ取得: 15件
[2025-05-31 14:58:41] [INFO] 部屋データAPI呼び出し: {"token":"fg12345@"}
[2025-05-31 14:58:41] [INFO] 部屋データ取得: 15件
[2025-05-31 14:58:41] [INFO] 部屋データAPI呼び出し: {"token":"fg12345@","usage":"1"}
[2025-05-31 14:58:41] [INFO] 部屋データ取得: 15件
[2025-05-31 14:58:41] [INFO] 利用状況データ取得: 16件
[2025-05-31 15:01:53] [INFO] 部屋データAPI呼び出し: {"token":"fg12345@","usage":"1"}
[2025-05-31 15:01:53] [INFO] 部屋データ取得: 15件
[2025-05-31 15:01:53] [INFO] 利用状況データ取得: 16件
[2025-05-31 15:01:53] [INFO] 部屋データAPI呼び出し: {"token":"fg12345@"}
[2025-05-31 15:01:53] [INFO] 部屋データ取得: 15件
[2025-05-31 15:02:44] [INFO] 部屋データAPI呼び出し: {"token":"fg12345@"}
[2025-05-31 15:02:44] [INFO] 部屋データ取得: 15件
[2025-05-31 15:02:44] [INFO] 部屋データAPI呼び出し: {"token":"fg12345@","usage":"1"}
[2025-05-31 15:02:44] [INFO] 部屋データ取得: 15件
[2025-05-31 15:02:44] [INFO] 利用状況データ取得: 16件
[2025-05-31 15:12:52] [INFO] 部屋データAPI呼び出し: {"token":"fg12345@","usage":"1"}
[2025-05-31 15:12:52] [INFO] 部屋データ取得: 15件
[2025-05-31 15:12:52] [INFO] 利用状況データ取得: 16件
[2025-05-31 15:12:52] [INFO] 部屋データAPI呼び出し: {"token":"fg12345@"}
[2025-05-31 15:12:52] [INFO] 部屋データ取得: 15件
[2025-05-31 17:45:54] [INFO] 部屋データAPI呼び出し: {"token":"fg12345@"}
[2025-05-31 17:45:54] [INFO] 部屋データ取得: 15件
[2025-05-31 17:45:54] [INFO] 部屋データAPI呼び出し: {"token":"fg12345@","usage":"1"}
[2025-05-31 17:45:54] [INFO] 部屋データ取得: 15件
[2025-05-31 17:45:54] [INFO] 利用状況データ取得: 15件
[2025-05-31 17:51:11] [INFO] 部屋データAPI呼び出し: {"token":"fg12345@","usage":"1"}
[2025-05-31 17:51:11] [INFO] 部屋データ取得: 15件
[2025-05-31 17:51:11] [INFO] 利用状況データ取得: 15件
[2025-05-31 17:51:11] [INFO] 部屋データAPI呼び出し: {"token":"fg12345@"}
[2025-05-31 17:51:11] [INFO] 部屋データ取得: 15件
[2025-05-31 20:07:01] [INFO] 部屋データAPI呼び出し: {"token":"fg12345@","usage":"1"}
[2025-05-31 20:07:01] [INFO] 部屋データ取得: 15件
[2025-05-31 20:07:01] [INFO] 利用状況データ取得: 15件
[2025-05-31 20:07:01] [INFO] 部屋データAPI呼び出し: {"token":"fg12345@"}
[2025-05-31 20:07:01] [INFO] 部屋データ取得: 15件
[2025-05-31 20:10:23] [INFO] 部屋データAPI呼び出し: {"token":"fg12345@"}
[2025-05-31 20:10:23] [INFO] 部屋データ取得: 15件
[2025-05-31 20:10:23] [INFO] 部屋データAPI呼び出し: {"token":"fg12345@","usage":"1"}
[2025-05-31 20:10:23] [INFO] 部屋データ取得: 15件
[2025-05-31 20:10:23] [INFO] 利用状況データ取得: 15件
[2025-05-31 20:19:12] [INFO] 部屋データAPI呼び出し: {"token":"fg12345@"}
[2025-05-31 20:19:12] [INFO] 部屋データ取得: 15件
[2025-05-31 20:19:12] [INFO] 部屋データAPI呼び出し: {"token":"fg12345@","usage":"1"}
[2025-05-31 20:19:12] [INFO] 部屋データ取得: 15件
[2025-05-31 20:19:12] [INFO] 利用状況データ取得: 15件
[2025-05-31 20:19:16] [INFO] 部屋データAPI呼び出し: {"token":"fg12345@"}
[2025-05-31 20:19:16] [INFO] 部屋データ取得: 15件
[2025-05-31 20:42:25] [INFO] 部屋データAPI呼び出し: {"token":"fg12345@"}
[2025-05-31 20:42:25] [INFO] 部屋データ取得: 15件
[2025-05-31 20:42:25] [INFO] 部屋データAPI呼び出し: {"token":"fg12345@","usage":"1"}
[2025-05-31 20:42:25] [INFO] 部屋データ取得: 15件
[2025-05-31 20:42:25] [INFO] 利用状況データ取得: 15件
[2025-05-31 20:51:04] [INFO] 部屋データAPI呼び出し: {"token":"fg12345@"}
[2025-05-31 20:51:04] [INFO] 部屋データ取得: 15件
[2025-05-31 20:51:04] [INFO] 部屋データAPI呼び出し: {"token":"fg12345@","usage":"1"}
[2025-05-31 20:51:04] [INFO] 部屋データ取得: 15件
[2025-05-31 20:51:04] [INFO] 利用状況データ取得: 15件
[2025-06-01 07:37:57] [INFO] 部屋データAPI呼び出し: {"token":"fg12345@"}
[2025-06-01 07:37:57] [INFO] 部屋データ取得: 15件
[2025-06-01 07:37:57] [INFO] 部屋データAPI呼び出し: {"token":"fg12345@","usage":"1"}
[2025-06-01 07:37:57] [INFO] 部屋データ取得: 15件
[2025-06-01 07:37:57] [INFO] 利用状況データ取得: 15件
[2025-06-01 07:38:40] [INFO] 部屋データAPI呼び出し: {"token":"fg12345@","usage":"1"}
[2025-06-01 07:38:40] [INFO] 部屋データ取得: 15件
[2025-06-01 07:38:40] [INFO] 利用状況データ取得: 15件
[2025-06-01 07:38:40] [INFO] 部屋データAPI呼び出し: {"token":"fg12345@"}
[2025-06-01 07:38:40] [INFO] 部屋データ取得: 15件
[2025-06-01 08:16:35] [INFO] 部屋データAPI呼び出し: {"token":"fg12345@"}
[2025-06-01 08:16:35] [INFO] 部屋データ取得: 15件
[2025-06-01 08:16:35] [INFO] 部屋データAPI呼び出し: {"token":"fg12345@","usage":"1"}
[2025-06-01 08:16:35] [INFO] 部屋データ取得: 15件
[2025-06-01 08:16:35] [INFO] 利用状況データ取得: 15件
[2025-06-01 08:17:13] [INFO] 部屋データAPI呼び出し: {"token":"fg12345@","usage":"1"}
[2025-06-01 08:17:13] [INFO] 部屋データ取得: 15件
[2025-06-01 08:17:13] [INFO] 利用状況データ取得: 15件
[2025-06-01 08:17:13] [INFO] 部屋データAPI呼び出し: {"token":"fg12345@"}
[2025-06-01 08:17:13] [INFO] 部屋データ取得: 15件
[2025-06-01 08:26:51] [INFO] 部屋データAPI呼び出し: {"token":"fg12345@"}
[2025-06-01 08:26:51] [INFO] 部屋データ取得: 15件
[2025-06-01 08:26:51] [INFO] 部屋データAPI呼び出し: {"token":"fg12345@","usage":"1"}
[2025-06-01 08:26:51] [INFO] 部屋データ取得: 15件
[2025-06-01 08:26:51] [INFO] 利用状況データ取得: 15件
[2025-06-01 08:27:06] [INFO] 部屋データAPI呼び出し: {"token":"fg12345@","usage":"1"}
[2025-06-01 08:27:06] [INFO] 部屋データ取得: 15件
[2025-06-01 08:27:06] [INFO] 利用状況データ取得: 15件
[2025-06-01 08:27:06] [INFO] 部屋データAPI呼び出し: {"token":"fg12345@"}
[2025-06-01 08:27:06] [INFO] 部屋データ取得: 15件
[2025-06-01 08:41:27] [INFO] 部屋データAPI呼び出し: {"token":"fg12345@","usage":"1"}
[2025-06-01 08:41:27] [INFO] 部屋データ取得: 15件
[2025-06-01 08:41:27] [INFO] 利用状況データ取得: 15件
[2025-06-01 08:41:27] [INFO] 部屋データAPI呼び出し: {"token":"fg12345@"}
[2025-06-01 08:41:27] [INFO] 部屋データ取得: 15件
[2025-06-01 09:35:17] [INFO] 部屋データAPI呼び出し: {"token":"fg12345@"}
[2025-06-01 09:35:17] [INFO] 部屋データ取得: 15件
[2025-06-01 09:35:17] [INFO] 部屋データAPI呼び出し: {"token":"fg12345@","usage":"1"}
[2025-06-01 09:35:17] [INFO] 部屋データ取得: 15件
[2025-06-01 09:35:17] [INFO] 利用状況データ取得: 15件
[2025-06-01 09:35:32] [INFO] 部屋データAPI呼び出し: {"token":"fg12345@"}
[2025-06-01 09:35:32] [INFO] 部屋データ取得: 15件
[2025-06-01 09:35:32] [INFO] 部屋データAPI呼び出し: {"token":"fg12345@","usage":"1"}
[2025-06-01 09:35:32] [INFO] 部屋データ取得: 15件
[2025-06-01 09:35:32] [INFO] 利用状況データ取得: 15件
[2025-06-01 09:56:40] [INFO] 部屋データAPI呼び出し: {"token":"fg12345@"}
[2025-06-01 09:56:40] [INFO] 部屋データ取得: 15件
[2025-06-01 09:56:40] [INFO] 部屋データAPI呼び出し: {"token":"fg12345@","usage":"1"}
[2025-06-01 09:56:40] [INFO] 部屋データ取得: 15件
[2025-06-01 09:56:40] [INFO] 利用状況データ取得: 15件
[2025-06-01 10:11:34] [INFO] 部屋データAPI呼び出し: {"token":"fg12345@","usage":"1"}
[2025-06-01 10:11:34] [INFO] 部屋データ取得: 15件
[2025-06-01 10:11:34] [INFO] 利用状況データ取得: 15件
[2025-06-01 10:11:34] [INFO] 部屋データAPI呼び出し: {"token":"fg12345@"}
[2025-06-01 10:11:34] [INFO] 部屋データ取得: 15件
[2025-06-01 10:15:34] [INFO] 部屋データAPI呼び出し: {"token":"fg12345@"}
[2025-06-01 10:15:34] [INFO] 部屋データ取得: 15件
[2025-06-01 10:15:34] [INFO] 部屋データAPI呼び出し: {"token":"fg12345@","usage":"1"}
[2025-06-01 10:15:34] [INFO] 部屋データ取得: 15件
[2025-06-01 10:15:34] [INFO] 利用状況データ取得: 15件
[2025-06-01 10:17:06] [INFO] 部屋データAPI呼び出し: {"token":"fg12345@"}
[2025-06-01 10:17:06] [INFO] 部屋データ取得: 15件
[2025-06-01 10:17:06] [INFO] 部屋データAPI呼び出し: {"token":"fg12345@","usage":"1"}
[2025-06-01 10:17:06] [INFO] 部屋データ取得: 15件
[2025-06-01 10:17:06] [INFO] 利用状況データ取得: 15件
[2025-06-01 10:21:02] [INFO] 部屋データAPI呼び出し: {"token":"fg12345@"}
[2025-06-01 10:21:02] [INFO] 部屋データ取得: 15件
[2025-06-01 10:21:02] [INFO] 部屋データAPI呼び出し: {"token":"fg12345@","usage":"1"}
[2025-06-01 10:21:02] [INFO] 部屋データ取得: 15件
[2025-06-01 10:21:02] [INFO] 利用状況データ取得: 15件
[2025-06-01 10:57:21] [INFO] 部屋データAPI呼び出し: {"token":"fg12345@"}
[2025-06-01 10:57:21] [INFO] 部屋データ取得: 15件
[2025-06-01 10:57:21] [INFO] 部屋データAPI呼び出し: {"token":"fg12345@","usage":"1"}
[2025-06-01 10:57:21] [INFO] 部屋データ取得: 15件
[2025-06-01 10:57:21] [INFO] 利用状況データ取得: 15件
[2025-06-01 11:13:58] [INFO] 部屋データAPI呼び出し: {"token":"fg12345@"}
[2025-06-01 11:13:58] [INFO] 部屋データ取得: 15件
[2025-06-01 11:13:58] [INFO] 部屋データAPI呼び出し: {"token":"fg12345@","usage":"1"}
[2025-06-01 11:13:58] [INFO] 部屋データ取得: 15件
[2025-06-01 11:13:58] [INFO] 利用状況データ取得: 15件
[2025-06-01 11:28:49] [INFO] 部屋データAPI呼び出し: {"token":"fg12345@"}
[2025-06-01 11:28:49] [INFO] 部屋データ取得: 15件
[2025-06-01 11:28:49] [INFO] 部屋データAPI呼び出し: {"token":"fg12345@","usage":"1"}
[2025-06-01 11:28:49] [INFO] 部屋データ取得: 15件
[2025-06-01 11:28:49] [INFO] 利用状況データ取得: 15件
[2025-06-01 12:45:57] [INFO] 部屋データAPI呼び出し: {"token":"fg12345@"}
[2025-06-01 12:45:57] [INFO] 部屋データ取得: 15件
[2025-06-01 12:45:57] [INFO] 部屋データAPI呼び出し: {"token":"fg12345@","usage":"1"}
[2025-06-01 12:45:57] [INFO] 部屋データ取得: 15件
[2025-06-01 12:45:57] [INFO] 利用状況データ取得: 15件
[2025-06-05 10:49:03] [INFO] 部屋データAPI呼び出し: {"token":"fg12345@"}
[2025-06-05 10:49:03] [INFO] 部屋データ取得: 15件
[2025-06-05 10:49:03] [INFO] 部屋データAPI呼び出し: {"token":"fg12345@","usage":"1"}
[2025-06-05 10:49:03] [INFO] 部屋データ取得: 15件
[2025-06-05 10:49:03] [INFO] 利用状況データ取得: 16件
[2025-06-06 12:13:27] [INFO] 部屋データAPI呼び出し: {"token":"fg12345@"}
[2025-06-06 12:13:27] [INFO] 部屋データ取得: 15件
[2025-06-06 12:13:27] [INFO] 部屋データAPI呼び出し: {"token":"fg12345@","usage":"1"}
[2025-06-06 12:13:27] [INFO] 部屋データ取得: 15件
[2025-06-06 12:13:27] [INFO] 利用状況データ取得: 16件
[2025-06-06 12:19:18] [INFO] 部屋データAPI呼び出し: {"token":"fg12345@"}
[2025-06-06 12:19:18] [INFO] 部屋データ取得: 15件
[2025-06-06 12:19:18] [INFO] 部屋データAPI呼び出し: {"token":"fg12345@","usage":"1"}
[2025-06-06 12:19:18] [INFO] 部屋データ取得: 15件
[2025-06-06 12:19:18] [INFO] 利用状況データ取得: 16件
[2025-06-06 12:39:12] [INFO] 部屋データAPI呼び出し: {"token":"fg12345@"}
[2025-06-06 12:39:12] [INFO] 部屋データ取得: 15件
[2025-06-06 12:39:12] [INFO] 部屋データAPI呼び出し: {"token":"fg12345@","usage":"1"}
[2025-06-06 12:39:12] [INFO] 部屋データ取得: 15件
[2025-06-06 12:39:12] [INFO] 利用状況データ取得: 16件
[2025-06-06 14:17:01] [INFO] 部屋データAPI呼び出し: {"token":"fg12345@"}
[2025-06-06 14:17:01] [INFO] 部屋データ取得: 15件
[2025-06-06 14:17:01] [INFO] 部屋データAPI呼び出し: {"token":"fg12345@","usage":"1"}
[2025-06-06 14:17:01] [INFO] 部屋データ取得: 15件
[2025-06-06 14:17:01] [INFO] 利用状況データ取得: 16件
[2025-06-06 14:20:13] [INFO] 部屋データAPI呼び出し: {"token":"fg12345@","usage":"1"}
[2025-06-06 14:20:13] [INFO] 部屋データ取得: 15件
[2025-06-06 14:20:13] [INFO] 利用状況データ取得: 16件
[2025-06-06 14:20:13] [INFO] 部屋データAPI呼び出し: {"token":"fg12345@"}
[2025-06-06 14:20:13] [INFO] 部屋データ取得: 15件
[2025-06-06 20:37:57] [INFO] 部屋データAPI呼び出し: {"token":"fg12345@"}
[2025-06-06 20:37:57] [INFO] 部屋データ取得: 15件
[2025-06-06 20:37:57] [INFO] 部屋データAPI呼び出し: {"token":"fg12345@","usage":"1"}
[2025-06-06 20:37:57] [INFO] 部屋データ取得: 15件
[2025-06-06 20:37:57] [INFO] 利用状況データ取得: 16件
[2025-06-06 20:38:07] [INFO] 部屋データAPI呼び出し: {"token":"fg12345@","usage":"1"}
[2025-06-06 20:38:07] [INFO] 部屋データ取得: 15件
[2025-06-06 20:38:07] [INFO] 利用状況データ取得: 16件
[2025-06-06 20:38:07] [INFO] 部屋データAPI呼び出し: {"token":"fg12345@"}
[2025-06-06 20:38:07] [INFO] 部屋データ取得: 15件
[2025-06-06 20:38:11] [INFO] 部屋データAPI呼び出し: {"token":"fg12345@"}
[2025-06-06 20:38:11] [INFO] 部屋データ取得: 15件
[2025-06-06 20:38:11] [INFO] 部屋データAPI呼び出し: {"token":"fg12345@","usage":"1"}
[2025-06-06 20:38:11] [INFO] 部屋データ取得: 15件
[2025-06-06 20:38:11] [INFO] 利用状況データ取得: 16件
[2025-06-06 21:00:32] [INFO] 部屋データAPI呼び出し: {"token":"fg12345@"}
[2025-06-06 21:00:32] [INFO] 部屋データ取得: 15件
[2025-06-06 21:00:32] [INFO] 部屋データAPI呼び出し: {"token":"fg12345@","usage":"1"}
[2025-06-06 21:00:32] [INFO] 部屋データ取得: 15件
[2025-06-06 21:00:32] [INFO] 利用状況データ取得: 16件
[2025-06-06 22:00:33] [INFO] 部屋データAPI呼び出し: {"token":"fg12345@"}
[2025-06-06 22:00:33] [INFO] 部屋データ取得: 15件
[2025-06-06 22:00:33] [INFO] 部屋データAPI呼び出し: {"token":"fg12345@","usage":"1"}
[2025-06-06 22:00:33] [INFO] 部屋データ取得: 15件
[2025-06-06 22:00:33] [INFO] 利用状況データ取得: 16件
[2025-06-06 23:55:57] [INFO] 部屋データAPI呼び出し: {"token":"fg12345@"}
[2025-06-06 23:55:57] [INFO] 部屋データ取得: 15件
[2025-06-06 23:55:57] [INFO] 部屋データAPI呼び出し: {"token":"fg12345@","usage":"1"}
[2025-06-06 23:55:57] [INFO] 部屋データ取得: 15件
[2025-06-06 23:55:57] [INFO] 利用状況データ取得: 16件
[2025-06-07 00:03:56] [INFO] 部屋データAPI呼び出し: {"token":"fg12345@"}
[2025-06-07 00:03:56] [INFO] 部屋データ取得: 15件
[2025-06-07 00:03:56] [INFO] 部屋データAPI呼び出し: {"token":"fg12345@","usage":"1"}
[2025-06-07 00:03:56] [INFO] 部屋データ取得: 15件
[2025-06-07 00:03:56] [INFO] 利用状況データ取得: 16件
[2025-06-07 10:21:56] [INFO] 部屋データAPI呼び出し: {"token":"fg12345@","usage":"1"}
[2025-06-07 10:21:56] [INFO] 部屋データ取得: 15件
[2025-06-07 10:21:56] [INFO] 利用状況データ取得: 18件
[2025-06-07 10:21:56] [INFO] 部屋データAPI呼び出し: {"token":"fg12345@"}
[2025-06-07 10:21:56] [INFO] 部屋データ取得: 15件
[2025-06-07 10:21:59] [INFO] 部屋データAPI呼び出し: {"token":"fg12345@"}
[2025-06-07 10:21:59] [INFO] 部屋データ取得: 15件
[2025-06-07 10:21:59] [INFO] 部屋データAPI呼び出し: {"token":"fg12345@","usage":"1"}
[2025-06-07 10:21:59] [INFO] 部屋データ取得: 15件
[2025-06-07 10:21:59] [INFO] 利用状況データ取得: 18件
[2025-06-07 11:13:45] [INFO] 部屋データAPI呼び出し: {"token":"fg12345@","usage":"1"}
[2025-06-07 11:13:45] [INFO] 部屋データ取得: 15件
[2025-06-07 11:13:45] [INFO] 利用状況データ取得: 18件
[2025-06-07 11:13:45] [INFO] 部屋データAPI呼び出し: {"token":"fg12345@"}
[2025-06-07 11:13:45] [INFO] 部屋データ取得: 15件
[2025-06-07 12:18:44] [INFO] 部屋データAPI呼び出し: {"token":"fg12345@","usage":"1"}
[2025-06-07 12:18:44] [INFO] 部屋データ取得: 15件
[2025-06-07 12:18:44] [INFO] 利用状況データ取得: 18件
[2025-06-07 12:18:44] [INFO] 部屋データAPI呼び出し: {"token":"fg12345@"}
[2025-06-07 12:18:44] [INFO] 部屋データ取得: 15件
[2025-06-07 13:16:34] [INFO] 部屋データAPI呼び出し: {"token":"fg12345@"}
[2025-06-07 13:16:34] [INFO] 部屋データ取得: 15件
[2025-06-07 13:16:34] [INFO] 部屋データAPI呼び出し: {"token":"fg12345@","usage":"1"}
[2025-06-07 13:16:34] [INFO] 部屋データ取得: 15件
[2025-06-07 13:16:34] [INFO] 利用状況データ取得: 18件
[2025-06-07 13:16:55] [INFO] 部屋データAPI呼び出し: {"token":"fg12345@"}
[2025-06-07 13:16:55] [INFO] 部屋データ取得: 15件
[2025-06-07 13:16:55] [INFO] 部屋データAPI呼び出し: {"token":"fg12345@","usage":"1"}
[2025-06-07 13:16:55] [INFO] 部屋データ取得: 15件
[2025-06-07 13:16:55] [INFO] 利用状況データ取得: 18件
[2025-06-07 13:40:20] [INFO] 部屋データAPI呼び出し: {"token":"fg12345@"}
[2025-06-07 13:40:20] [INFO] 部屋データ取得: 15件
[2025-06-07 13:40:20] [INFO] 部屋データAPI呼び出し: {"token":"fg12345@","usage":"1"}
[2025-06-07 13:40:20] [INFO] 部屋データ取得: 15件
[2025-06-07 13:40:20] [INFO] 利用状況データ取得: 18件
[2025-06-07 16:04:08] [INFO] 部屋データAPI呼び出し: {"token":"fg12345@"}
[2025-06-07 16:04:08] [INFO] 部屋データ取得: 15件
[2025-06-07 16:04:08] [INFO] 部屋データAPI呼び出し: {"token":"fg12345@","usage":"1"}
[2025-06-07 16:04:08] [INFO] 部屋データ取得: 15件
[2025-06-07 16:04:08] [INFO] 利用状況データ取得: 18件
[2025-06-07 18:51:36] [INFO] 部屋データAPI呼び出し: {"token":"fg12345@","usage":"1"}
[2025-06-07 18:51:36] [INFO] 部屋データ取得: 15件
[2025-06-07 18:51:36] [INFO] 利用状況データ取得: 19件
[2025-06-07 18:51:36] [INFO] 部屋データAPI呼び出し: {"token":"fg12345@"}
[2025-06-07 18:51:36] [INFO] 部屋データ取得: 15件
[2025-06-08 09:27:16] [INFO] 部屋データAPI呼び出し: {"token":"fg12345@"}
[2025-06-08 09:27:16] [INFO] 部屋データ取得: 15件
[2025-06-08 09:27:16] [INFO] 部屋データAPI呼び出し: {"token":"fg12345@","usage":"1"}
[2025-06-08 09:27:16] [INFO] 部屋データ取得: 15件
[2025-06-08 09:27:16] [INFO] 利用状況データ取得: 18件
[2025-06-10 21:28:54] [INFO] 部屋データAPI呼び出し: {"token":"fg12345@"}
[2025-06-10 21:28:54] [INFO] 部屋データ取得: 15件
[2025-06-10 21:28:54] [INFO] 部屋データAPI呼び出し: {"token":"fg12345@","usage":"1"}
[2025-06-10 21:28:54] [INFO] 部屋データ取得: 15件
[2025-06-10 21:28:54] [INFO] 利用状況データ取得: 18件
[2025-06-10 21:31:33] [INFO] 部屋データAPI呼び出し: {"token":"fg12345@"}
[2025-06-10 21:31:33] [INFO] 部屋データ取得: 15件
[2025-06-11 10:38:33] [INFO] 部屋データAPI呼び出し: {"token":"fg12345@","usage":"1"}
[2025-06-11 10:38:33] [INFO] 部屋データ取得: 15件
[2025-06-11 10:38:33] [INFO] 利用状況データ取得: 18件
[2025-06-11 10:38:33] [INFO] 部屋データAPI呼び出し: {"token":"fg12345@"}
[2025-06-11 10:38:33] [INFO] 部屋データ取得: 15件
[2025-06-11 13:57:27] [INFO] 部屋データAPI呼び出し: {"token":"fg12345@"}
[2025-06-11 13:57:27] [INFO] 部屋データ取得: 15件
[2025-06-11 13:57:27] [INFO] 部屋データAPI呼び出し: {"token":"fg12345@","usage":"1"}
[2025-06-11 13:57:27] [INFO] 部屋データ取得: 15件
[2025-06-11 13:57:27] [INFO] 利用状況データ取得: 18件
[2025-06-12 14:40:22] [INFO] 部屋データAPI呼び出し: {"token":"fg12345@","usage":"1"}
[2025-06-12 14:40:22] [INFO] 部屋データ取得: 15件
[2025-06-12 14:40:22] [INFO] 利用状況データ取得: 18件
[2025-06-12 14:40:22] [INFO] 部屋データAPI呼び出し: {"token":"fg12345@"}
[2025-06-12 14:40:22] [INFO] 部屋データ取得: 15件
[2025-06-13 10:40:43] [INFO] 部屋データAPI呼び出し: {"token":"fg12345@"}
[2025-06-13 10:40:43] [INFO] 部屋データ取得: 15件
[2025-06-13 10:40:43] [INFO] 部屋データAPI呼び出し: {"token":"fg12345@","usage":"1"}
[2025-06-13 10:40:43] [INFO] 部屋データ取得: 15件
[2025-06-13 10:40:43] [INFO] 利用状況データ取得: 18件
[2025-06-13 10:41:15] [INFO] 部屋データAPI呼び出し: {"token":"fg12345@"}
[2025-06-13 10:41:15] [INFO] 部屋データ取得: 15件
[2025-06-13 10:41:15] [INFO] 部屋データAPI呼び出し: {"token":"fg12345@","usage":"1"}
[2025-06-13 10:41:15] [INFO] 部屋データ取得: 15件
[2025-06-13 10:41:15] [INFO] 利用状況データ取得: 18件
[2025-06-15 10:45:56] [INFO] 部屋データAPI呼び出し: {"token":"fg12345@","usage":"1"}
[2025-06-15 10:45:56] [INFO] 部屋データ取得: 15件
[2025-06-15 10:45:56] [INFO] 利用状況データ取得: 18件
[2025-06-15 10:45:56] [INFO] 部屋データAPI呼び出し: {"token":"fg12345@"}
[2025-06-15 10:45:56] [INFO] 部屋データ取得: 15件
[2025-06-15 16:22:51] [INFO] 部屋データAPI呼び出し: {"token":"fg12345@"}
[2025-06-15 16:22:51] [INFO] 部屋データ取得: 15件
[2025-06-15 16:22:51] [INFO] 部屋データAPI呼び出し: {"token":"fg12345@","usage":"1"}
[2025-06-15 16:22:51] [INFO] 部屋データ取得: 15件
[2025-06-15 16:22:51] [INFO] 利用状況データ取得: 17件
[2025-06-15 16:23:56] [INFO] 部屋データAPI呼び出し: {"token":"fg12345@"}
[2025-06-15 16:23:56] [INFO] 部屋データ取得: 15件
[2025-06-15 16:23:56] [INFO] 部屋データAPI呼び出し: {"token":"fg12345@","usage":"1"}
[2025-06-15 16:23:56] [INFO] 部屋データ取得: 15件
[2025-06-15 16:23:56] [INFO] 利用状況データ取得: 17件
[2025-06-15 16:33:16] [INFO] 部屋データAPI呼び出し: {"token":"fg12345@","usage":"1"}
[2025-06-15 16:33:16] [INFO] 部屋データ取得: 15件
[2025-06-15 16:33:16] [INFO] 利用状況データ取得: 18件
[2025-06-15 16:33:16] [INFO] 部屋データAPI呼び出し: {"token":"fg12345@"}
[2025-06-15 16:33:16] [INFO] 部屋データ取得: 15件
[2025-06-15 16:36:47] [INFO] 部屋データAPI呼び出し: {"token":"fg12345@"}
[2025-06-15 16:36:47] [INFO] 部屋データ取得: 15件
[2025-06-15 16:36:47] [INFO] 部屋データAPI呼び出し: {"token":"fg12345@","usage":"1"}
[2025-06-15 16:36:47] [INFO] 部屋データ取得: 15件
[2025-06-15 16:36:47] [INFO] 利用状況データ取得: 18件
[2025-06-15 16:39:11] [INFO] 部屋データAPI呼び出し: {"token":"fg12345@","usage":"1"}
[2025-06-15 16:39:11] [INFO] 部屋データ取得: 15件
[2025-06-15 16:39:11] [INFO] 利用状況データ取得: 18件
[2025-06-15 16:39:11] [INFO] 部屋データAPI呼び出し: {"token":"fg12345@"}
[2025-06-15 16:39:11] [INFO] 部屋データ取得: 15件
[2025-06-15 16:42:07] [INFO] 部屋データAPI呼び出し: {"token":"fg12345@","usage":"1"}
[2025-06-15 16:42:07] [INFO] 部屋データ取得: 15件
[2025-06-15 16:42:07] [INFO] 利用状況データ取得: 18件
[2025-06-15 16:42:07] [INFO] 部屋データAPI呼び出し: {"token":"fg12345@"}
[2025-06-15 16:42:07] [INFO] 部屋データ取得: 15件
[2025-06-15 16:42:21] [INFO] 部屋データAPI呼び出し: {"token":"fg12345@"}
[2025-06-15 16:42:21] [INFO] 部屋データ取得: 15件
[2025-06-15 16:42:21] [INFO] 部屋データAPI呼び出し: {"token":"fg12345@","usage":"1"}
[2025-06-15 16:42:21] [INFO] 部屋データ取得: 15件
[2025-06-15 16:42:21] [INFO] 利用状況データ取得: 18件
[2025-06-15 17:03:46] [INFO] 部屋データAPI呼び出し: {"token":"fg12345@"}
[2025-06-15 17:03:46] [INFO] 部屋データ取得: 15件
[2025-06-15 17:03:46] [INFO] 部屋データAPI呼び出し: {"token":"fg12345@","usage":"1"}
[2025-06-15 17:03:46] [INFO] 部屋データ取得: 15件
[2025-06-15 17:03:46] [INFO] 利用状況データ取得: 19件
[2025-06-15 17:03:49] [INFO] 部屋データAPI呼び出し: {"token":"fg12345@","usage":"1"}
[2025-06-15 17:03:49] [INFO] 部屋データ取得: 15件
[2025-06-15 17:03:49] [INFO] 利用状況データ取得: 19件
[2025-06-15 17:03:49] [INFO] 部屋データAPI呼び出し: {"token":"fg12345@"}
[2025-06-15 17:03:49] [INFO] 部屋データ取得: 15件
[2025-06-15 17:05:53] [INFO] 部屋データAPI呼び出し: {"token":"fg12345@"}
[2025-06-15 17:05:53] [INFO] 部屋データ取得: 15件
[2025-06-15 17:05:53] [INFO] 部屋データAPI呼び出し: {"token":"fg12345@","usage":"1"}
[2025-06-15 17:05:53] [INFO] 部屋データ取得: 15件
[2025-06-15 17:05:53] [INFO] 利用状況データ取得: 19件
[2025-06-15 18:02:19] [INFO] 部屋データAPI呼び出し: {"token":"fg12345@"}
[2025-06-15 18:02:19] [INFO] 部屋データ取得: 15件
[2025-06-15 18:02:19] [INFO] 部屋データAPI呼び出し: {"token":"fg12345@","usage":"1"}
[2025-06-15 18:02:19] [INFO] 部屋データ取得: 15件
[2025-06-15 18:02:19] [INFO] 利用状況データ取得: 19件
[2025-06-15 20:57:44] [INFO] 部屋データAPI呼び出し: {"token":"fg12345@"}
[2025-06-15 20:57:44] [INFO] 部屋データ取得: 15件
[2025-06-15 20:57:44] [INFO] 部屋データAPI呼び出し: {"token":"fg12345@","usage":"1"}
[2025-06-15 20:57:44] [INFO] 部屋データ取得: 15件
[2025-06-15 20:57:44] [INFO] 利用状況データ取得: 18件
[2025-06-15 20:58:28] [INFO] 部屋データAPI呼び出し: {"token":"fg12345@"}
[2025-06-15 20:58:28] [INFO] 部屋データ取得: 15件
[2025-06-15 20:58:28] [INFO] 部屋データAPI呼び出し: {"token":"fg12345@","usage":"1"}
[2025-06-15 20:58:28] [INFO] 部屋データ取得: 15件
[2025-06-15 20:58:28] [INFO] 利用状況データ取得: 18件
[2025-06-15 20:59:50] [INFO] 部屋データAPI呼び出し: {"token":"fg12345@"}
[2025-06-15 20:59:50] [INFO] 部屋データ取得: 15件
[2025-06-15 20:59:50] [INFO] 部屋データAPI呼び出し: {"token":"fg12345@","usage":"1"}
[2025-06-15 20:59:50] [INFO] 部屋データ取得: 15件
[2025-06-15 20:59:50] [INFO] 利用状況データ取得: 18件
[2025-06-18 12:49:10] [INFO] 部屋データAPI呼び出し: {"token":"fg12345@"}
[2025-06-18 12:49:10] [INFO] 部屋データ取得: 15件
[2025-06-18 12:49:10] [INFO] 部屋データAPI呼び出し: {"token":"fg12345@","usage":"1"}
[2025-06-18 12:49:10] [INFO] 部屋データ取得: 15件
[2025-06-18 12:49:10] [INFO] 利用状況データ取得: 18件
[2025-06-18 12:53:27] [INFO] 部屋データAPI呼び出し: {"token":"fg12345@"}
[2025-06-18 12:53:27] [INFO] 部屋データ取得: 15件
[2025-06-18 12:53:27] [INFO] 部屋データAPI呼び出し: {"token":"fg12345@","usage":"1"}
[2025-06-18 12:53:27] [INFO] 部屋データ取得: 15件
[2025-06-18 12:53:27] [INFO] 利用状況データ取得: 18件
[2025-06-18 14:50:06] [INFO] 部屋データAPI呼び出し: {"token":"fg12345@","usage":"1"}
[2025-06-18 14:50:06] [INFO] 部屋データ取得: 15件
[2025-06-18 14:50:06] [INFO] 利用状況データ取得: 18件
[2025-06-18 14:50:06] [INFO] 部屋データAPI呼び出し: {"token":"fg12345@"}
[2025-06-18 14:50:06] [INFO] 部屋データ取得: 15件
[2025-06-18 16:11:37] [INFO] 部屋データAPI呼び出し: {"token":"fg12345@"}
[2025-06-18 16:11:37] [INFO] 部屋データ取得: 15件
[2025-06-18 16:11:37] [INFO] 部屋データAPI呼び出し: {"token":"fg12345@","usage":"1"}
[2025-06-18 16:11:37] [INFO] 部屋データ取得: 15件
[2025-06-18 16:11:37] [INFO] 利用状況データ取得: 19件
[2025-06-18 16:36:14] [INFO] 部屋データAPI呼び出し: {"token":"fg12345@"}
[2025-06-18 16:36:14] [INFO] 部屋データ取得: 15件
[2025-06-18 16:36:14] [INFO] 部屋データAPI呼び出し: {"token":"fg12345@","usage":"1"}
[2025-06-18 16:36:14] [INFO] 部屋データ取得: 15件
[2025-06-18 16:36:14] [INFO] 利用状況データ取得: 20件
[2025-06-27 10:39:16] [INFO] 部屋データAPI呼び出し: {"token":"fg12345@"}
[2025-06-27 10:39:16] [INFO] 部屋データ取得: 15件
[2025-06-27 10:39:16] [INFO] 部屋データAPI呼び出し: {"token":"fg12345@","usage":"1"}
[2025-06-27 10:39:16] [INFO] 部屋データ取得: 15件
[2025-06-27 10:39:16] [INFO] 利用状況データ取得: 20件
[2025-06-27 19:26:12] [INFO] 部屋データAPI呼び出し: {"token":"fg12345@","usage":"1"}
[2025-06-27 19:26:12] [INFO] 部屋データ取得: 15件
[2025-06-27 19:26:12] [INFO] 利用状況データ取得: 20件
[2025-06-27 19:26:12] [INFO] 部屋データAPI呼び出し: {"token":"fg12345@"}
[2025-06-27 19:26:12] [INFO] 部屋データ取得: 15件
[2025-06-27 19:26:48] [INFO] 部屋データAPI呼び出し: {"token":"fg12345@"}
[2025-06-27 19:26:48] [INFO] 部屋データ取得: 15件
[2025-06-27 19:26:48] [INFO] 部屋データAPI呼び出し: {"token":"fg12345@","usage":"1"}
[2025-06-27 19:26:48] [INFO] 部屋データ取得: 15件
[2025-06-27 19:26:48] [INFO] 利用状況データ取得: 20件
[2025-06-27 19:26:50] [INFO] 部屋データAPI呼び出し: {"token":"fg12345@"}
[2025-06-27 19:26:50] [INFO] 部屋データ取得: 15件
[2025-06-27 19:26:50] [INFO] 部屋データAPI呼び出し: {"token":"fg12345@","usage":"1"}
[2025-06-27 19:26:50] [INFO] 部屋データ取得: 15件
[2025-06-27 19:26:50] [INFO] 利用状況データ取得: 20件
[2025-06-27 19:27:50] [INFO] 部屋データAPI呼び出し: {"token":"fg12345@"}
[2025-06-27 19:27:50] [INFO] 部屋データ取得: 15件
[2025-06-27 19:27:50] [INFO] 部屋データAPI呼び出し: {"token":"fg12345@","usage":"1"}
[2025-06-27 19:27:50] [INFO] 部屋データ取得: 15件
[2025-06-27 19:27:50] [INFO] 利用状況データ取得: 20件
[2025-06-27 19:28:52] [INFO] 部屋データAPI呼び出し: {"token":"fg12345@"}
[2025-06-27 19:28:52] [INFO] 部屋データ取得: 15件
[2025-06-27 19:28:52] [INFO] 部屋データAPI呼び出し: {"token":"fg12345@","usage":"1"}
[2025-06-27 19:28:52] [INFO] 部屋データ取得: 15件
[2025-06-27 19:28:52] [INFO] 利用状況データ取得: 20件
[2025-06-27 19:28:58] [INFO] 部屋データAPI呼び出し: {"token":"fg12345@","usage":"1"}
[2025-06-27 19:28:58] [INFO] 部屋データ取得: 15件
[2025-06-27 19:28:58] [INFO] 利用状況データ取得: 20件
[2025-06-27 19:28:58] [INFO] 部屋データAPI呼び出し: {"token":"fg12345@"}
[2025-06-27 19:28:58] [INFO] 部屋データ取得: 15件
[2025-06-27 23:59:49] [INFO] 部屋データAPI呼び出し: {"token":"fg12345@"}
[2025-06-27 23:59:49] [INFO] 部屋データ取得: 15件
[2025-06-27 23:59:49] [INFO] 部屋データAPI呼び出し: {"token":"fg12345@","usage":"1"}
[2025-06-27 23:59:49] [INFO] 部屋データ取得: 15件
[2025-06-27 23:59:49] [INFO] 利用状況データ取得: 20件
[2025-06-28 00:00:36] [INFO] 部屋データAPI呼び出し: {"token":"fg12345@"}
[2025-06-28 00:00:36] [INFO] 部屋データ取得: 15件
[2025-06-28 00:00:36] [INFO] 部屋データAPI呼び出し: {"token":"fg12345@","usage":"1"}
[2025-06-28 00:00:36] [INFO] 部屋データ取得: 15件
[2025-06-28 00:00:36] [INFO] 利用状況データ取得: 20件
[2025-06-28 09:32:55] [INFO] 部屋データAPI呼び出し: {"token":"fg12345@"}
[2025-06-28 09:32:55] [INFO] 部屋データ取得: 15件
[2025-06-28 09:32:55] [INFO] 部屋データAPI呼び出し: {"token":"fg12345@","usage":"1"}
[2025-06-28 09:32:55] [INFO] 部屋データ取得: 15件
[2025-06-28 09:32:55] [INFO] 利用状況データ取得: 20件
[2025-06-28 15:09:21] [INFO] 部屋データAPI呼び出し: {"token":"fg12345@"}
[2025-06-28 15:09:21] [INFO] 部屋データ取得: 15件
[2025-06-28 15:09:21] [INFO] 部屋データAPI呼び出し: {"token":"fg12345@","usage":"1"}
[2025-06-28 15:09:21] [INFO] 部屋データ取得: 15件
[2025-06-28 15:09:21] [INFO] 利用状況データ取得: 20件
[2025-06-28 17:10:55] [INFO] 部屋データAPI呼び出し: {"token":"fg12345@"}
[2025-06-28 17:10:55] [INFO] 部屋データ取得: 15件
[2025-06-28 17:10:55] [INFO] 部屋データAPI呼び出し: {"token":"fg12345@","usage":"1"}
[2025-06-28 17:10:55] [INFO] 部屋データ取得: 15件
[2025-06-28 17:10:55] [INFO] 利用状況データ取得: 21件
[2025-06-28 17:15:26] [INFO] 部屋データAPI呼び出し: {"token":"fg12345@"}
[2025-06-28 17:15:26] [INFO] 部屋データ取得: 15件
[2025-06-28 17:15:26] [INFO] 部屋データAPI呼び出し: {"token":"fg12345@","usage":"1"}
[2025-06-28 17:15:26] [INFO] 部屋データ取得: 15件
[2025-06-28 17:15:26] [INFO] 利用状況データ取得: 22件
[2025-06-28 17:22:48] [INFO] 部屋データAPI呼び出し: {"token":"fg12345@","usage":"1"}
[2025-06-28 17:22:48] [INFO] 部屋データ取得: 15件
[2025-06-28 17:22:48] [INFO] 利用状況データ取得: 22件
[2025-06-28 17:22:48] [INFO] 部屋データAPI呼び出し: {"token":"fg12345@"}
[2025-06-28 17:22:48] [INFO] 部屋データ取得: 15件
[2025-06-28 17:44:10] [INFO] 部屋データAPI呼び出し: {"token":"fg12345@"}
[2025-06-28 17:44:10] [INFO] 部屋データ取得: 15件
[2025-06-28 17:44:10] [INFO] 部屋データAPI呼び出し: {"token":"fg12345@","usage":"1"}
[2025-06-28 17:44:10] [INFO] 部屋データ取得: 15件
[2025-06-28 17:44:10] [INFO] 利用状況データ取得: 23件
[2025-06-28 17:44:10] [INFO] 部屋データAPI呼び出し: {"token":"fg12345@","usage":"1"}
[2025-06-28 17:44:10] [INFO] 部屋データ取得: 15件
[2025-06-28 17:44:10] [INFO] 利用状況データ取得: 23件
[2025-06-28 17:44:10] [INFO] 部屋データAPI呼び出し: {"token":"fg12345@"}
[2025-06-28 17:44:10] [INFO] 部屋データ取得: 15件
[2025-06-28 17:46:50] [INFO] 部屋データAPI呼び出し: {"token":"fg12345@"}
[2025-06-28 17:46:50] [INFO] 部屋データ取得: 15件
[2025-06-28 17:46:50] [INFO] 部屋データAPI呼び出し: {"token":"fg12345@","usage":"1"}
[2025-06-28 17:46:50] [INFO] 部屋データ取得: 15件
[2025-06-28 17:46:50] [INFO] 利用状況データ取得: 23件
[2025-06-28 17:53:23] [INFO] 部屋データAPI呼び出し: {"token":"fg12345@"}
[2025-06-28 17:53:23] [INFO] 部屋データ取得: 15件
[2025-06-28 17:53:23] [INFO] 部屋データAPI呼び出し: {"token":"fg12345@","usage":"1"}
[2025-06-28 17:53:23] [INFO] 部屋データ取得: 15件
[2025-06-28 17:53:23] [INFO] 利用状況データ取得: 23件
[2025-06-28 18:01:39] [INFO] 部屋データAPI呼び出し: {"token":"fg12345@"}
[2025-06-28 18:01:39] [INFO] 部屋データ取得: 15件
[2025-06-28 18:01:39] [INFO] 部屋データAPI呼び出し: {"token":"fg12345@","usage":"1"}
[2025-06-28 18:01:39] [INFO] 部屋データ取得: 15件
[2025-06-28 18:01:39] [INFO] 利用状況データ取得: 23件
[2025-06-28 23:26:45] [INFO] 部屋データAPI呼び出し: {"token":"fg12345@"}
[2025-06-28 23:26:45] [INFO] 部屋データ取得: 15件
[2025-06-28 23:26:45] [INFO] 部屋データAPI呼び出し: {"token":"fg12345@","usage":"1"}
[2025-06-28 23:26:45] [INFO] 部屋データ取得: 15件
[2025-06-28 23:26:45] [INFO] 利用状況データ取得: 23件
[2025-07-03 13:29:22] [INFO] 部屋データAPI呼び出し: {"token":"fg12345@"}
[2025-07-03 13:29:22] [INFO] 部屋データ取得: 15件
[2025-07-03 13:29:22] [INFO] 部屋データAPI呼び出し: {"token":"fg12345@","usage":"1"}
[2025-07-03 13:29:22] [INFO] 部屋データ取得: 15件
[2025-07-03 13:29:22] [INFO] 利用状況データ取得: 23件
[2025-07-04 13:33:45] [INFO] 部屋データAPI呼び出し: {"token":"fg12345@","usage":"1"}
[2025-07-04 13:33:45] [INFO] 部屋データ取得: 15件
[2025-07-04 13:33:45] [INFO] 利用状況データ取得: 23件
[2025-07-04 13:33:45] [INFO] 部屋データAPI呼び出し: {"token":"fg12345@"}
[2025-07-04 13:33:45] [INFO] 部屋データ取得: 15件
[2025-07-04 13:34:02] [INFO] 部屋データAPI呼び出し: {"token":"fg12345@"}
[2025-07-04 13:34:02] [INFO] 部屋データ取得: 15件
[2025-07-04 13:34:02] [INFO] 部屋データAPI呼び出し: {"token":"fg12345@","usage":"1"}
[2025-07-04 13:34:02] [INFO] 部屋データ取得: 15件
[2025-07-04 13:34:02] [INFO] 利用状況データ取得: 23件
[2025-07-04 19:04:51] [INFO] 部屋データAPI呼び出し: {"token":"fg12345@"}
[2025-07-04 19:04:51] [INFO] 部屋データ取得: 15件
[2025-07-04 19:04:51] [INFO] 部屋データAPI呼び出し: {"token":"fg12345@","usage":"1"}
[2025-07-04 19:04:51] [INFO] 部屋データ取得: 15件
[2025-07-04 19:04:51] [INFO] 利用状況データ取得: 23件
[2025-07-06 14:45:43] [INFO] 部屋データAPI呼び出し: {"token":"fg12345@","usage":"1"}
[2025-07-06 14:45:43] [INFO] 部屋データ取得: 15件
[2025-07-06 14:45:43] [INFO] 利用状況データ取得: 24件
[2025-07-06 14:45:43] [INFO] 部屋データAPI呼び出し: {"token":"fg12345@"}
[2025-07-06 14:45:43] [INFO] 部屋データ取得: 15件
[2025-07-06 18:32:21] [INFO] 部屋データAPI呼び出し: {"token":"fg12345@","usage":"1"}
[2025-07-06 18:32:21] [INFO] 部屋データ取得: 15件
[2025-07-06 18:32:21] [INFO] 利用状況データ取得: 24件
[2025-07-06 18:32:21] [INFO] 部屋データAPI呼び出し: {"token":"fg12345@"}
[2025-07-06 18:32:21] [INFO] 部屋データ取得: 15件
[2025-07-07 09:14:46] [INFO] 部屋データAPI呼び出し: {"token":"fg12345@"}
[2025-07-07 09:14:46] [INFO] 部屋データ取得: 15件
[2025-07-07 09:14:46] [INFO] 部屋データAPI呼び出し: {"token":"fg12345@","usage":"1"}
[2025-07-07 09:14:46] [INFO] 部屋データ取得: 15件
[2025-07-07 09:14:46] [INFO] 利用状況データ取得: 24件
[2025-07-07 22:01:41] [INFO] 部屋データAPI呼び出し: {"token":"fg12345@"}
[2025-07-07 22:01:41] [INFO] 部屋データ取得: 15件
[2025-07-07 22:01:41] [INFO] 部屋データAPI呼び出し: {"token":"fg12345@","usage":"1"}
[2025-07-07 22:01:41] [INFO] 部屋データ取得: 15件
[2025-07-07 22:01:41] [INFO] 利用状況データ取得: 25件
[2025-07-07 22:03:16] [INFO] 部屋データAPI呼び出し: {"token":"fg12345@","usage":"1"}
[2025-07-07 22:03:16] [INFO] 部屋データ取得: 15件
[2025-07-07 22:03:16] [INFO] 利用状況データ取得: 25件
[2025-07-07 22:03:16] [INFO] 部屋データAPI呼び出し: {"token":"fg12345@"}
[2025-07-07 22:03:16] [INFO] 部屋データ取得: 15件
[2025-07-09 01:31:56] [INFO] 部屋データAPI呼び出し: {"token":"fg12345@","usage":"1"}
[2025-07-09 01:31:56] [INFO] 部屋データ取得: 15件
[2025-07-09 01:31:56] [INFO] 利用状況データ取得: 25件
[2025-07-09 01:31:56] [INFO] 部屋データAPI呼び出し: {"token":"fg12345@"}
[2025-07-09 01:31:56] [INFO] 部屋データ取得: 15件
[2025-07-12 13:45:28] [INFO] 部屋データAPI呼び出し: {"token":"fg12345@"}
[2025-07-12 13:45:28] [INFO] 部屋データ取得: 15件
[2025-07-12 13:45:28] [INFO] 部屋データAPI呼び出し: {"token":"fg12345@","usage":"1"}
[2025-07-12 13:45:28] [INFO] 部屋データ取得: 15件
[2025-07-12 13:45:28] [INFO] 利用状況データ取得: 25件
[2025-07-12 15:00:22] [INFO] 部屋データAPI呼び出し: {"token":"fg12345@"}
[2025-07-12 15:00:22] [INFO] 部屋データ取得: 15件
[2025-07-12 15:00:22] [INFO] 部屋データAPI呼び出し: {"token":"fg12345@","usage":"1"}
[2025-07-12 15:00:22] [INFO] 部屋データ取得: 15件
[2025-07-12 15:00:22] [INFO] 利用状況データ取得: 25件
[2025-07-12 15:02:38] [INFO] 部屋データAPI呼び出し: {"token":"fg12345@","usage":"1"}
[2025-07-12 15:02:38] [INFO] 部屋データ取得: 15件
[2025-07-12 15:02:38] [INFO] 利用状況データ取得: 25件
[2025-07-12 15:02:38] [INFO] 部屋データAPI呼び出し: {"token":"fg12345@"}
[2025-07-12 15:02:38] [INFO] 部屋データ取得: 15件
[2025-07-12 22:24:15] [INFO] 部屋データAPI呼び出し: {"token":"fg12345@"}
[2025-07-12 22:24:15] [INFO] 部屋データ取得: 15件
[2025-07-12 22:24:15] [INFO] 部屋データAPI呼び出し: {"token":"fg12345@","usage":"1"}
[2025-07-12 22:24:15] [INFO] 部屋データ取得: 15件
[2025-07-12 22:24:15] [INFO] 利用状況データ取得: 26件
[2025-07-12 22:27:46] [INFO] 部屋データAPI呼び出し: {"token":"fg12345@","usage":"1"}
[2025-07-12 22:27:46] [INFO] 部屋データ取得: 15件
[2025-07-12 22:27:46] [INFO] 利用状況データ取得: 26件
[2025-07-12 22:27:46] [INFO] 部屋データAPI呼び出し: {"token":"fg12345@"}
[2025-07-12 22:27:46] [INFO] 部屋データ取得: 15件
[2025-07-13 01:04:13] [INFO] 部屋データAPI呼び出し: {"token":"fg12345@"}
[2025-07-13 01:04:13] [INFO] 部屋データ取得: 15件
[2025-07-13 01:04:13] [INFO] 部屋データAPI呼び出し: {"token":"fg12345@","usage":"1"}
[2025-07-13 01:04:13] [INFO] 部屋データ取得: 15件
[2025-07-13 01:04:13] [INFO] 利用状況データ取得: 26件
[2025-07-13 02:12:40] [INFO] 部屋データAPI呼び出し: {"token":"fg12345@"}
[2025-07-13 02:12:40] [INFO] 部屋データ取得: 15件
[2025-07-13 02:12:40] [INFO] 部屋データAPI呼び出し: {"token":"fg12345@","usage":"1"}
[2025-07-13 02:12:40] [INFO] 部屋データ取得: 15件
[2025-07-13 02:12:40] [INFO] 利用状況データ取得: 26件
[2025-07-13 02:18:14] [INFO] 部屋データAPI呼び出し: {"token":"fg12345@"}
[2025-07-13 02:18:14] [INFO] 部屋データ取得: 15件
[2025-07-13 02:18:14] [INFO] 部屋データAPI呼び出し: {"token":"fg12345@","usage":"1"}
[2025-07-13 02:18:14] [INFO] 部屋データ取得: 15件
[2025-07-13 02:18:14] [INFO] 利用状況データ取得: 26件
[2025-07-13 12:34:48] [INFO] 部屋データAPI呼び出し: {"token":"fg12345@"}
[2025-07-13 12:34:48] [INFO] 部屋データ取得: 15件
[2025-07-13 12:34:48] [INFO] 部屋データAPI呼び出し: {"token":"fg12345@","usage":"1"}
[2025-07-13 12:34:48] [INFO] 部屋データ取得: 15件
[2025-07-13 12:34:48] [INFO] 利用状況データ取得: 26件
[2025-07-13 12:35:14] [INFO] 部屋データAPI呼び出し: {"token":"fg12345@","usage":"1"}
[2025-07-13 12:35:14] [INFO] 部屋データ取得: 15件
[2025-07-13 12:35:14] [INFO] 利用状況データ取得: 26件
[2025-07-13 12:35:14] [INFO] 部屋データAPI呼び出し: {"token":"fg12345@"}
[2025-07-13 12:35:14] [INFO] 部屋データ取得: 15件
[2025-07-13 16:45:10] [INFO] 部屋データAPI呼び出し: {"token":"fg12345@"}
[2025-07-13 16:45:10] [INFO] 部屋データ取得: 15件
[2025-07-13 16:45:10] [INFO] 部屋データAPI呼び出し: {"token":"fg12345@","usage":"1"}
[2025-07-13 16:45:10] [INFO] 部屋データ取得: 15件
[2025-07-13 16:45:10] [INFO] 利用状況データ取得: 27件
[2025-07-14 15:17:01] [INFO] 部屋データAPI呼び出し: {"token":"fg12345@"}
[2025-07-14 15:17:01] [INFO] 部屋データ取得: 15件
[2025-07-14 15:17:01] [INFO] 部屋データAPI呼び出し: {"token":"fg12345@","usage":"1"}
[2025-07-14 15:17:01] [INFO] 部屋データ取得: 15件
[2025-07-14 15:17:01] [INFO] 利用状況データ取得: 27件
[2025-07-16 21:09:24] [INFO] 部屋データAPI呼び出し: {"token":"fg12345@"}
[2025-07-16 21:09:24] [INFO] 部屋データ取得: 15件
[2025-07-16 21:09:24] [INFO] 部屋データAPI呼び出し: {"token":"fg12345@","usage":"1"}
[2025-07-16 21:09:24] [INFO] 部屋データ取得: 15件
[2025-07-16 21:09:24] [INFO] 利用状況データ取得: 28件
[2025-07-17 08:49:36] [INFO] 部屋データAPI呼び出し: {"token":"fg12345@"}
[2025-07-17 08:49:36] [INFO] 部屋データ取得: 15件
[2025-07-17 08:49:36] [INFO] 部屋データAPI呼び出し: {"token":"fg12345@","usage":"1"}
[2025-07-17 08:49:36] [INFO] 部屋データ取得: 15件
[2025-07-17 08:49:36] [INFO] 利用状況データ取得: 28件
[2025-07-17 20:47:26] [INFO] 部屋データAPI呼び出し: {"token":"fg12345@"}
[2025-07-17 20:47:26] [INFO] 部屋データ取得: 15件
[2025-07-17 20:47:26] [INFO] 部屋データAPI呼び出し: {"token":"fg12345@","usage":"1"}
[2025-07-17 20:47:26] [INFO] 部屋データ取得: 15件
[2025-07-17 20:47:26] [INFO] 利用状況データ取得: 29件
[2025-07-17 20:47:31] [INFO] 部屋データAPI呼び出し: {"token":"fg12345@"}
[2025-07-17 20:47:31] [INFO] 部屋データ取得: 15件
[2025-07-17 20:47:31] [INFO] 部屋データAPI呼び出し: {"token":"fg12345@","usage":"1"}
[2025-07-17 20:47:31] [INFO] 部屋データ取得: 15件
[2025-07-17 20:47:31] [INFO] 利用状況データ取得: 29件
[2025-07-17 20:49:06] [INFO] 部屋データAPI呼び出し: {"token":"fg12345@"}
[2025-07-17 20:49:06] [INFO] 部屋データ取得: 15件
[2025-07-17 20:49:06] [INFO] 部屋データAPI呼び出し: {"token":"fg12345@","usage":"1"}
[2025-07-17 20:49:06] [INFO] 部屋データ取得: 15件
[2025-07-17 20:49:06] [INFO] 利用状況データ取得: 29件
[2025-07-19 13:46:04] [INFO] 部屋データAPI呼び出し: {"token":"fg12345@"}
[2025-07-19 13:46:04] [INFO] 部屋データ取得: 15件
[2025-07-19 13:46:04] [INFO] 部屋データAPI呼び出し: {"token":"fg12345@","usage":"1"}
[2025-07-19 13:46:04] [INFO] 部屋データ取得: 15件
[2025-07-19 13:46:04] [INFO] 利用状況データ取得: 29件
[2025-07-19 13:46:24] [INFO] 部屋データAPI呼び出し: {"token":"fg12345@"}
[2025-07-19 13:46:24] [INFO] 部屋データ取得: 15件
[2025-07-19 13:46:24] [INFO] 部屋データAPI呼び出し: {"token":"fg12345@","usage":"1"}
[2025-07-19 13:46:24] [INFO] 部屋データ取得: 15件
[2025-07-19 13:46:24] [INFO] 利用状況データ取得: 29件
[2025-07-19 13:46:47] [INFO] 部屋データAPI呼び出し: {"token":"fg12345@"}
[2025-07-19 13:46:47] [INFO] 部屋データ取得: 15件
[2025-07-19 13:46:47] [INFO] 部屋データAPI呼び出し: {"token":"fg12345@","usage":"1"}
[2025-07-19 13:46:47] [INFO] 部屋データ取得: 15件
[2025-07-19 13:46:47] [INFO] 利用状況データ取得: 29件
[2025-07-22 09:49:06] [INFO] 部屋データAPI呼び出し: {"token":"fg12345@","usage":"1"}
[2025-07-22 09:49:06] [INFO] 部屋データ取得: 15件
[2025-07-22 09:49:06] [INFO] 利用状況データ取得: 33件
[2025-07-22 09:49:06] [INFO] 部屋データAPI呼び出し: {"token":"fg12345@"}
[2025-07-22 09:49:06] [INFO] 部屋データ取得: 15件
[2025-07-22 10:01:41] [INFO] 部屋データAPI呼び出し: {"token":"fg12345@"}
[2025-07-22 10:01:41] [INFO] 部屋データ取得: 15件
[2025-07-22 10:01:41] [INFO] 部屋データAPI呼び出し: {"token":"fg12345@","usage":"1"}
[2025-07-22 10:01:41] [INFO] 部屋データ取得: 15件
[2025-07-22 10:01:41] [INFO] 利用状況データ取得: 34件
[2025-07-22 10:05:33] [INFO] 部屋データAPI呼び出し: {"token":"fg12345@"}
[2025-07-22 10:05:33] [INFO] 部屋データ取得: 15件
[2025-07-22 10:05:33] [INFO] 部屋データAPI呼び出し: {"token":"fg12345@","usage":"1"}
[2025-07-22 10:05:33] [INFO] 部屋データ取得: 15件
[2025-07-22 10:05:33] [INFO] 利用状況データ取得: 34件
[2025-07-24 09:41:08] [INFO] 部屋データAPI呼び出し: {"token":"fg12345@"}
[2025-07-24 09:41:08] [INFO] 部屋データ取得: 15件
[2025-07-24 09:41:08] [INFO] 部屋データAPI呼び出し: {"token":"fg12345@","usage":"1"}
[2025-07-24 09:41:08] [INFO] 部屋データ取得: 15件
[2025-07-24 09:41:08] [INFO] 利用状況データ取得: 34件
[2025-07-24 09:49:58] [INFO] 部屋データAPI呼び出し: {"token":"fg12345@","usage":"1"}
[2025-07-24 09:49:58] [INFO] 部屋データ取得: 15件
[2025-07-24 09:49:58] [INFO] 利用状況データ取得: 34件
[2025-07-24 09:49:58] [INFO] 部屋データAPI呼び出し: {"token":"fg12345@"}
[2025-07-24 09:49:58] [INFO] 部屋データ取得: 15件
[2025-07-25 16:31:16] [INFO] 部屋データAPI呼び出し: {"token":"fg12345@","usage":"1"}
[2025-07-25 16:31:16] [INFO] 部屋データ取得: 15件
[2025-07-25 16:31:16] [INFO] 利用状況データ取得: 35件
[2025-07-25 16:31:16] [INFO] 部屋データAPI呼び出し: {"token":"fg12345@"}
[2025-07-25 16:31:16] [INFO] 部屋データ取得: 15件
[2025-07-25 19:29:03] [INFO] 部屋データAPI呼び出し: {"token":"fg12345@","usage":"1"}
[2025-07-25 19:29:03] [INFO] 部屋データ取得: 15件
[2025-07-25 19:29:03] [INFO] 利用状況データ取得: 35件
[2025-07-25 19:29:03] [INFO] 部屋データAPI呼び出し: {"token":"fg12345@"}
[2025-07-25 19:29:03] [INFO] 部屋データ取得: 15件
[2025-07-25 19:29:06] [INFO] 部屋データAPI呼び出し: {"token":"fg12345@"}
[2025-07-25 19:29:06] [INFO] 部屋データ取得: 15件
[2025-07-25 19:29:06] [INFO] 部屋データAPI呼び出し: {"token":"fg12345@","usage":"1"}
[2025-07-25 19:29:06] [INFO] 部屋データ取得: 15件
[2025-07-25 19:29:06] [INFO] 利用状況データ取得: 35件
[2025-07-26 18:05:12] [INFO] 部屋データAPI呼び出し: {"token":"fg12345@"}
[2025-07-26 18:05:12] [INFO] 部屋データ取得: 15件
[2025-07-26 18:05:12] [INFO] 部屋データAPI呼び出し: {"token":"fg12345@","usage":"1"}
[2025-07-26 18:05:12] [INFO] 部屋データ取得: 15件
[2025-07-26 18:05:12] [INFO] 利用状況データ取得: 35件
[2025-07-27 10:12:42] [INFO] 部屋データAPI呼び出し: {"token":"fg12345@"}
[2025-07-27 10:12:42] [INFO] 部屋データ取得: 15件
[2025-07-27 10:12:42] [INFO] 部屋データAPI呼び出し: {"token":"fg12345@","usage":"1"}
[2025-07-27 10:12:42] [INFO] 部屋データ取得: 15件
[2025-07-27 10:12:42] [INFO] 利用状況データ取得: 35件
[2025-07-31 02:26:58] [INFO] 部屋データAPI呼び出し: {"token":"fg12345@"}
[2025-07-31 02:26:58] [INFO] 部屋データ取得: 15件
[2025-07-31 02:26:58] [INFO] 部屋データAPI呼び出し: {"token":"fg12345@","usage":"1"}
[2025-07-31 02:26:58] [INFO] 部屋データ取得: 15件
[2025-07-31 02:26:58] [INFO] 利用状況データ取得: 35件
[2025-07-31 14:30:02] [INFO] 部屋データAPI呼び出し: {"token":"fg12345@"}
[2025-07-31 14:30:02] [INFO] 部屋データ取得: 15件
[2025-07-31 14:30:02] [INFO] 部屋データAPI呼び出し: {"token":"fg12345@","usage":"1"}
[2025-07-31 14:30:02] [INFO] 部屋データ取得: 15件
[2025-07-31 14:30:02] [INFO] 利用状況データ取得: 36件
[2025-07-31 14:32:30] [INFO] 部屋データAPI呼び出し: {"token":"fg12345@"}
[2025-07-31 14:32:30] [INFO] 部屋データ取得: 15件
[2025-07-31 14:32:30] [INFO] 部屋データAPI呼び出し: {"token":"fg12345@","usage":"1"}
[2025-07-31 14:32:30] [INFO] 部屋データ取得: 15件
[2025-07-31 14:32:30] [INFO] 利用状況データ取得: 36件
[2025-07-31 14:36:07] [INFO] 部屋データAPI呼び出し: {"token":"fg12345@"}
[2025-07-31 14:36:07] [INFO] 部屋データ取得: 15件
[2025-07-31 14:36:07] [INFO] 部屋データAPI呼び出し: {"token":"fg12345@","usage":"1"}
[2025-07-31 14:36:07] [INFO] 部屋データ取得: 15件
[2025-07-31 14:36:07] [INFO] 利用状況データ取得: 36件
[2025-07-31 14:39:37] [INFO] 部屋データAPI呼び出し: {"token":"fg12345@","usage":"1"}
[2025-07-31 14:39:37] [INFO] 部屋データ取得: 15件
[2025-07-31 14:39:37] [INFO] 利用状況データ取得: 36件
[2025-07-31 14:39:37] [INFO] 部屋データAPI呼び出し: {"token":"fg12345@"}
[2025-07-31 14:39:37] [INFO] 部屋データ取得: 15件
[2025-07-31 15:00:08] [INFO] 部屋データAPI呼び出し: {"token":"fg12345@"}
[2025-07-31 15:00:08] [INFO] 部屋データ取得: 15件
[2025-07-31 15:00:08] [INFO] 部屋データAPI呼び出し: {"token":"fg12345@","usage":"1"}
[2025-07-31 15:00:08] [INFO] 部屋データ取得: 15件
[2025-07-31 15:00:08] [INFO] 利用状況データ取得: 36件
[2025-07-31 16:01:54] [INFO] 部屋データAPI呼び出し: {"token":"fg12345@","usage":"1"}
[2025-07-31 16:01:54] [INFO] 部屋データ取得: 15件
[2025-07-31 16:01:54] [INFO] 利用状況データ取得: 36件
[2025-07-31 16:01:54] [INFO] 部屋データAPI呼び出し: {"token":"fg12345@"}
[2025-07-31 16:01:54] [INFO] 部屋データ取得: 15件
[2025-07-31 16:27:44] [INFO] 部屋データAPI呼び出し: {"token":"fg12345@","usage":"1"}
[2025-07-31 16:27:44] [INFO] 部屋データ取得: 15件
[2025-07-31 16:27:44] [INFO] 利用状況データ取得: 36件
[2025-07-31 16:27:44] [INFO] 部屋データAPI呼び出し: {"token":"fg12345@"}
[2025-07-31 16:27:44] [INFO] 部屋データ取得: 15件
[2025-07-31 17:21:27] [INFO] 部屋データAPI呼び出し: {"token":"fg12345@"}
[2025-07-31 17:21:27] [INFO] 部屋データ取得: 15件
[2025-07-31 17:21:27] [INFO] 部屋データAPI呼び出し: {"token":"fg12345@","usage":"1"}
[2025-07-31 17:21:27] [INFO] 部屋データ取得: 15件
[2025-07-31 17:21:27] [INFO] 利用状況データ取得: 36件
[2025-07-31 17:41:27] [INFO] 部屋データAPI呼び出し: {"token":"fg12345@","usage":"1"}
[2025-07-31 17:41:27] [INFO] 部屋データ取得: 15件
[2025-07-31 17:41:27] [INFO] 利用状況データ取得: 37件
[2025-07-31 17:41:27] [INFO] 部屋データAPI呼び出し: {"token":"fg12345@"}
[2025-07-31 17:41:27] [INFO] 部屋データ取得: 15件
[2025-07-31 17:48:54] [INFO] 部屋データAPI呼び出し: {"token":"fg12345@","usage":"1"}
[2025-07-31 17:48:54] [INFO] 部屋データ取得: 15件
[2025-07-31 17:48:54] [INFO] 利用状況データ取得: 37件
[2025-07-31 17:48:54] [INFO] 部屋データAPI呼び出し: {"token":"fg12345@"}
[2025-07-31 17:48:54] [INFO] 部屋データ取得: 15件
[2025-07-31 17:49:35] [INFO] 部屋データAPI呼び出し: {"token":"fg12345@","usage":"1"}
[2025-07-31 17:49:35] [INFO] 部屋データ取得: 15件
[2025-07-31 17:49:35] [INFO] 利用状況データ取得: 37件
[2025-07-31 17:49:35] [INFO] 部屋データAPI呼び出し: {"token":"fg12345@"}
[2025-07-31 17:49:35] [INFO] 部屋データ取得: 15件
[2025-07-31 17:54:21] [INFO] 部屋データAPI呼び出し: {"token":"fg12345@"}
[2025-07-31 17:54:21] [INFO] 部屋データ取得: 15件
[2025-07-31 17:54:21] [INFO] 部屋データAPI呼び出し: {"token":"fg12345@","usage":"1"}
[2025-07-31 17:54:21] [INFO] 部屋データ取得: 15件
[2025-07-31 17:54:21] [INFO] 利用状況データ取得: 37件
[2025-07-31 17:54:27] [INFO] 部屋データAPI呼び出し: {"token":"fg12345@"}
[2025-07-31 17:54:27] [INFO] 部屋データ取得: 15件
[2025-07-31 17:54:27] [INFO] 部屋データAPI呼び出し: {"token":"fg12345@","usage":"1"}
[2025-07-31 17:54:27] [INFO] 部屋データ取得: 15件
[2025-07-31 17:54:27] [INFO] 利用状況データ取得: 37件
[2025-07-31 18:54:19] [INFO] 部屋データAPI呼び出し: {"token":"fg12345@","usage":"1"}
[2025-07-31 18:54:19] [INFO] 部屋データ取得: 15件
[2025-07-31 18:54:19] [INFO] 利用状況データ取得: 37件
[2025-07-31 18:54:19] [INFO] 部屋データAPI呼び出し: {"token":"fg12345@"}
[2025-07-31 18:54:19] [INFO] 部屋データ取得: 15件
[2025-08-02 18:01:00] [INFO] 部屋データAPI呼び出し: {"token":"fg12345@"}
[2025-08-02 18:01:00] [INFO] 部屋データ取得: 15件
[2025-08-02 18:01:00] [INFO] 部屋データAPI呼び出し: {"token":"fg12345@","usage":"1"}
[2025-08-02 18:01:00] [INFO] 部屋データ取得: 15件
[2025-08-02 18:01:00] [INFO] 利用状況データ取得: 37件
[2025-08-02 18:01:22] [INFO] 部屋データAPI呼び出し: {"token":"fg12345@"}
[2025-08-02 18:01:22] [INFO] 部屋データ取得: 15件
[2025-08-02 18:01:22] [INFO] 部屋データAPI呼び出し: {"token":"fg12345@","usage":"1"}
[2025-08-02 18:01:22] [INFO] 部屋データ取得: 15件
[2025-08-02 18:01:22] [INFO] 利用状況データ取得: 37件
[2025-08-02 18:01:39] [INFO] 部屋データAPI呼び出し: {"token":"fg12345@"}
[2025-08-02 18:01:39] [INFO] 部屋データ取得: 15件
[2025-08-02 18:01:39] [INFO] 部屋データAPI呼び出し: {"token":"fg12345@","usage":"1"}
[2025-08-02 18:01:39] [INFO] 部屋データ取得: 15件
[2025-08-02 18:01:39] [INFO] 利用状況データ取得: 37件
[2025-08-02 18:32:48] [INFO] 部屋データAPI呼び出し: {"token":"fg12345@"}
[2025-08-02 18:32:48] [INFO] 部屋データ取得: 15件
[2025-08-02 18:32:48] [INFO] 部屋データAPI呼び出し: {"token":"fg12345@","usage":"1"}
[2025-08-02 18:32:48] [INFO] 部屋データ取得: 15件
[2025-08-02 18:32:48] [INFO] 利用状況データ取得: 37件
[2025-08-04 11:22:20] [INFO] 部屋データAPI呼び出し: {"token":"fg12345@","usage":"1"}
[2025-08-04 11:22:20] [INFO] 部屋データ取得: 15件
[2025-08-04 11:22:20] [INFO] 利用状況データ取得: 38件
[2025-08-04 11:22:20] [INFO] 部屋データAPI呼び出し: {"token":"fg12345@"}
[2025-08-04 11:22:20] [INFO] 部屋データ取得: 15件
[2025-08-04 11:25:18] [INFO] 部屋データAPI呼び出し: {"token":"fg12345@","usage":"1"}
[2025-08-04 11:25:18] [INFO] 部屋データ取得: 15件
[2025-08-04 11:25:18] [INFO] 利用状況データ取得: 38件
[2025-08-04 11:25:18] [INFO] 部屋データAPI呼び出し: {"token":"fg12345@"}
[2025-08-04 11:25:18] [INFO] 部屋データ取得: 15件
[2025-08-04 13:49:56] [INFO] 部屋データAPI呼び出し: {"token":"fg12345@"}
[2025-08-04 13:49:56] [INFO] 部屋データ取得: 15件
[2025-08-04 13:49:56] [INFO] 部屋データAPI呼び出し: {"token":"fg12345@","usage":"1"}
[2025-08-04 13:49:56] [INFO] 部屋データ取得: 15件
[2025-08-04 13:49:56] [INFO] 利用状況データ取得: 38件
[2025-08-04 17:16:29] [INFO] 部屋データAPI呼び出し: {"token":"fg12345@"}
[2025-08-04 17:16:29] [INFO] 部屋データ取得: 15件
[2025-08-04 17:16:29] [INFO] 部屋データAPI呼び出し: {"token":"fg12345@","usage":"1"}
[2025-08-04 17:16:29] [INFO] 部屋データ取得: 15件
[2025-08-04 17:16:29] [INFO] 利用状況データ取得: 39件
[2025-08-04 21:34:44] [INFO] 部屋データAPI呼び出し: {"token":"fg12345@"}
[2025-08-04 21:34:44] [INFO] 部屋データ取得: 15件
[2025-08-04 21:34:44] [INFO] 部屋データAPI呼び出し: {"token":"fg12345@","usage":"1"}
[2025-08-04 21:34:44] [INFO] 部屋データ取得: 15件
[2025-08-04 21:34:44] [INFO] 利用状況データ取得: 40件
[2025-08-05 19:57:19] [INFO] 部屋データAPI呼び出し: {"token":"fg12345@"}
[2025-08-05 19:57:19] [INFO] 部屋データ取得: 15件
[2025-08-05 19:57:19] [INFO] 部屋データAPI呼び出し: {"token":"fg12345@","usage":"1"}
[2025-08-05 19:57:19] [INFO] 部屋データ取得: 15件
[2025-08-05 19:57:19] [INFO] 利用状況データ取得: 40件
[2025-08-06 10:34:21] [INFO] 部屋データAPI呼び出し: {"token":"fg12345@"}
[2025-08-06 10:34:21] [INFO] 部屋データ取得: 15件
[2025-08-06 10:34:21] [INFO] 部屋データAPI呼び出し: {"token":"fg12345@","usage":"1"}
[2025-08-06 10:34:21] [INFO] 部屋データ取得: 15件
[2025-08-06 10:34:21] [INFO] 利用状況データ取得: 40件
[2025-08-06 10:36:46] [INFO] 部屋データAPI呼び出し: {"token":"fg12345@"}
[2025-08-06 10:36:46] [INFO] 部屋データ取得: 15件
[2025-08-06 10:36:46] [INFO] 部屋データAPI呼び出し: {"token":"fg12345@","usage":"1"}
[2025-08-06 10:36:46] [INFO] 部屋データ取得: 15件
[2025-08-06 10:36:46] [INFO] 利用状況データ取得: 40件
[2025-08-06 10:36:56] [INFO] 部屋データAPI呼び出し: {"token":"fg12345@"}
[2025-08-06 10:36:56] [INFO] 部屋データ取得: 15件
[2025-08-06 10:36:56] [INFO] 部屋データAPI呼び出し: {"token":"fg12345@","usage":"1"}
[2025-08-06 10:36:56] [INFO] 部屋データ取得: 15件
[2025-08-06 10:36:56] [INFO] 利用状況データ取得: 40件
[2025-08-06 11:41:05] [INFO] 部屋データAPI呼び出し: {"token":"fg12345@","usage":"1"}
[2025-08-06 11:41:05] [INFO] 部屋データ取得: 15件
[2025-08-06 11:41:05] [INFO] 利用状況データ取得: 40件
[2025-08-06 11:41:05] [INFO] 部屋データAPI呼び出し: {"token":"fg12345@"}
[2025-08-06 11:41:05] [INFO] 部屋データ取得: 15件
[2025-08-07 18:15:12] [INFO] 部屋データAPI呼び出し: {"token":"fg12345@"}
[2025-08-07 18:15:12] [INFO] 部屋データ取得: 15件
[2025-08-07 18:15:12] [INFO] 部屋データAPI呼び出し: {"token":"fg12345@","usage":"1"}
[2025-08-07 18:15:12] [INFO] 部屋データ取得: 15件
[2025-08-07 18:15:12] [INFO] 利用状況データ取得: 40件
[2025-08-07 18:18:31] [INFO] 部屋データAPI呼び出し: {"token":"fg12345@","usage":"1"}
[2025-08-07 18:18:31] [INFO] 部屋データ取得: 15件
[2025-08-07 18:18:31] [INFO] 利用状況データ取得: 40件
[2025-08-07 18:18:31] [INFO] 部屋データAPI呼び出し: {"token":"fg12345@"}
[2025-08-07 18:18:31] [INFO] 部屋データ取得: 15件
[2025-08-07 18:23:32] [INFO] 部屋データAPI呼び出し: {"token":"fg12345@","usage":"1"}
[2025-08-07 18:23:32] [INFO] 部屋データ取得: 15件
[2025-08-07 18:23:32] [INFO] 利用状況データ取得: 40件
[2025-08-07 18:23:32] [INFO] 部屋データAPI呼び出し: {"token":"fg12345@"}
[2025-08-07 18:23:32] [INFO] 部屋データ取得: 15件
[2025-08-08 14:31:11] [INFO] 部屋データAPI呼び出し: {"token":"fg12345@"}
[2025-08-08 14:31:11] [INFO] 部屋データ取得: 15件
[2025-08-08 14:31:11] [INFO] 部屋データAPI呼び出し: {"token":"fg12345@","usage":"1"}
[2025-08-08 14:31:11] [INFO] 部屋データ取得: 15件
[2025-08-08 14:31:11] [INFO] 利用状況データ取得: 40件
[2025-08-08 17:11:58] [INFO] 部屋データAPI呼び出し: {"token":"fg12345@"}
[2025-08-08 17:11:58] [INFO] 部屋データ取得: 15件
[2025-08-08 17:11:58] [INFO] 部屋データAPI呼び出し: {"token":"fg12345@","usage":"1"}
[2025-08-08 17:11:58] [INFO] 部屋データ取得: 15件
[2025-08-08 17:11:58] [INFO] 利用状況データ取得: 40件
[2025-08-08 17:12:05] [INFO] 部屋データAPI呼び出し: {"token":"fg12345@"}
[2025-08-08 17:12:05] [INFO] 部屋データ取得: 15件
[2025-08-08 17:12:06] [INFO] 部屋データAPI呼び出し: {"token":"fg12345@","usage":"1"}
[2025-08-08 17:12:06] [INFO] 部屋データ取得: 15件
[2025-08-08 17:12:06] [INFO] 利用状況データ取得: 40件
[2025-08-08 17:15:59] [INFO] 部屋データAPI呼び出し: {"token":"fg12345@"}
[2025-08-08 17:15:59] [INFO] 部屋データ取得: 15件
[2025-08-08 17:15:59] [INFO] 部屋データAPI呼び出し: {"token":"fg12345@","usage":"1"}
[2025-08-08 17:15:59] [INFO] 部屋データ取得: 15件
[2025-08-08 17:15:59] [INFO] 利用状況データ取得: 40件
[2025-08-08 19:44:56] [INFO] 部屋データAPI呼び出し: {"token":"fg12345@","usage":"1"}
[2025-08-08 19:44:56] [INFO] 部屋データ取得: 15件
[2025-08-08 19:44:56] [INFO] 利用状況データ取得: 42件
[2025-08-08 19:44:56] [INFO] 部屋データAPI呼び出し: {"token":"fg12345@"}
[2025-08-08 19:44:56] [INFO] 部屋データ取得: 15件
[2025-08-08 19:53:25] [INFO] 部屋データAPI呼び出し: {"token":"fg12345@","usage":"1"}
[2025-08-08 19:53:25] [INFO] 部屋データ取得: 15件
[2025-08-08 19:53:25] [INFO] 利用状況データ取得: 42件
[2025-08-08 19:53:25] [INFO] 部屋データAPI呼び出し: {"token":"fg12345@"}
[2025-08-08 19:53:25] [INFO] 部屋データ取得: 15件
[2025-08-09 10:22:20] [INFO] 部屋データAPI呼び出し: {"token":"fg12345@","usage":"1"}
[2025-08-09 10:22:20] [INFO] 部屋データ取得: 15件
[2025-08-09 10:22:20] [INFO] 利用状況データ取得: 42件
[2025-08-09 10:22:20] [INFO] 部屋データAPI呼び出し: {"token":"fg12345@"}
[2025-08-09 10:22:20] [INFO] 部屋データ取得: 15件
[2025-08-09 10:28:48] [INFO] 部屋データAPI呼び出し: {"token":"fg12345@"}
[2025-08-09 10:28:48] [INFO] 部屋データ取得: 15件
[2025-08-09 10:28:48] [INFO] 部屋データAPI呼び出し: {"token":"fg12345@","usage":"1"}
[2025-08-09 10:28:48] [INFO] 部屋データ取得: 15件
[2025-08-09 10:28:48] [INFO] 利用状況データ取得: 42件
[2025-08-09 10:29:06] [INFO] 部屋データAPI呼び出し: {"token":"fg12345@"}
[2025-08-09 10:29:06] [INFO] 部屋データ取得: 15件
[2025-08-09 10:29:06] [INFO] 部屋データAPI呼び出し: {"token":"fg12345@","usage":"1"}
[2025-08-09 10:29:06] [INFO] 部屋データ取得: 15件
[2025-08-09 10:29:06] [INFO] 利用状況データ取得: 42件
[2025-08-09 10:29:31] [INFO] 部屋データAPI呼び出し: {"token":"fg12345@","usage":"1"}
[2025-08-09 10:29:31] [INFO] 部屋データ取得: 15件
[2025-08-09 10:29:31] [INFO] 利用状況データ取得: 42件
[2025-08-09 10:29:31] [INFO] 部屋データAPI呼び出し: {"token":"fg12345@"}
[2025-08-09 10:29:31] [INFO] 部屋データ取得: 15件
[2025-08-09 10:29:46] [INFO] 部屋データAPI呼び出し: {"token":"fg12345@","usage":"1"}
[2025-08-09 10:29:46] [INFO] 部屋データ取得: 15件
[2025-08-09 10:29:46] [INFO] 利用状況データ取得: 42件
[2025-08-09 10:29:46] [INFO] 部屋データAPI呼び出し: {"token":"fg12345@"}
[2025-08-09 10:29:46] [INFO] 部屋データ取得: 15件
[2025-08-09 10:30:09] [INFO] 部屋データAPI呼び出し: {"token":"fg12345@"}
[2025-08-09 10:30:09] [INFO] 部屋データ取得: 15件
[2025-08-09 10:30:09] [INFO] 部屋データAPI呼び出し: {"token":"fg12345@","usage":"1"}
[2025-08-09 10:30:09] [INFO] 部屋データ取得: 15件
[2025-08-09 10:30:09] [INFO] 利用状況データ取得: 42件
[2025-08-09 10:31:12] [INFO] 部屋データAPI呼び出し: {"token":"fg12345@"}
[2025-08-09 10:31:12] [INFO] 部屋データ取得: 15件
[2025-08-09 10:31:12] [INFO] 部屋データAPI呼び出し: {"token":"fg12345@","usage":"1"}
[2025-08-09 10:31:12] [INFO] 部屋データ取得: 15件
[2025-08-09 10:31:12] [INFO] 利用状況データ取得: 42件
[2025-08-09 10:31:21] [INFO] 部屋データAPI呼び出し: {"token":"fg12345@"}
[2025-08-09 10:31:21] [INFO] 部屋データ取得: 15件
[2025-08-09 15:52:37] [INFO] 部屋データAPI呼び出し: {"token":"fg12345@"}
[2025-08-09 15:52:37] [INFO] 部屋データ取得: 15件
[2025-08-09 15:52:37] [INFO] 部屋データAPI呼び出し: {"token":"fg12345@","usage":"1"}
[2025-08-09 15:52:37] [INFO] 部屋データ取得: 15件
[2025-08-09 15:52:37] [INFO] 利用状況データ取得: 44件
[2025-08-10 09:15:03] [INFO] 部屋データAPI呼び出し: {"token":"fg12345@","usage":"1"}
[2025-08-10 09:15:03] [INFO] 部屋データ取得: 15件
[2025-08-10 09:15:03] [INFO] 利用状況データ取得: 48件
[2025-08-10 09:15:03] [INFO] 部屋データAPI呼び出し: {"token":"fg12345@"}
[2025-08-10 09:15:03] [INFO] 部屋データ取得: 15件
[2025-08-10 09:20:59] [INFO] 部屋データAPI呼び出し: {"token":"fg12345@","usage":"1"}
[2025-08-10 09:20:59] [INFO] 部屋データ取得: 15件
[2025-08-10 09:20:59] [INFO] 利用状況データ取得: 48件
[2025-08-10 09:20:59] [INFO] 部屋データAPI呼び出し: {"token":"fg12345@"}
[2025-08-10 09:20:59] [INFO] 部屋データ取得: 15件
[2025-08-10 15:34:07] [INFO] 部屋データAPI呼び出し: {"token":"fg12345@","usage":"1"}
[2025-08-10 15:34:07] [INFO] 部屋データ取得: 15件
[2025-08-10 15:34:07] [INFO] 利用状況データ取得: 52件
[2025-08-10 15:34:07] [INFO] 部屋データAPI呼び出し: {"token":"fg12345@"}
[2025-08-10 15:34:07] [INFO] 部屋データ取得: 15件
[2025-08-10 16:48:08] [INFO] 部屋データAPI呼び出し: {"token":"fg12345@"}
[2025-08-10 16:48:08] [INFO] 部屋データ取得: 15件
[2025-08-10 16:48:08] [INFO] 部屋データAPI呼び出し: {"token":"fg12345@","usage":"1"}
[2025-08-10 16:48:08] [INFO] 部屋データ取得: 15件
[2025-08-10 16:48:08] [INFO] 利用状況データ取得: 54件
[2025-08-11 22:07:30] [INFO] 部屋データAPI呼び出し: {"token":"fg12345@"}
[2025-08-11 22:07:30] [INFO] 部屋データ取得: 15件
[2025-08-11 22:07:30] [INFO] 部屋データAPI呼び出し: {"token":"fg12345@","usage":"1"}
[2025-08-11 22:07:30] [INFO] 部屋データ取得: 15件
[2025-08-11 22:07:30] [INFO] 利用状況データ取得: 61件
[2025-08-13 15:24:46] [INFO] 部屋データAPI呼び出し: {"token":"fg12345@"}
[2025-08-13 15:24:46] [INFO] 部屋データ取得: 15件
[2025-08-13 15:24:46] [INFO] 部屋データAPI呼び出し: {"token":"fg12345@","usage":"1"}
[2025-08-13 15:24:46] [INFO] 部屋データ取得: 15件
[2025-08-13 15:24:46] [INFO] 利用状況データ取得: 71件
[2025-08-13 16:17:52] [INFO] 部屋データAPI呼び出し: {"token":"fg12345@"}
[2025-08-13 16:17:52] [INFO] 部屋データ取得: 15件
[2025-08-13 16:17:52] [INFO] 部屋データAPI呼び出し: {"token":"fg12345@","usage":"1"}
[2025-08-13 16:17:52] [INFO] 部屋データ取得: 15件
[2025-08-13 16:17:52] [INFO] 利用状況データ取得: 74件
[2025-08-13 17:08:56] [INFO] 部屋データAPI呼び出し: {"token":"fg12345@"}
[2025-08-13 17:08:56] [INFO] 部屋データ取得: 15件
[2025-08-13 17:08:56] [INFO] 部屋データAPI呼び出し: {"token":"fg12345@","usage":"1"}
[2025-08-13 17:08:56] [INFO] 部屋データ取得: 15件
[2025-08-13 17:08:56] [INFO] 利用状況データ取得: 76件
[2025-08-14 05:18:35] [INFO] 部屋データAPI呼び出し: {"token":"fg12345@"}
[2025-08-14 05:18:35] [INFO] 部屋データ取得: 15件
[2025-08-14 05:18:35] [INFO] 部屋データAPI呼び出し: {"token":"fg12345@","usage":"1"}
[2025-08-14 05:18:35] [INFO] 部屋データ取得: 15件
[2025-08-14 05:18:35] [INFO] 利用状況データ取得: 76件
[2025-08-14 10:21:07] [INFO] 部屋データAPI呼び出し: {"token":"fg12345@"}
[2025-08-14 10:21:07] [INFO] 部屋データ取得: 15件
[2025-08-14 10:21:07] [INFO] 部屋データAPI呼び出し: {"token":"fg12345@","usage":"1"}
[2025-08-14 10:21:07] [INFO] 部屋データ取得: 15件
[2025-08-14 10:21:07] [INFO] 利用状況データ取得: 76件
