[2025-08-14 10:10:16] [INFO] ログローテーション実行: ファイルサイズ 63.83KB が上限の 0KB を超過
[2025-08-14 10:10:16] [INFO] ログローテーション実行: ファイルサイズ 63.56KB が上限の 0KB を超過
[2025-08-14 10:10:16] [INFO] ログローテーション実行: ファイルサイズ 63.36KB が上限の 0KB を超過
[2025-08-14 10:10:16] [INFO] ログローテーション実行: ファイルサイズ 63.09KB が上限の 0KB を超過
[2025-08-14 10:10:05] [INFO] ログローテーション実行: ファイルサイズ 62.72KB が上限の 0KB を超過
[2025-08-14 10:10:05] [INFO] ログローテーション実行: ファイルサイズ 62.46KB が上限の 0KB を超過
[2025-08-14 10:10:05] [INFO] ログローテーション実行: ファイルサイズ 62.26KB が上限の 0KB を超過
[2025-08-14 10:10:05] [INFO] ログローテーション実行: ファイルサイズ 61.99KB が上限の 0KB を超過
[2025-08-14 09:58:54] [INFO] ログローテーション実行: ファイルサイズ 61.62KB が上限の 0KB を超過
[2025-08-14 09:58:54] [INFO] ログローテーション実行: ファイルサイズ 61.35KB が上限の 0KB を超過
[2025-08-14 09:58:54] [INFO] ログローテーション実行: ファイルサイズ 61.15KB が上限の 0KB を超過
[2025-08-14 09:58:54] [INFO] ログローテーション実行: ファイルサイズ 60.88KB が上限の 0KB を超過
[2025-08-14 09:56:43] [INFO] ログローテーション実行: ファイルサイズ 60.52KB が上限の 0KB を超過
[2025-08-14 09:56:43] [INFO] ログローテーション実行: ファイルサイズ 60.25KB が上限の 0KB を超過
[2025-08-14 09:56:43] [INFO] ログローテーション実行: ファイルサイズ 60.05KB が上限の 0KB を超過
[2025-08-14 09:56:43] [INFO] ログローテーション実行: ファイルサイズ 59.78KB が上限の 0KB を超過
[2025-08-12 15:05:08] [INFO] ログローテーション実行: ファイルサイズ 59.41KB が上限の 0KB を超過
[2025-08-12 15:05:08] [INFO] ログローテーション実行: ファイルサイズ 59.14KB が上限の 0KB を超過
[2025-08-12 15:05:08] [INFO] ログローテーション実行: ファイルサイズ 58.94KB が上限の 0KB を超過
[2025-08-12 15:05:08] [INFO] ログローテーション実行: ファイルサイズ 58.67KB が上限の 0KB を超過
[2025-08-12 14:58:24] [INFO] ログローテーション実行: ファイルサイズ 58.31KB が上限の 0KB を超過
[2025-08-12 14:58:24] [INFO] ログローテーション実行: ファイルサイズ 58.04KB が上限の 0KB を超過
[2025-08-12 14:58:24] [INFO] ログローテーション実行: ファイルサイズ 57.84KB が上限の 0KB を超過
[2025-08-12 14:58:24] [INFO] ログローテーション実行: ファイルサイズ 57.57KB が上限の 0KB を超過
[2025-08-11 16:30:34] [INFO] ログローテーション実行: ファイルサイズ 57.2KB が上限の 0KB を超過
[2025-08-11 16:30:34] [INFO] ログローテーション実行: ファイルサイズ 56.93KB が上限の 0KB を超過
[2025-08-11 16:30:34] [INFO] ログローテーション実行: ファイルサイズ 56.73KB が上限の 0KB を超過
[2025-08-11 16:30:34] [INFO] ログローテーション実行: ファイルサイズ 56.47KB が上限の 0KB を超過
[2025-08-11 16:30:30] [INFO] ログローテーション実行: ファイルサイズ 56.1KB が上限の 0KB を超過
[2025-08-11 16:30:30] [INFO] ログローテーション実行: ファイルサイズ 55.83KB が上限の 0KB を超過
[2025-08-11 16:30:30] [INFO] ログローテーション実行: ファイルサイズ 55.63KB が上限の 0KB を超過
[2025-08-11 16:30:30] [INFO] ログローテーション実行: ファイルサイズ 55.36KB が上限の 0KB を超過
[2025-08-10 16:48:36] [INFO] ログローテーション実行: ファイルサイズ 55KB が上限の 0KB を超過
[2025-08-10 16:48:36] [INFO] ログローテーション実行: ファイルサイズ 54.73KB が上限の 0KB を超過
[2025-08-10 16:48:36] [INFO] ログローテーション実行: ファイルサイズ 54.53KB が上限の 0KB を超過
[2025-08-10 16:48:36] [INFO] ログローテーション実行: ファイルサイズ 54.26KB が上限の 0KB を超過
[2025-08-10 09:15:23] [INFO] ログローテーション実行: ファイルサイズ 53.89KB が上限の 0KB を超過
[2025-08-10 09:15:23] [INFO] ログローテーション実行: ファイルサイズ 53.63KB が上限の 0KB を超過
[2025-08-10 09:15:23] [INFO] ログローテーション実行: ファイルサイズ 53.42KB が上限の 0KB を超過
[2025-08-10 09:15:23] [INFO] ログローテーション実行: ファイルサイズ 53.16KB が上限の 0KB を超過
[2025-08-10 08:10:35] [INFO] ログローテーション実行: ファイルサイズ 52.79KB が上限の 0KB を超過
[2025-08-10 08:10:35] [INFO] ログローテーション実行: ファイルサイズ 52.52KB が上限の 0KB を超過
[2025-08-10 08:10:35] [INFO] ログローテーション実行: ファイルサイズ 52.32KB が上限の 0KB を超過
[2025-08-10 08:10:35] [INFO] ログローテーション実行: ファイルサイズ 52.05KB が上限の 0KB を超過
[2025-08-07 18:43:02] [INFO] ログローテーション実行: ファイルサイズ 51.68KB が上限の 0KB を超過
[2025-08-07 18:43:02] [INFO] ログローテーション実行: ファイルサイズ 51.42KB が上限の 0KB を超過
[2025-08-07 18:43:02] [INFO] ログローテーション実行: ファイルサイズ 51.22KB が上限の 0KB を超過
[2025-08-07 18:43:02] [INFO] ログローテーション実行: ファイルサイズ 50.95KB が上限の 0KB を超過
[2025-08-07 17:34:34] [INFO] ログローテーション実行: ファイルサイズ 50.58KB が上限の 0KB を超過
[2025-08-07 17:34:34] [INFO] ログローテーション実行: ファイルサイズ 50.31KB が上限の 0KB を超過
[2025-08-07 17:34:34] [INFO] ログローテーション実行: ファイルサイズ 50.11KB が上限の 0KB を超過
[2025-08-07 17:34:34] [INFO] ログローテーション実行: ファイルサイズ 49.84KB が上限の 0KB を超過
[2025-08-07 17:33:47] [INFO] ログローテーション実行: ファイルサイズ 49.48KB が上限の 0KB を超過
[2025-08-07 17:33:47] [INFO] ログローテーション実行: ファイルサイズ 49.21KB が上限の 0KB を超過
[2025-08-07 17:33:47] [INFO] ログローテーション実行: ファイルサイズ 49.01KB が上限の 0KB を超過
[2025-08-07 17:33:47] [INFO] ログローテーション実行: ファイルサイズ 48.74KB が上限の 0KB を超過
[2025-08-02 13:22:25] [INFO] ログローテーション実行: ファイルサイズ 48.37KB が上限の 0KB を超過
[2025-08-02 13:22:25] [INFO] ログローテーション実行: ファイルサイズ 48.1KB が上限の 0KB を超過
[2025-08-02 13:22:25] [INFO] ログローテーション実行: ファイルサイズ 47.9KB が上限の 0KB を超過
[2025-08-02 13:22:25] [INFO] ログローテーション実行: ファイルサイズ 47.64KB が上限の 0KB を超過
[2025-07-31 18:10:28] [INFO] ログローテーション実行: ファイルサイズ 47.27KB が上限の 0KB を超過
[2025-07-31 18:10:28] [INFO] ログローテーション実行: ファイルサイズ 47KB が上限の 0KB を超過
[2025-07-31 18:10:28] [INFO] ログローテーション実行: ファイルサイズ 46.8KB が上限の 0KB を超過
[2025-07-31 18:10:28] [INFO] ログローテーション実行: ファイルサイズ 46.54KB が上限の 0KB を超過
[2025-07-14 17:18:33] [INFO] ログローテーション実行: ファイルサイズ 46.17KB が上限の 0KB を超過
[2025-07-14 17:18:33] [INFO] ログローテーション実行: ファイルサイズ 45.9KB が上限の 0KB を超過
[2025-07-14 17:18:33] [INFO] ログローテーション実行: ファイルサイズ 45.7KB が上限の 0KB を超過
[2025-07-14 17:18:33] [INFO] ログローテーション実行: ファイルサイズ 45.43KB が上限の 0KB を超過
[2025-07-06 15:05:20] [INFO] ログローテーション実行: ファイルサイズ 45.07KB が上限の 0KB を超過
[2025-07-06 15:05:20] [INFO] ログローテーション実行: ファイルサイズ 44.8KB が上限の 0KB を超過
[2025-07-06 15:05:20] [INFO] ログローテーション実行: ファイルサイズ 44.6KB が上限の 0KB を超過
[2025-07-06 15:05:20] [INFO] ログローテーション実行: ファイルサイズ 44.33KB が上限の 0KB を超過
[2025-06-28 18:18:29] [INFO] ログローテーション実行: ファイルサイズ 43.96KB が上限の 0KB を超過
[2025-06-28 18:18:29] [INFO] ログローテーション実行: ファイルサイズ 43.7KB が上限の 0KB を超過
[2025-06-28 18:18:29] [INFO] ログローテーション実行: ファイルサイズ 43.5KB が上限の 0KB を超過
[2025-06-28 18:18:29] [INFO] ログローテーション実行: ファイルサイズ 43.23KB が上限の 0KB を超過
[2025-06-07 13:37:36] [INFO] ログローテーション実行: ファイルサイズ 42.86KB が上限の 0KB を超過
[2025-06-07 13:37:36] [INFO] ログローテーション実行: ファイルサイズ 42.59KB が上限の 0KB を超過
[2025-06-07 13:37:36] [INFO] ログローテーション実行: ファイルサイズ 42.39KB が上限の 0KB を超過
[2025-06-07 13:37:36] [INFO] ログローテーション実行: ファイルサイズ 42.12KB が上限の 0KB を超過
[2025-06-06 20:37:47] [INFO] ログローテーション実行: ファイルサイズ 41.76KB が上限の 0KB を超過
[2025-06-06 20:37:47] [INFO] ログローテーション実行: ファイルサイズ 41.49KB が上限の 0KB を超過
[2025-06-06 20:37:47] [INFO] ログローテーション実行: ファイルサイズ 41.29KB が上限の 0KB を超過
[2025-06-06 20:37:47] [INFO] ログローテーション実行: ファイルサイズ 41.02KB が上限の 0KB を超過
[2025-06-01 09:35:27] [INFO] ログローテーション実行: ファイルサイズ 40.4KB が上限の 0KB を超過
[2025-06-01 09:35:27] [INFO] ログローテーション実行: ファイルサイズ 40.13KB が上限の 0KB を超過
[2025-06-01 09:35:27] [INFO] ログローテーション実行: ファイルサイズ 39.93KB が上限の 0KB を超過
[2025-06-01 09:35:27] [INFO] ログローテーション実行: ファイルサイズ 39.67KB が上限の 0KB を超過
[2025-06-01 08:41:20] [INFO] ログローテーション実行: ファイルサイズ 39.3KB が上限の 0KB を超過
[2025-06-01 08:41:20] [INFO] ログローテーション実行: ファイルサイズ 39.03KB が上限の 0KB を超過
[2025-06-01 08:41:20] [INFO] ログローテーション実行: ファイルサイズ 38.83KB が上限の 0KB を超過
[2025-06-01 08:41:20] [INFO] ログローテーション実行: ファイルサイズ 38.56KB が上限の 0KB を超過
[2025-06-01 08:27:01] [INFO] ログローテーション実行: ファイルサイズ 38.2KB が上限の 0KB を超過
[2025-06-01 08:27:01] [INFO] ログローテーション実行: ファイルサイズ 37.93KB が上限の 0KB を超過
[2025-06-01 08:27:01] [INFO] ログローテーション実行: ファイルサイズ 37.73KB が上限の 0KB を超過
[2025-06-01 08:27:01] [INFO] ログローテーション実行: ファイルサイズ 37.46KB が上限の 0KB を超過
[2025-06-01 08:16:47] [INFO] ログローテーション実行: ファイルサイズ 37.09KB が上限の 0KB を超過
[2025-06-01 08:16:47] [INFO] ログローテーション実行: ファイルサイズ 36.82KB が上限の 0KB を超過
[2025-06-01 08:16:47] [INFO] ログローテーション実行: ファイルサイズ 36.62KB が上限の 0KB を超過
[2025-06-01 08:16:47] [INFO] ログローテーション実行: ファイルサイズ 36.35KB が上限の 0KB を超過
[2025-06-01 07:38:16] [INFO] ログローテーション実行: ファイルサイズ 35.99KB が上限の 0KB を超過
[2025-06-01 07:38:16] [INFO] ログローテーション実行: ファイルサイズ 35.72KB が上限の 0KB を超過
[2025-06-01 07:38:16] [INFO] ログローテーション実行: ファイルサイズ 35.52KB が上限の 0KB を超過
[2025-06-01 07:38:16] [INFO] ログローテーション実行: ファイルサイズ 35.25KB が上限の 0KB を超過
[2025-05-31 20:41:09] [INFO] ログローテーション実行: ファイルサイズ 34.88KB が上限の 0KB を超過
[2025-05-31 20:41:09] [INFO] ログローテーション実行: ファイルサイズ 34.61KB が上限の 0KB を超過
[2025-05-31 20:41:09] [INFO] ログローテーション実行: ファイルサイズ 34.41KB が上限の 0KB を超過
[2025-05-31 20:41:09] [INFO] ログローテーション実行: ファイルサイズ 34.15KB が上限の 0KB を超過
[2025-05-31 14:59:26] [INFO] ログローテーション実行: ファイルサイズ 33.78KB が上限の 0KB を超過
[2025-05-31 14:59:26] [INFO] ログローテーション実行: ファイルサイズ 33.51KB が上限の 0KB を超過
[2025-05-31 14:59:26] [INFO] ログローテーション実行: ファイルサイズ 33.31KB が上限の 0KB を超過
[2025-05-31 14:59:26] [INFO] ログローテーション実行: ファイルサイズ 33.04KB が上限の 0KB を超過
[2025-05-31 01:11:46] [INFO] ログローテーション実行: ファイルサイズ 32.67KB が上限の 0KB を超過
[2025-05-31 01:11:46] [INFO] ログローテーション実行: ファイルサイズ 32.41KB が上限の 0KB を超過
[2025-05-31 01:11:46] [INFO] ログローテーション実行: ファイルサイズ 32.21KB が上限の 0KB を超過
[2025-05-31 01:11:46] [INFO] ログローテーション実行: ファイルサイズ 31.94KB が上限の 0KB を超過
[2025-05-30 22:43:46] [INFO] ログローテーション実行: ファイルサイズ 31.57KB が上限の 0KB を超過
[2025-05-30 22:43:46] [INFO] ログローテーション実行: ファイルサイズ 31.3KB が上限の 0KB を超過
[2025-05-30 22:43:46] [INFO] ログローテーション実行: ファイルサイズ 31.1KB が上限の 0KB を超過
[2025-05-30 22:43:46] [INFO] ログローテーション実行: ファイルサイズ 30.83KB が上限の 0KB を超過
[2025-05-26 18:55:38] [INFO] ログローテーション実行: ファイルサイズ 30.12KB が上限の 0KB を超過
[2025-05-26 18:55:38] [INFO] ログローテーション実行: ファイルサイズ 29.85KB が上限の 0KB を超過
[2025-05-26 18:55:38] [INFO] ログローテーション実行: ファイルサイズ 29.65KB が上限の 0KB を超過
[2025-05-26 18:55:38] [INFO] ログローテーション実行: ファイルサイズ 29.38KB が上限の 0KB を超過
[2025-05-26 18:51:52] [INFO] ログローテーション実行: ファイルサイズ 29.1KB が上限の 0KB を超過
[2025-05-26 18:51:52] [INFO] ログローテーション実行: ファイルサイズ 28.83KB が上限の 0KB を超過
[2025-05-26 18:51:52] [INFO] ログローテーション実行: ファイルサイズ 28.63KB が上限の 0KB を超過
[2025-05-26 18:51:52] [INFO] ログローテーション実行: ファイルサイズ 28.36KB が上限の 0KB を超過
[2025-05-26 09:03:25] [INFO] ログローテーション実行: ファイルサイズ 28.08KB が上限の 0KB を超過
[2025-05-26 09:03:25] [INFO] ログローテーション実行: ファイルサイズ 27.81KB が上限の 0KB を超過
[2025-05-26 09:03:25] [INFO] ログローテーション実行: ファイルサイズ 27.61KB が上限の 0KB を超過
[2025-05-26 09:03:25] [INFO] ログローテーション実行: ファイルサイズ 27.34KB が上限の 0KB を超過
[2025-05-26 08:57:16] [INFO] ログローテーション実行: ファイルサイズ 27.05KB が上限の 0KB を超過
[2025-05-26 08:57:16] [INFO] ログローテーション実行: ファイルサイズ 26.79KB が上限の 0KB を超過
[2025-05-26 08:57:16] [INFO] ログローテーション実行: ファイルサイズ 26.59KB が上限の 0KB を超過
[2025-05-26 08:57:16] [INFO] ログローテーション実行: ファイルサイズ 26.32KB が上限の 0KB を超過
[2025-05-26 08:51:12] [INFO] ログローテーション実行: ファイルサイズ 26.03KB が上限の 0KB を超過
[2025-05-26 08:51:12] [INFO] ログローテーション実行: ファイルサイズ 25.76KB が上限の 0KB を超過
[2025-05-26 08:51:12] [INFO] ログローテーション実行: ファイルサイズ 25.56KB が上限の 0KB を超過
[2025-05-26 08:51:12] [INFO] ログローテーション実行: ファイルサイズ 25.3KB が上限の 0KB を超過
[2025-05-26 08:38:51] [INFO] ログローテーション実行: ファイルサイズ 25.01KB が上限の 0KB を超過
[2025-05-26 08:38:51] [INFO] ログローテーション実行: ファイルサイズ 24.74KB が上限の 0KB を超過
[2025-05-26 08:38:51] [INFO] ログローテーション実行: ファイルサイズ 24.54KB が上限の 0KB を超過
[2025-05-26 08:38:51] [INFO] ログローテーション実行: ファイルサイズ 24.28KB が上限の 0KB を超過
[2025-05-26 08:28:10] [INFO] ログローテーション実行: ファイルサイズ 23.99KB が上限の 0KB を超過
[2025-05-26 08:28:10] [INFO] ログローテーション実行: ファイルサイズ 23.72KB が上限の 0KB を超過
[2025-05-26 08:28:10] [INFO] ログローテーション実行: ファイルサイズ 23.52KB が上限の 0KB を超過
[2025-05-26 08:28:10] [INFO] ログローテーション実行: ファイルサイズ 23.25KB が上限の 0KB を超過
[2025-05-26 08:14:40] [INFO] ログローテーション実行: ファイルサイズ 22.97KB が上限の 0KB を超過
[2025-05-26 08:14:40] [INFO] ログローテーション実行: ファイルサイズ 22.7KB が上限の 0KB を超過
[2025-05-26 08:14:40] [INFO] ログローテーション実行: ファイルサイズ 22.5KB が上限の 0KB を超過
[2025-05-26 08:14:40] [INFO] ログローテーション実行: ファイルサイズ 22.23KB が上限の 0KB を超過
[2025-05-26 08:09:38] [INFO] ログローテーション実行: ファイルサイズ 21.95KB が上限の 0KB を超過
[2025-05-26 08:09:38] [INFO] ログローテーション実行: ファイルサイズ 21.68KB が上限の 0KB を超過
[2025-05-26 08:09:38] [INFO] ログローテーション実行: ファイルサイズ 21.48KB が上限の 0KB を超過
[2025-05-26 08:09:38] [INFO] ログローテーション実行: ファイルサイズ 21.21KB が上限の 0KB を超過
[2025-05-26 08:03:17] [INFO] ログローテーション実行: ファイルサイズ 20.81KB が上限の 0KB を超過
[2025-05-26 08:03:17] [INFO] ログローテーション実行: ファイルサイズ 20.54KB が上限の 0KB を超過
[2025-05-26 08:03:17] [INFO] ログローテーション実行: ファイルサイズ 20.34KB が上限の 0KB を超過
[2025-05-26 08:03:17] [INFO] ログローテーション実行: ファイルサイズ 20.08KB が上限の 0KB を超過
[2025-05-26 07:42:43] [INFO] ログローテーション実行: ファイルサイズ 19.79KB が上限の 0KB を超過
[2025-05-26 07:42:43] [INFO] ログローテーション実行: ファイルサイズ 19.52KB が上限の 0KB を超過
[2025-05-26 07:42:43] [INFO] ログローテーション実行: ファイルサイズ 19.32KB が上限の 0KB を超過
[2025-05-26 07:42:43] [INFO] ログローテーション実行: ファイルサイズ 19.05KB が上限の 0KB を超過
[2025-05-26 07:23:56] [INFO] ログローテーション実行: ファイルサイズ 18.65KB が上限の 0KB を超過
[2025-05-26 07:23:56] [INFO] ログローテーション実行: ファイルサイズ 18.38KB が上限の 0KB を超過
[2025-05-26 07:23:56] [INFO] ログローテーション実行: ファイルサイズ 18.18KB が上限の 0KB を超過
[2025-05-26 07:23:56] [INFO] ログローテーション実行: ファイルサイズ 17.92KB が上限の 0KB を超過
[2025-05-26 07:22:50] [INFO] ログローテーション実行: ファイルサイズ 17.63KB が上限の 0KB を超過
[2025-05-26 07:22:50] [INFO] ログローテーション実行: ファイルサイズ 17.36KB が上限の 0KB を超過
[2025-05-26 07:22:50] [INFO] ログローテーション実行: ファイルサイズ 17.16KB が上限の 0KB を超過
[2025-05-26 07:22:50] [INFO] ログローテーション実行: ファイルサイズ 16.9KB が上限の 0KB を超過
[2025-05-25 16:05:05] [INFO] ログローテーション実行: ファイルサイズ 11.95KB が上限の 0KB を超過
[2025-05-25 16:05:05] [INFO] ログローテーション実行: ファイルサイズ 11.69KB が上限の 0KB を超過
[2025-05-25 16:05:05] [INFO] ログローテーション実行: ファイルサイズ 11.49KB が上限の 0KB を超過
[2025-05-25 16:05:05] [INFO] ログローテーション実行: ファイルサイズ 11.22KB が上限の 0KB を超過
[2025-05-25 16:02:40] [INFO] ログローテーション実行: ファイルサイズ 10.93KB が上限の 0KB を超過
[2025-05-25 16:02:40] [INFO] ログローテーション実行: ファイルサイズ 10.66KB が上限の 0KB を超過
[2025-05-25 16:02:40] [INFO] ログローテーション実行: ファイルサイズ 10.46KB が上限の 0KB を超過
[2025-05-25 16:02:40] [INFO] ログローテーション実行: ファイルサイズ 10.2KB が上限の 0KB を超過
[2025-05-25 15:42:23] [INFO] ログローテーション実行: ファイルサイズ 9.91KB が上限の 0KB を超過
[2025-05-25 15:42:23] [INFO] ログローテーション実行: ファイルサイズ 9.65KB が上限の 0KB を超過
[2025-05-25 15:26:34] [INFO] ログローテーション実行: ファイルサイズ 9.36KB が上限の 0KB を超過
[2025-05-25 15:26:34] [INFO] ログローテーション実行: ファイルサイズ 9.1KB が上限の 0KB を超過
[2025-05-25 15:25:52] [INFO] ログローテーション実行: ファイルサイズ 8.81KB が上限の 0KB を超過
[2025-05-25 15:25:52] [INFO] ログローテーション実行: ファイルサイズ 8.54KB が上限の 0KB を超過
[2025-05-25 15:15:55] [INFO] ログローテーション実行: ファイルサイズ 8.26KB が上限の 0KB を超過
[2025-05-25 15:15:55] [INFO] ログローテーション実行: ファイルサイズ 8KB が上限の 0KB を超過
[2025-05-25 14:58:19] [INFO] ログローテーション実行: ファイルサイズ 7.71KB が上限の 0KB を超過
[2025-05-25 14:58:19] [INFO] ログローテーション実行: ファイルサイズ 7.45KB が上限の 0KB を超過
[2025-05-25 14:46:13] [INFO] ログローテーション実行: ファイルサイズ 7.16KB が上限の 0KB を超過
[2025-05-25 14:46:13] [INFO] ログローテーション実行: ファイルサイズ 6.9KB が上限の 0KB を超過
[2025-05-25 14:35:47] [INFO] ログローテーション実行: ファイルサイズ 6.61KB が上限の 0KB を超過
[2025-05-25 14:35:47] [INFO] ログローテーション実行: ファイルサイズ 6.35KB が上限の 0KB を超過
[2025-05-25 14:16:10] [INFO] ログローテーション実行: ファイルサイズ 6.06KB が上限の 0KB を超過
[2025-05-25 14:16:10] [INFO] ログローテーション実行: ファイルサイズ 5.8KB が上限の 0KB を超過
[2025-05-25 14:10:40] [INFO] ログローテーション実行: ファイルサイズ 5.51KB が上限の 0KB を超過
[2025-05-25 14:10:40] [INFO] ログローテーション実行: ファイルサイズ 5.25KB が上限の 0KB を超過
[2025-05-25 14:08:13] [INFO] ログローテーション実行: ファイルサイズ 4.96KB が上限の 0KB を超過
[2025-05-25 14:08:13] [INFO] ログローテーション実行: ファイルサイズ 4.7KB が上限の 0KB を超過
[2025-05-25 13:55:55] [INFO] ログローテーション実行: ファイルサイズ 4.41KB が上限の 0KB を超過
[2025-05-25 13:55:55] [INFO] ログローテーション実行: ファイルサイズ 4.14KB が上限の 0KB を超過
[2025-05-25 13:50:30] [INFO] ログローテーション実行: ファイルサイズ 3.86KB が上限の 0KB を超過
[2025-05-25 13:50:30] [INFO] ログローテーション実行: ファイルサイズ 3.59KB が上限の 0KB を超過
[2025-05-25 13:46:12] [INFO] ログローテーション実行: ファイルサイズ 3.31KB が上限の 0KB を超過
[2025-05-25 13:46:12] [INFO] ログローテーション実行: ファイルサイズ 3.04KB が上限の 0KB を超過
[2025-05-25 13:45:45] [INFO] ログローテーション実行: ファイルサイズ 2.76KB が上限の 0KB を超過
[2025-05-25 13:45:45] [INFO] ログローテーション実行: ファイルサイズ 2.49KB が上限の 0KB を超過
[2025-05-25 13:38:28] [INFO] ログローテーション実行: ファイルサイズ 2.21KB が上限の 0KB を超過
[2025-05-25 13:38:28] [INFO] ログローテーション実行: ファイルサイズ 1.94KB が上限の 0KB を超過
[2025-05-25 13:37:45] [INFO] ログローテーション実行: ファイルサイズ 1.66KB が上限の 0KB を超過
[2025-05-25 13:37:45] [INFO] ログローテーション実行: ファイルサイズ 1.39KB が上限の 0KB を超過
[2025-05-25 13:35:50] [INFO] ログローテーション実行: ファイルサイズ 1.11KB が上限の 0KB を超過
[2025-05-25 13:35:50] [INFO] ログローテーション実行: ファイルサイズ 0.84KB が上限の 0KB を超過
[2025-05-13 11:48:40] [INFO] session 250513105615537721697 closed by manual operation
[2025-05-14 04:04:12] [INFO] session 250513083517216749868 closed by manual operation
[2025-05-14 04:14:23] [INFO] session 250513083517216749868 closed by manual operation
[2025-05-14 04:17:12] [INFO] session 250513083517216749868 closed by manual operation
[2025-05-16 18:35:42] [INFO] session 250514180142907397680 closed by manual operation
[2025-05-25 10:59:32] [INFO] session 250516193833098604749 closed by manual operation
[2025-05-25 10:59:36] [INFO] session 250516191839989404542 closed by manual operation
[2025-05-25 12:50:13] [INFO] session 250525125009149290152 closed by manual operation
[2025-05-25 12:50:53] [INFO] session 250525125050883787123 closed by manual operation
[2025-05-25 13:03:23] [INFO] session 250525130321452342167 closed by manual operation
[2025-05-25 13:35:50] [INFO] 設定ファイル読み込み開始: /home/users/2/but.jp-test-mijeos/web/fgsquare/admin/adminpagesetting/adminsetting.json
[2025-05-25 13:35:50] [INFO] 設定ファイルの読み込みが完了しました
[2025-05-25 13:35:50] [INFO] session 250525133546966537946 closed by manual operation
[2025-05-25 13:37:45] [INFO] 設定ファイル読み込み開始: /home/users/2/but.jp-test-mijeos/web/fgsquare/admin/adminpagesetting/adminsetting.json
[2025-05-25 13:37:45] [INFO] 設定ファイルの読み込みが完了しました
[2025-05-25 13:37:45] [INFO] session 250525133743552842765 closed by manual operation
[2025-05-25 13:38:28] [INFO] 設定ファイル読み込み開始: /home/users/2/but.jp-test-mijeos/web/fgsquare/admin/adminpagesetting/adminsetting.json
[2025-05-25 13:38:28] [INFO] 設定ファイルの読み込みが完了しました
[2025-05-25 13:38:28] [INFO] session 250525133825614620616 closed by manual operation
[2025-05-25 13:45:45] [INFO] 設定ファイル読み込み開始: /home/users/2/but.jp-test-mijeos/web/fgsquare/admin/adminpagesetting/adminsetting.json
[2025-05-25 13:45:45] [INFO] 設定ファイルの読み込みが完了しました
[2025-05-25 13:45:45] [INFO] session 250525134541973023083 closed by manual operation
[2025-05-25 13:46:12] [INFO] 設定ファイル読み込み開始: /home/users/2/but.jp-test-mijeos/web/fgsquare/admin/adminpagesetting/adminsetting.json
[2025-05-25 13:46:12] [INFO] 設定ファイルの読み込みが完了しました
[2025-05-25 13:46:12] [INFO] session 250525134610153241163 closed by manual operation
[2025-05-25 13:50:30] [INFO] 設定ファイル読み込み開始: /home/users/2/but.jp-test-mijeos/web/fgsquare/admin/adminpagesetting/adminsetting.json
[2025-05-25 13:50:30] [INFO] 設定ファイルの読み込みが完了しました
[2025-05-25 13:50:30] [INFO] session 250525135027141240940 closed by manual operation
[2025-05-25 13:55:55] [INFO] 設定ファイル読み込み開始: /home/users/2/but.jp-test-mijeos/web/fgsquare/admin/adminpagesetting/adminsetting.json
[2025-05-25 13:55:55] [INFO] 設定ファイルの読み込みが完了しました
[2025-05-25 13:55:55] [INFO] session 250525135552409544702 closed by manual operation
[2025-05-25 14:08:13] [INFO] 設定ファイル読み込み開始: /home/users/2/but.jp-test-mijeos/web/fgsquare/admin/adminpagesetting/adminsetting.json
[2025-05-25 14:08:13] [INFO] 設定ファイルの読み込みが完了しました
[2025-05-25 14:08:13] [INFO] session 250525140803763679057 closed by manual operation
[2025-05-25 14:10:40] [INFO] 設定ファイル読み込み開始: /home/users/2/but.jp-test-mijeos/web/fgsquare/admin/adminpagesetting/adminsetting.json
[2025-05-25 14:10:40] [INFO] 設定ファイルの読み込みが完了しました
[2025-05-25 14:10:40] [INFO] session 250525141030849739859 closed by manual operation
[2025-05-25 14:16:10] [INFO] 設定ファイル読み込み開始: /home/users/2/but.jp-test-mijeos/web/fgsquare/admin/adminpagesetting/adminsetting.json
[2025-05-25 14:16:10] [INFO] 設定ファイルの読み込みが完了しました
[2025-05-25 14:16:10] [INFO] session 250525141601268032957 closed by manual operation
[2025-05-25 14:35:47] [INFO] 設定ファイル読み込み開始: /home/users/2/but.jp-test-mijeos/web/fgsquare/admin/adminpagesetting/adminsetting.json
[2025-05-25 14:35:47] [INFO] 設定ファイルの読み込みが完了しました
[2025-05-25 14:35:47] [INFO] session 250525141837781938866 closed by manual operation
[2025-05-25 14:46:13] [INFO] 設定ファイル読み込み開始: /home/users/2/but.jp-test-mijeos/web/fgsquare/admin/adminpagesetting/adminsetting.json
[2025-05-25 14:46:13] [INFO] 設定ファイルの読み込みが完了しました
[2025-05-25 14:46:13] [INFO] session 250525143551198191910 closed by manual operation
[2025-05-25 14:58:19] [INFO] 設定ファイル読み込み開始: /home/users/2/but.jp-test-mijeos/web/fgsquare/admin/adminpagesetting/adminsetting.json
[2025-05-25 14:58:19] [INFO] 設定ファイルの読み込みが完了しました
[2025-05-25 14:58:19] [INFO] session 250525145810190527831 closed by manual operation
[2025-05-25 15:15:55] [INFO] 設定ファイル読み込み開始: /home/users/2/but.jp-test-mijeos/web/fgsquare/admin/adminpagesetting/adminsetting.json
[2025-05-25 15:15:55] [INFO] 設定ファイルの読み込みが完了しました
[2025-05-25 15:15:55] [INFO] session 250525151545689181817 closed by manual operation
[2025-05-25 15:25:52] [INFO] 設定ファイル読み込み開始: /home/users/2/but.jp-test-mijeos/web/fgsquare/admin/adminpagesetting/adminsetting.json
[2025-05-25 15:25:52] [INFO] 設定ファイルの読み込みが完了しました
[2025-05-25 15:25:52] [INFO] session 250525152542997928697 closed by manual operation
[2025-05-25 15:26:34] [INFO] 設定ファイル読み込み開始: /home/users/2/but.jp-test-mijeos/web/fgsquare/admin/adminpagesetting/adminsetting.json
[2025-05-25 15:26:34] [INFO] 設定ファイルの読み込みが完了しました
[2025-05-25 15:26:34] [INFO] session 250525152624769410930 closed by manual operation
[2025-05-25 15:42:23] [INFO] 設定ファイル読み込み開始: /home/users/2/but.jp-test-mijeos/web/fgsquare/admin/adminpagesetting/adminsetting.json
[2025-05-25 15:42:23] [INFO] 設定ファイルの読み込みが完了しました
[2025-05-25 15:42:23] [INFO] session 250525154214696132657 closed by manual operation
[2025-05-25 16:02:40] [INFO] 設定ファイル読み込み開始: /home/users/2/but.jp-test-mijeos/web/fgsquare/admin/adminpagesetting/adminsetting.json
[2025-05-25 16:02:40] [INFO] 設定ファイルの読み込みが完了しました
[2025-05-25 16:02:40] [INFO] 設定ファイル読み込み開始: /home/users/2/but.jp-test-mijeos/web/fgsquare/admin/adminpagesetting/adminsetting.json
[2025-05-25 16:02:40] [INFO] 設定ファイルの読み込みが完了しました
[2025-05-25 16:02:40] [INFO] session 250525160231387418020 closed by manual operation
[2025-05-25 16:05:05] [INFO] 設定ファイル読み込み開始: /home/users/2/but.jp-test-mijeos/web/fgsquare/admin/adminpagesetting/adminsetting.json
[2025-05-25 16:05:05] [INFO] 設定ファイルの読み込みが完了しました
[2025-05-25 16:05:05] [INFO] 設定ファイル読み込み開始: /home/users/2/but.jp-test-mijeos/web/fgsquare/admin/adminpagesetting/adminsetting.json
[2025-05-25 16:05:05] [INFO] 設定ファイルの読み込みが完了しました
[2025-05-25 16:05:05] [INFO] session 250525160456519565190 closed by manual operation
[2025-05-25 17:34:09] [ERROR] ERROR: SQLSTATE[42S22]: Column not found: 1054 Unknown column 'square_payment_id' in 'field list'
[2025-05-25 18:01:42] [ERROR] ERROR: 決済情報が見つかりません。先に決済を完了してください。
[2025-05-25 18:35:53] [ERROR] ERROR: 決済情報が見つかりません。先に決済を完了してください。
[2025-05-25 18:44:09] [ERROR] ERROR: 決済情報が見つかりません。先に決済を完了してください。
[2025-05-25 18:47:27] [ERROR] ERROR: 決済情報が見つかりません。先に決済を完了してください。
[2025-05-25 18:49:22] [ERROR] ERROR: 決済情報が見つかりません。先に決済を完了してください。
[2025-05-25 18:50:11] [ERROR] ERROR: 決済情報が見つかりません。先に決済を完了してください。
[2025-05-25 18:51:10] [ERROR] ERROR: 決済情報が見つかりません。先に決済を完了してください。
[2025-05-25 18:52:39] [ERROR] ERROR: 決済情報が見つかりません。先に決済を完了してください。
[2025-05-25 18:54:42] [ERROR] ERROR: 決済情報が見つかりません。先に決済を完了してください。
[2025-05-25 18:59:08] [ERROR] ERROR: 決済情報が見つかりません。先に決済を完了してください。
[2025-05-25 19:06:29] [ERROR] ERROR: 決済情報が見つかりません。先に決済を完了してください。
[2025-05-25 19:13:28] [ERROR] ERROR: 決済情報が見つかりません。先に決済を完了してください。
[2025-05-25 19:13:42] [ERROR] ERROR: 決済情報が見つかりません。先に決済を完了してください。
[2025-05-25 19:15:37] [ERROR] ERROR: 決済情報が見つかりません。先に決済を完了してください。
[2025-05-25 19:22:07] [ERROR] ERROR: 決済情報が見つかりません。先に決済を完了してください。
[2025-05-25 19:22:45] [ERROR] ERROR: 決済情報が見つかりません。先に決済を完了してください。
[2025-05-25 19:25:15] [ERROR] ERROR: 決済情報が見つかりません。先に決済を完了してください。
[2025-05-25 20:27:53] [ERROR] ERROR: 決済情報が見つかりません。先に決済を完了してください。
[2025-05-25 20:33:04] [ERROR] ERROR: 決済情報が見つかりません。先に決済を完了してください。
[2025-05-25 21:06:40] [ERROR] ERROR: 決済情報が見つかりません。先に決済を完了してください。
[2025-05-25 21:17:47] [ERROR] ERROR: 決済情報が見つかりません。先に決済を完了してください。
[2025-05-25 21:28:57] [ERROR] ERROR: 決済情報が見つかりません。先に決済を完了してください。
[2025-05-25 21:29:37] [ERROR] ERROR: 決済情報が見つかりません。先に決済を完了してください。
[2025-05-25 21:32:42] [ERROR] ERROR: 決済情報が見つかりません。先に決済を完了してください。
[2025-05-25 21:34:55] [ERROR] ERROR: 決済情報が見つかりません。先に決済を完了してください。
[2025-05-25 21:53:52] [ERROR] ERROR: 決済情報が見つかりません。先に決済を完了してください。
[2025-05-25 22:01:16] [ERROR] ERROR: 決済情報が見つかりません。先に決済を完了してください。
[2025-05-25 22:08:03] [ERROR] ERROR: 決済情報が見つかりません。先に決済を完了してください。
[2025-05-25 22:09:40] [ERROR] ERROR: 決済情報が見つかりません。先に決済を完了してください。
[2025-05-25 22:17:26] [ERROR] ERROR: 決済情報が見つかりません。先に決済を完了してください。
[2025-05-25 22:23:27] [ERROR] ERROR: 決済情報が見つかりません。先に決済を完了してください。
[2025-05-25 22:29:49] [ERROR] ERROR: 決済情報が見つかりません。先に決済を完了してください。
[2025-05-25 22:46:49] [ERROR] ERROR: 決済情報が見つかりません。先に決済を完了してください。
[2025-05-25 23:13:23] [ERROR] ERROR: 決済情報が見つかりません。先に決済を完了してください。
[2025-05-26 06:37:47] [ERROR] ERROR: 決済情報が見つかりません。先に決済を完了してください。
[2025-05-26 06:42:45] [ERROR] ERROR: 決済情報が見つかりません。先に決済を完了してください。
[2025-05-26 06:48:41] [ERROR] ERROR: 決済情報が見つかりません。先に決済を完了してください。
[2025-05-26 07:05:11] [ERROR] ERROR: 決済情報が見つかりません。先に決済を完了してください。
[2025-05-26 07:14:16] [ERROR] ERROR: 決済情報が見つかりません。先に決済を完了してください。
[2025-05-26 07:22:50] [INFO] 設定ファイル読み込み開始: /home/users/2/but.jp-test-mijeos/web/fgsquare/admin/adminpagesetting/adminsetting.json
[2025-05-26 07:22:50] [INFO] 設定ファイルの読み込みが完了しました
[2025-05-26 07:22:50] [INFO] 設定ファイル読み込み開始: /home/users/2/but.jp-test-mijeos/web/fgsquare/admin/adminpagesetting/adminsetting.json
[2025-05-26 07:22:50] [INFO] 設定ファイルの読み込みが完了しました
[2025-05-26 07:22:50] [INFO] session 250526072238975356923 closed by manual operation
[2025-05-26 07:23:56] [INFO] 設定ファイル読み込み開始: /home/users/2/but.jp-test-mijeos/web/fgsquare/admin/adminpagesetting/adminsetting.json
[2025-05-26 07:23:56] [INFO] 設定ファイルの読み込みが完了しました
[2025-05-26 07:23:56] [INFO] 設定ファイル読み込み開始: /home/users/2/but.jp-test-mijeos/web/fgsquare/admin/adminpagesetting/adminsetting.json
[2025-05-26 07:23:56] [INFO] 設定ファイルの読み込みが完了しました
[2025-05-26 07:23:57] [INFO] session 250526072345158496928 closed by manual operation
[2025-05-26 07:29:48] [ERROR] ERROR: 決済情報が見つかりません。先に決済を完了してください。
[2025-05-26 07:42:43] [INFO] 設定ファイル読み込み開始: /home/users/2/but.jp-test-mijeos/web/fgsquare/admin/adminpagesetting/adminsetting.json
[2025-05-26 07:42:43] [INFO] 設定ファイルの読み込みが完了しました
[2025-05-26 07:42:43] [INFO] 設定ファイル読み込み開始: /home/users/2/but.jp-test-mijeos/web/fgsquare/admin/adminpagesetting/adminsetting.json
[2025-05-26 07:42:43] [INFO] 設定ファイルの読み込みが完了しました
[2025-05-26 07:42:44] [INFO] session 250526074231964226974 closed by manual operation
[2025-05-26 08:03:17] [INFO] 設定ファイル読み込み開始: /home/users/2/but.jp-test-mijeos/web/fgsquare/admin/adminpagesetting/adminsetting.json
[2025-05-26 08:03:17] [INFO] 設定ファイルの読み込みが完了しました
[2025-05-26 08:03:17] [INFO] 設定ファイル読み込み開始: /home/users/2/but.jp-test-mijeos/web/fgsquare/admin/adminpagesetting/adminsetting.json
[2025-05-26 08:03:17] [INFO] 設定ファイルの読み込みが完了しました
[2025-05-26 08:03:18] [INFO] session 250526080306834896328 closed by manual operation
[2025-05-26 08:06:25] [ERROR] ERROR: 決済情報が見つかりません。先に決済を完了してください。
[2025-05-26 08:09:38] [INFO] 設定ファイル読み込み開始: /home/users/2/but.jp-test-mijeos/web/fgsquare/admin/adminpagesetting/adminsetting.json
[2025-05-26 08:09:38] [INFO] 設定ファイルの読み込みが完了しました
[2025-05-26 08:09:38] [INFO] 設定ファイル読み込み開始: /home/users/2/but.jp-test-mijeos/web/fgsquare/admin/adminpagesetting/adminsetting.json
[2025-05-26 08:09:38] [INFO] 設定ファイルの読み込みが完了しました
[2025-05-26 08:09:39] [INFO] session 250526080926959345989 closed by manual operation
[2025-05-26 08:14:40] [INFO] 設定ファイル読み込み開始: /home/users/2/but.jp-test-mijeos/web/fgsquare/admin/adminpagesetting/adminsetting.json
[2025-05-26 08:14:40] [INFO] 設定ファイルの読み込みが完了しました
[2025-05-26 08:14:40] [INFO] 設定ファイル読み込み開始: /home/users/2/but.jp-test-mijeos/web/fgsquare/admin/adminpagesetting/adminsetting.json
[2025-05-26 08:14:40] [INFO] 設定ファイルの読み込みが完了しました
[2025-05-26 08:14:40] [INFO] session 250526081427554338695 closed by manual operation
[2025-05-26 08:28:10] [INFO] 設定ファイル読み込み開始: /home/users/2/but.jp-test-mijeos/web/fgsquare/admin/adminpagesetting/adminsetting.json
[2025-05-26 08:28:10] [INFO] 設定ファイルの読み込みが完了しました
[2025-05-26 08:28:10] [INFO] 設定ファイル読み込み開始: /home/users/2/but.jp-test-mijeos/web/fgsquare/admin/adminpagesetting/adminsetting.json
[2025-05-26 08:28:10] [INFO] 設定ファイルの読み込みが完了しました
[2025-05-26 08:28:11] [INFO] session 250526082758957960944 closed by manual operation
[2025-05-26 08:38:51] [INFO] 設定ファイル読み込み開始: /home/users/2/but.jp-test-mijeos/web/fgsquare/admin/adminpagesetting/adminsetting.json
[2025-05-26 08:38:51] [INFO] 設定ファイルの読み込みが完了しました
[2025-05-26 08:38:51] [INFO] 設定ファイル読み込み開始: /home/users/2/but.jp-test-mijeos/web/fgsquare/admin/adminpagesetting/adminsetting.json
[2025-05-26 08:38:51] [INFO] 設定ファイルの読み込みが完了しました
[2025-05-26 08:38:52] [INFO] session 250526083840632781357 closed by manual operation
[2025-05-26 08:51:12] [INFO] 設定ファイル読み込み開始: /home/users/2/but.jp-test-mijeos/web/fgsquare/admin/adminpagesetting/adminsetting.json
[2025-05-26 08:51:12] [INFO] 設定ファイルの読み込みが完了しました
[2025-05-26 08:51:12] [INFO] 設定ファイル読み込み開始: /home/users/2/but.jp-test-mijeos/web/fgsquare/admin/adminpagesetting/adminsetting.json
[2025-05-26 08:51:12] [INFO] 設定ファイルの読み込みが完了しました
[2025-05-26 08:51:12] [INFO] session 250526085100439608153 closed by manual operation
[2025-05-26 08:57:16] [INFO] 設定ファイル読み込み開始: /home/users/2/but.jp-test-mijeos/web/fgsquare/admin/adminpagesetting/adminsetting.json
[2025-05-26 08:57:16] [INFO] 設定ファイルの読み込みが完了しました
[2025-05-26 08:57:16] [INFO] 設定ファイル読み込み開始: /home/users/2/but.jp-test-mijeos/web/fgsquare/admin/adminpagesetting/adminsetting.json
[2025-05-26 08:57:16] [INFO] 設定ファイルの読み込みが完了しました
[2025-05-26 08:57:17] [INFO] session 250526085703746413157 closed by manual operation
[2025-05-26 09:03:25] [INFO] 設定ファイル読み込み開始: /home/users/2/but.jp-test-mijeos/web/fgsquare/admin/adminpagesetting/adminsetting.json
[2025-05-26 09:03:25] [INFO] 設定ファイルの読み込みが完了しました
[2025-05-26 09:03:25] [INFO] 設定ファイル読み込み開始: /home/users/2/but.jp-test-mijeos/web/fgsquare/admin/adminpagesetting/adminsetting.json
[2025-05-26 09:03:25] [INFO] 設定ファイルの読み込みが完了しました
[2025-05-26 09:03:26] [INFO] session 250526090314179831895 closed by manual operation
[2025-05-26 18:51:52] [INFO] 設定ファイル読み込み開始: /home/users/2/but.jp-test-mijeos/web/fgsquare/admin/adminpagesetting/adminsetting.json
[2025-05-26 18:51:52] [INFO] 設定ファイルの読み込みが完了しました
[2025-05-26 18:51:52] [INFO] 設定ファイル読み込み開始: /home/users/2/but.jp-test-mijeos/web/fgsquare/admin/adminpagesetting/adminsetting.json
[2025-05-26 18:51:52] [INFO] 設定ファイルの読み込みが完了しました
[2025-05-26 18:51:53] [INFO] session 250526185140050302949 closed by manual operation
[2025-05-26 18:55:38] [INFO] 設定ファイル読み込み開始: /home/users/2/but.jp-test-mijeos/web/fgsquare/admin/adminpagesetting/adminsetting.json
[2025-05-26 18:55:38] [INFO] 設定ファイルの読み込みが完了しました
[2025-05-26 18:55:38] [INFO] 設定ファイル読み込み開始: /home/users/2/but.jp-test-mijeos/web/fgsquare/admin/adminpagesetting/adminsetting.json
[2025-05-26 18:55:38] [INFO] 設定ファイルの読み込みが完了しました
[2025-05-26 18:55:38] [INFO] session 250526185526255666559 closed by manual operation
[2025-05-30 14:43:26] [ERROR] ERROR: 決済情報が見つかりません。先に決済を完了してください。
[2025-05-30 16:48:44] [ERROR] ERROR: 決済情報が見つかりません。先に決済を完了してください。
[2025-05-30 16:59:28] [ERROR] ERROR: 決済情報が見つかりません。先に決済を完了してください。
[2025-05-30 22:43:46] [INFO] Force close requested for session 250530224306984018893
[2025-05-30 22:43:46] [INFO] 設定ファイル読み込み開始: /home/users/2/but.jp-test-mijeos/web/fgsquare/admin/adminpagesetting/adminsetting.json
[2025-05-30 22:43:46] [INFO] 設定ファイルの読み込みが完了しました
[2025-05-30 22:43:46] [INFO] 設定ファイル読み込み開始: /home/users/2/but.jp-test-mijeos/web/fgsquare/admin/adminpagesetting/adminsetting.json
[2025-05-30 22:43:46] [INFO] 設定ファイルの読み込みが完了しました
[2025-05-30 22:43:47] [INFO] session 250530224306984018893 closed by manual operation
[2025-05-31 01:11:45] [INFO] Force close requested for session 250530231759511031730
[2025-05-31 01:11:46] [INFO] 設定ファイル読み込み開始: /home/users/2/but.jp-test-mijeos/web/fgsquare/admin/adminpagesetting/adminsetting.json
[2025-05-31 01:11:46] [INFO] 設定ファイルの読み込みが完了しました
[2025-05-31 01:11:46] [INFO] 設定ファイル読み込み開始: /home/users/2/but.jp-test-mijeos/web/fgsquare/admin/adminpagesetting/adminsetting.json
[2025-05-31 01:11:46] [INFO] 設定ファイルの読み込みが完了しました
[2025-05-31 01:11:47] [INFO] session 250530231759511031730 closed by manual operation
[2025-05-31 14:59:25] [INFO] Force close requested for session 250530231759511031730
[2025-05-31 14:59:26] [INFO] 設定ファイル読み込み開始: /home/users/2/but.jp-test-mijeos/web/fgsquare/admin/adminpagesetting/adminsetting.json
[2025-05-31 14:59:26] [INFO] 設定ファイルの読み込みが完了しました
[2025-05-31 14:59:26] [INFO] 設定ファイル読み込み開始: /home/users/2/but.jp-test-mijeos/web/fgsquare/admin/adminpagesetting/adminsetting.json
[2025-05-31 14:59:26] [INFO] 設定ファイルの読み込みが完了しました
[2025-05-31 14:59:28] [INFO] session 250530231759511031730 closed by manual operation
[2025-05-31 20:41:09] [INFO] Force close requested for session 250531204049108851335
[2025-05-31 20:41:09] [INFO] 設定ファイル読み込み開始: /home/users/2/but.jp-test-mijeos/web/fgsquare/admin/adminpagesetting/adminsetting.json
[2025-05-31 20:41:09] [INFO] 設定ファイルの読み込みが完了しました
[2025-05-31 20:41:09] [INFO] 設定ファイル読み込み開始: /home/users/2/but.jp-test-mijeos/web/fgsquare/admin/adminpagesetting/adminsetting.json
[2025-05-31 20:41:09] [INFO] 設定ファイルの読み込みが完了しました
[2025-05-31 20:41:10] [INFO] session 250531204049108851335 closed by manual operation
[2025-06-01 07:38:15] [INFO] Force close requested for session 250531215538850514890
[2025-06-01 07:38:16] [INFO] 設定ファイル読み込み開始: /home/users/2/but.jp-test-mijeos/web/fgsquare/admin/adminpagesetting/adminsetting.json
[2025-06-01 07:38:16] [INFO] 設定ファイルの読み込みが完了しました
[2025-06-01 07:38:16] [INFO] 設定ファイル読み込み開始: /home/users/2/but.jp-test-mijeos/web/fgsquare/admin/adminpagesetting/adminsetting.json
[2025-06-01 07:38:16] [INFO] 設定ファイルの読み込みが完了しました
[2025-06-01 07:38:17] [INFO] session 250531215538850514890 closed by manual operation
[2025-06-01 08:16:46] [INFO] Force close requested for session 250601074037602708271
[2025-06-01 08:16:47] [INFO] 設定ファイル読み込み開始: /home/users/2/but.jp-test-mijeos/web/fgsquare/admin/adminpagesetting/adminsetting.json
[2025-06-01 08:16:47] [INFO] 設定ファイルの読み込みが完了しました
[2025-06-01 08:16:47] [INFO] 設定ファイル読み込み開始: /home/users/2/but.jp-test-mijeos/web/fgsquare/admin/adminpagesetting/adminsetting.json
[2025-06-01 08:16:47] [INFO] 設定ファイルの読み込みが完了しました
[2025-06-01 08:16:48] [INFO] session 250601074037602708271 closed by manual operation
[2025-06-01 08:27:00] [INFO] Force close requested for session 250601081909514776075
[2025-06-01 08:27:01] [INFO] 設定ファイル読み込み開始: /home/users/2/but.jp-test-mijeos/web/fgsquare/admin/adminpagesetting/adminsetting.json
[2025-06-01 08:27:01] [INFO] 設定ファイルの読み込みが完了しました
[2025-06-01 08:27:01] [INFO] 設定ファイル読み込み開始: /home/users/2/but.jp-test-mijeos/web/fgsquare/admin/adminpagesetting/adminsetting.json
[2025-06-01 08:27:01] [INFO] 設定ファイルの読み込みが完了しました
[2025-06-01 08:27:02] [INFO] session 250601081909514776075 closed by manual operation
[2025-06-01 08:41:18] [INFO] Force close requested for session 250601082818213483637
[2025-06-01 08:41:20] [INFO] 設定ファイル読み込み開始: /home/users/2/but.jp-test-mijeos/web/fgsquare/admin/adminpagesetting/adminsetting.json
[2025-06-01 08:41:20] [INFO] 設定ファイルの読み込みが完了しました
[2025-06-01 08:41:20] [INFO] 設定ファイル読み込み開始: /home/users/2/but.jp-test-mijeos/web/fgsquare/admin/adminpagesetting/adminsetting.json
[2025-06-01 08:41:20] [INFO] 設定ファイルの読み込みが完了しました
[2025-06-01 08:41:21] [INFO] session 250601082818213483637 closed by manual operation
[2025-06-01 09:35:27] [INFO] Force close requested for session 250601084229175368700
[2025-06-01 09:35:27] [INFO] 設定ファイル読み込み開始: /home/users/2/but.jp-test-mijeos/web/fgsquare/admin/adminpagesetting/adminsetting.json
[2025-06-01 09:35:27] [INFO] 設定ファイルの読み込みが完了しました
[2025-06-01 09:35:27] [INFO] 設定ファイル読み込み開始: /home/users/2/but.jp-test-mijeos/web/fgsquare/admin/adminpagesetting/adminsetting.json
[2025-06-01 09:35:27] [INFO] 設定ファイルの読み込みが完了しました
[2025-06-01 09:35:28] [INFO] session 250601084229175368700 closed by manual operation
[2025-06-01 09:56:54] [INFO] Force close requested for session 250601093637376496708
[2025-06-01 09:57:06] [INFO] Force close requested for session 250601093637376496708
[2025-06-01 09:57:33] [INFO] Force close requested for session 250601093637376496708
[2025-06-06 20:37:46] [INFO] Force close requested for session 250601111519008399961
[2025-06-06 20:37:47] [INFO] 設定ファイル読み込み開始: /home/users/2/but.jp-test-mijeos/web/fgsquare/admin/adminpagesetting/adminsetting.json
[2025-06-06 20:37:47] [INFO] 設定ファイルの読み込みが完了しました
[2025-06-06 20:37:47] [INFO] 設定ファイル読み込み開始: /home/users/2/but.jp-test-mijeos/web/fgsquare/admin/adminpagesetting/adminsetting.json
[2025-06-06 20:37:47] [INFO] 設定ファイルの読み込みが完了しました
[2025-06-06 20:37:48] [INFO] session 250601111519008399961 closed by manual operation
[2025-06-07 13:37:36] [INFO] Force close requested for session 250607124153547268966
[2025-06-07 13:37:36] [INFO] 設定ファイル読み込み開始: /home/users/2/but.jp-test-mijeos/web/fgsquare/admin/adminpagesetting/adminsetting.json
[2025-06-07 13:37:36] [INFO] 設定ファイルの読み込みが完了しました
[2025-06-07 13:37:36] [INFO] 設定ファイル読み込み開始: /home/users/2/but.jp-test-mijeos/web/fgsquare/admin/adminpagesetting/adminsetting.json
[2025-06-07 13:37:36] [INFO] 設定ファイルの読み込みが完了しました
[2025-06-07 13:37:38] [INFO] session 250607124153547268966 closed by manual operation
[2025-06-28 18:18:27] [INFO] Force close requested for session 250618153009484007016
[2025-06-28 18:18:29] [INFO] 設定ファイル読み込み開始: /home/users/2/but.jp-test-mijeos/web/fgsquare/admin/adminpagesetting/adminsetting.json
[2025-06-28 18:18:29] [INFO] 設定ファイルの読み込みが完了しました
[2025-06-28 18:18:29] [INFO] 設定ファイル読み込み開始: /home/users/2/but.jp-test-mijeos/web/fgsquare/admin/adminpagesetting/adminsetting.json
[2025-06-28 18:18:29] [INFO] 設定ファイルの読み込みが完了しました
[2025-06-28 18:18:30] [INFO] session 250618153009484007016 closed by manual operation
[2025-07-06 15:05:19] [INFO] Force close requested for session 250615174711837655670
[2025-07-06 15:05:20] [INFO] 設定ファイル読み込み開始: /home/users/2/but.jp-test-mijeos/web/fgsquare/admin/adminpagesetting/adminsetting.json
[2025-07-06 15:05:20] [INFO] 設定ファイルの読み込みが完了しました
[2025-07-06 15:05:20] [INFO] 設定ファイル読み込み開始: /home/users/2/but.jp-test-mijeos/web/fgsquare/admin/adminpagesetting/adminsetting.json
[2025-07-06 15:05:20] [INFO] 設定ファイルの読み込みが完了しました
[2025-07-06 15:05:22] [INFO] session 250615174711837655670 closed by manual operation
[2025-07-14 17:18:32] [INFO] Force close requested for session 250713171704456656329
[2025-07-14 17:18:33] [INFO] 設定ファイル読み込み開始: /home/users/2/but.jp-test-mijeos/web/fgsquare/admin/adminpagesetting/adminsetting.json
[2025-07-14 17:18:33] [INFO] 設定ファイルの読み込みが完了しました
[2025-07-14 17:18:33] [INFO] 設定ファイル読み込み開始: /home/users/2/but.jp-test-mijeos/web/fgsquare/admin/adminpagesetting/adminsetting.json
[2025-07-14 17:18:33] [INFO] 設定ファイルの読み込みが完了しました
[2025-07-14 17:18:35] [INFO] session 250713171704456656329 closed by manual operation
[2025-07-31 18:10:27] [INFO] Force close requested for session 250713171704456656329
[2025-07-31 18:10:28] [INFO] 設定ファイル読み込み開始: /home/users/2/but.jp-test-mijeos/web/fgsquare/admin/adminpagesetting/adminsetting.json
[2025-07-31 18:10:28] [INFO] 設定ファイルの読み込みが完了しました
[2025-07-31 18:10:28] [INFO] 設定ファイル読み込み開始: /home/users/2/but.jp-test-mijeos/web/fgsquare/admin/adminpagesetting/adminsetting.json
[2025-07-31 18:10:28] [INFO] 設定ファイルの読み込みが完了しました
[2025-07-31 18:10:29] [INFO] session 250713171704456656329 closed by manual operation
[2025-08-02 13:22:24] [INFO] Force close requested for session 250731143815826121773
[2025-08-02 13:22:25] [INFO] 設定ファイル読み込み開始: /home/users/2/but.jp-test-mijeos/web/fgsquare/admin/adminpagesetting/adminsetting.json
[2025-08-02 13:22:25] [INFO] 設定ファイルの読み込みが完了しました
[2025-08-02 13:22:25] [INFO] 設定ファイル読み込み開始: /home/users/2/but.jp-test-mijeos/web/fgsquare/admin/adminpagesetting/adminsetting.json
[2025-08-02 13:22:25] [INFO] 設定ファイルの読み込みが完了しました
[2025-08-02 13:22:26] [INFO] session 250731143815826121773 closed by manual operation
[2025-08-07 17:33:47] [INFO] Force close requested for session 250804182523577578304
[2025-08-07 17:33:47] [INFO] 設定ファイル読み込み開始: /home/users/2/but.jp-test-mijeos/web/fgsquare/admin/adminpagesetting/adminsetting.json
[2025-08-07 17:33:47] [INFO] 設定ファイルの読み込みが完了しました
[2025-08-07 17:33:47] [INFO] 設定ファイル読み込み開始: /home/users/2/but.jp-test-mijeos/web/fgsquare/admin/adminpagesetting/adminsetting.json
[2025-08-07 17:33:47] [INFO] 設定ファイルの読み込みが完了しました
[2025-08-07 17:33:49] [INFO] session 250804182523577578304 closed by manual operation
[2025-08-07 17:34:34] [INFO] Force close requested for session 250606122730220928294
[2025-08-07 17:34:34] [INFO] 設定ファイル読み込み開始: /home/users/2/but.jp-test-mijeos/web/fgsquare/admin/adminpagesetting/adminsetting.json
[2025-08-07 17:34:34] [INFO] 設定ファイルの読み込みが完了しました
[2025-08-07 17:34:34] [INFO] 設定ファイル読み込み開始: /home/users/2/but.jp-test-mijeos/web/fgsquare/admin/adminpagesetting/adminsetting.json
[2025-08-07 17:34:34] [INFO] 設定ファイルの読み込みが完了しました
[2025-08-07 17:34:35] [INFO] session 250606122730220928294 closed by manual operation
[2025-08-07 18:43:01] [INFO] Force close requested for session 250807173614014387973
[2025-08-07 18:43:02] [INFO] 設定ファイル読み込み開始: /home/users/2/but.jp-test-mijeos/web/fgsquare/admin/adminpagesetting/adminsetting.json
[2025-08-07 18:43:02] [INFO] 設定ファイルの読み込みが完了しました
[2025-08-07 18:43:02] [INFO] 設定ファイル読み込み開始: /home/users/2/but.jp-test-mijeos/web/fgsquare/admin/adminpagesetting/adminsetting.json
[2025-08-07 18:43:02] [INFO] 設定ファイルの読み込みが完了しました
[2025-08-07 18:43:03] [INFO] session 250807173614014387973 closed by manual operation
[2025-08-10 08:10:34] [INFO] Force close requested for session 250810055452057421794
[2025-08-10 08:10:35] [INFO] 設定ファイル読み込み開始: /home/users/2/but.jp-test-mijeos/web/fgsquare/admin/adminpagesetting/adminsetting.json
[2025-08-10 08:10:35] [INFO] 設定ファイルの読み込みが完了しました
[2025-08-10 08:10:35] [INFO] 設定ファイル読み込み開始: /home/users/2/but.jp-test-mijeos/web/fgsquare/admin/adminpagesetting/adminsetting.json
[2025-08-10 08:10:35] [INFO] 設定ファイルの読み込みが完了しました
[2025-08-10 08:10:36] [INFO] session 250810055452057421794 closed by manual operation
[2025-08-10 09:15:22] [INFO] Force close requested for session 250810084419324851493
[2025-08-10 09:15:23] [INFO] 設定ファイル読み込み開始: /home/users/2/but.jp-test-mijeos/web/fgsquare/admin/adminpagesetting/adminsetting.json
[2025-08-10 09:15:23] [INFO] 設定ファイルの読み込みが完了しました
[2025-08-10 09:15:23] [INFO] 設定ファイル読み込み開始: /home/users/2/but.jp-test-mijeos/web/fgsquare/admin/adminpagesetting/adminsetting.json
[2025-08-10 09:15:23] [INFO] 設定ファイルの読み込みが完了しました
[2025-08-10 09:15:24] [INFO] session 250810084419324851493 closed by manual operation
[2025-08-10 16:48:35] [INFO] Force close requested for session 250810092251124639899
[2025-08-10 16:48:36] [INFO] 設定ファイル読み込み開始: /home/users/2/but.jp-test-mijeos/web/fgsquare/admin/adminpagesetting/adminsetting.json
[2025-08-10 16:48:36] [INFO] 設定ファイルの読み込みが完了しました
[2025-08-10 16:48:36] [INFO] 設定ファイル読み込み開始: /home/users/2/but.jp-test-mijeos/web/fgsquare/admin/adminpagesetting/adminsetting.json
[2025-08-10 16:48:36] [INFO] 設定ファイルの読み込みが完了しました
[2025-08-10 16:48:36] [INFO] session 250810092251124639899 closed by manual operation
[2025-08-11 16:30:29] [INFO] Force close requested for session 250810153948988196384
[2025-08-11 16:30:30] [INFO] 設定ファイル読み込み開始: /home/users/2/but.jp-test-mijeos/web/fgsquare/admin/adminpagesetting/adminsetting.json
[2025-08-11 16:30:30] [INFO] 設定ファイルの読み込みが完了しました
[2025-08-11 16:30:30] [INFO] 設定ファイル読み込み開始: /home/users/2/but.jp-test-mijeos/web/fgsquare/admin/adminpagesetting/adminsetting.json
[2025-08-11 16:30:30] [INFO] 設定ファイルの読み込みが完了しました
[2025-08-11 16:30:31] [INFO] session 250810153948988196384 closed by manual operation
[2025-08-11 16:30:34] [INFO] Force close requested for session 250810153948988196384
[2025-08-11 16:30:34] [INFO] 設定ファイル読み込み開始: /home/users/2/but.jp-test-mijeos/web/fgsquare/admin/adminpagesetting/adminsetting.json
[2025-08-11 16:30:34] [INFO] 設定ファイルの読み込みが完了しました
[2025-08-11 16:30:34] [INFO] 設定ファイル読み込み開始: /home/users/2/but.jp-test-mijeos/web/fgsquare/admin/adminpagesetting/adminsetting.json
[2025-08-11 16:30:34] [INFO] 設定ファイルの読み込みが完了しました
[2025-08-11 16:30:35] [INFO] session 250810153948988196384 closed by manual operation
[2025-08-12 14:58:22] [INFO] Force close requested for session 250811193740032566400
[2025-08-12 14:58:24] [INFO] 設定ファイル読み込み開始: /home/users/2/but.jp-test-mijeos/web/fgsquare/admin/adminpagesetting/adminsetting.json
[2025-08-12 14:58:24] [INFO] 設定ファイルの読み込みが完了しました
[2025-08-12 14:58:24] [INFO] 設定ファイル読み込み開始: /home/users/2/but.jp-test-mijeos/web/fgsquare/admin/adminpagesetting/adminsetting.json
[2025-08-12 14:58:24] [INFO] 設定ファイルの読み込みが完了しました
[2025-08-12 14:58:25] [INFO] session 250811193740032566400 closed by manual operation
[2025-08-12 15:05:07] [INFO] Force close requested for session 250808171924393068826
[2025-08-12 15:05:08] [INFO] 設定ファイル読み込み開始: /home/users/2/but.jp-test-mijeos/web/fgsquare/admin/adminpagesetting/adminsetting.json
[2025-08-12 15:05:08] [INFO] 設定ファイルの読み込みが完了しました
[2025-08-12 15:05:08] [INFO] 設定ファイル読み込み開始: /home/users/2/but.jp-test-mijeos/web/fgsquare/admin/adminpagesetting/adminsetting.json
[2025-08-12 15:05:08] [INFO] 設定ファイルの読み込みが完了しました
[2025-08-12 15:05:09] [INFO] session 250808171924393068826 closed by manual operation
[2025-08-14 09:56:42] [INFO] Force close requested for session 250812204506720358723
[2025-08-14 09:56:43] [INFO] 設定ファイル読み込み開始: /home/users/2/but.jp-test-mijeos/web/fgsquare/admin/adminpagesetting/adminsetting.json
[2025-08-14 09:56:43] [INFO] 設定ファイルの読み込みが完了しました
[2025-08-14 09:56:43] [INFO] 設定ファイル読み込み開始: /home/users/2/but.jp-test-mijeos/web/fgsquare/admin/adminpagesetting/adminsetting.json
[2025-08-14 09:56:43] [INFO] 設定ファイルの読み込みが完了しました
[2025-08-14 09:56:43] [INFO] session 250812204506720358723 closed by manual operation
[2025-08-14 09:58:53] [INFO] Force close requested for session 250813182015138244729
[2025-08-14 09:58:54] [INFO] 設定ファイル読み込み開始: /home/users/2/but.jp-test-mijeos/web/fgsquare/admin/adminpagesetting/adminsetting.json
[2025-08-14 09:58:54] [INFO] 設定ファイルの読み込みが完了しました
[2025-08-14 09:58:54] [INFO] 設定ファイル読み込み開始: /home/users/2/but.jp-test-mijeos/web/fgsquare/admin/adminpagesetting/adminsetting.json
[2025-08-14 09:58:54] [INFO] 設定ファイルの読み込みが完了しました
[2025-08-14 09:58:55] [INFO] session 250813182015138244729 closed by manual operation
[2025-08-14 10:10:03] [INFO] Force close requested for session 250812170846933239129
[2025-08-14 10:10:05] [INFO] 設定ファイル読み込み開始: /home/users/2/but.jp-test-mijeos/web/fgsquare/admin/adminpagesetting/adminsetting.json
[2025-08-14 10:10:05] [INFO] 設定ファイルの読み込みが完了しました
[2025-08-14 10:10:05] [INFO] 設定ファイル読み込み開始: /home/users/2/but.jp-test-mijeos/web/fgsquare/admin/adminpagesetting/adminsetting.json
[2025-08-14 10:10:05] [INFO] 設定ファイルの読み込みが完了しました
[2025-08-14 10:10:05] [INFO] session 250812170846933239129 closed by manual operation
[2025-08-14 10:10:16] [INFO] Force close requested for session 250812213521676699650
[2025-08-14 10:10:16] [INFO] 設定ファイル読み込み開始: /home/users/2/but.jp-test-mijeos/web/fgsquare/admin/adminpagesetting/adminsetting.json
[2025-08-14 10:10:16] [INFO] 設定ファイルの読み込みが完了しました
[2025-08-14 10:10:16] [INFO] 設定ファイル読み込み開始: /home/users/2/but.jp-test-mijeos/web/fgsquare/admin/adminpagesetting/adminsetting.json
[2025-08-14 10:10:16] [INFO] 設定ファイルの読み込みが完了しました
[2025-08-14 10:10:17] [INFO] session 250812213521676699650 closed by manual operation
