[2025-05-12 17:33:59] [INFO] 注文履歴API呼び出し開始
[2025-05-12 17:33:59] [INFO] 部屋番号: fg#10 での履歴取得
[2025-05-12 17:33:59] [INFO] データベース接続成功
[2025-05-12 17:33:59] [INFO] 注文履歴API呼び出し開始
[2025-05-12 17:33:59] [INFO] 部屋番号: fg#10 での履歴取得
[2025-05-12 17:33:59] [ERROR] 予期せぬエラー: SQLSTATE[42S22]: Column not found: 1054 Unknown column 'o.status' in 'field list'
[2025-05-12 17:33:59] [INFO] 注文履歴API呼び出し開始
[2025-05-12 17:33:59] [INFO] 部屋番号: fg#10 での履歴取得
[2025-05-12 17:33:59] [INFO] データベース接続成功
[2025-05-12 17:33:59] [ERROR] 予期せぬエラー: SQLSTATE[42S22]: Column not found: 1054 Unknown column 'o.status' in 'field list'
[2025-05-12 17:33:59] [INFO] データベース接続成功
[2025-05-12 17:33:59] [ERROR] 予期せぬエラー: SQLSTATE[42S22]: Column not found: 1054 Unknown column 'o.status' in 'field list'
[2025-05-12 18:14:40] [INFO] 履歴取得開始 room_number=fg#10
[2025-05-12 18:17:41] [INFO] 履歴取得開始 room_number=fg#10
[2025-05-12 18:17:41] [INFO] 取得件数: 0
[2025-05-12 19:23:47] [INFO] 履歴取得開始 room_number=fg#10
[2025-05-12 19:23:47] [INFO] 取得件数: 0
[2025-05-13 10:27:31] [INFO] 履歴取得開始 room_number=fg#10
[2025-05-13 10:27:31] [INFO] 取得件数: 5
[2025-05-13 10:38:15] [INFO] 履歴取得開始 room_number=fg#10
[2025-05-13 10:38:15] [INFO] 取得件数: 5
[2025-05-13 10:39:42] [INFO] 履歴取得開始 room_number=fg#10
[2025-05-13 10:39:42] [INFO] 取得件数: 5
[2025-05-13 11:25:22] [INFO] 履歴取得開始 room_number=fg#11
[2025-05-13 11:25:22] [INFO] 取得件数: 3
[2025-05-14 01:10:51] [INFO] 履歴取得開始 room_number=fg#10
[2025-05-14 01:10:51] [INFO] 取得件数: 3
[2025-05-14 01:24:45] [INFO] 履歴取得開始 room_number=fg#10
[2025-05-14 01:24:45] [INFO] 取得件数: 3
[2025-05-14 01:28:36] [INFO] 履歴取得開始 room_number=fg#10
[2025-05-14 01:28:36] [INFO] 取得件数: 4
[2025-05-14 03:12:07] [INFO] 履歴取得開始 room_number=fg#10
[2025-05-14 03:12:07] [INFO] 取得件数: 12
[2025-05-16 19:22:44] [INFO] 履歴取得開始 room_number=fg#09
[2025-05-16 19:22:44] [INFO] 取得件数: 1
[2025-05-16 19:23:09] [INFO] 履歴取得開始 room_number=fg#09
[2025-05-16 19:23:09] [INFO] 取得件数: 1
[2025-05-16 19:23:33] [INFO] 履歴取得開始 room_number=fg#09
[2025-05-16 19:23:33] [INFO] 取得件数: 1
[2025-05-16 19:40:55] [INFO] 履歴取得開始 room_number=fg#01
[2025-05-16 19:40:55] [INFO] 取得件数: 1
[2025-05-30 17:35:45] [INFO] 履歴取得開始 room_number=fg#12
[2025-05-30 17:35:45] [INFO] 取得件数: 0
[2025-05-30 17:35:49] [INFO] 履歴取得開始 room_number=fg#12
[2025-05-30 17:35:49] [INFO] 取得件数: 0
[2025-05-30 17:35:53] [INFO] 履歴取得開始 room_number=fg#12
[2025-05-30 17:35:53] [INFO] 取得件数: 0
[2025-05-31 00:04:13] [INFO] 履歴取得開始 room_number=fg#99
[2025-05-31 00:04:13] [INFO] 取得件数: 2
[2025-05-31 00:20:05] [INFO] 履歴取得開始 room_number=fg#99
[2025-05-31 00:20:05] [INFO] 取得件数: 3
[2025-05-31 00:55:13] [INFO] 履歴取得開始 room_number=fg#99
[2025-05-31 00:55:13] [INFO] 取得件数: 6
[2025-05-31 09:08:02] [INFO] 履歴取得開始 room_number=fg#04
[2025-05-31 09:08:02] [INFO] 取得件数: 0
[2025-05-31 20:55:13] [INFO] 履歴取得開始 room_number=fg#09
[2025-05-31 20:55:13] [INFO] 取得件数: 1
[2025-05-31 20:55:49] [INFO] 履歴取得開始 room_number=fg#09
[2025-05-31 20:55:49] [INFO] 取得件数: 1
[2025-06-01 08:21:09] [INFO] 履歴取得開始 room_number=fg#06
[2025-06-01 08:21:09] [INFO] 取得件数: 1
[2025-06-04 17:06:48] [INFO] 履歴取得開始 room_number=fg#04
[2025-06-04 17:06:48] [INFO] 取得件数: 2
[2025-06-04 17:07:02] [INFO] 履歴取得開始 room_number=fg#04
[2025-06-04 17:07:02] [INFO] 取得件数: 2
[2025-06-04 17:07:52] [INFO] 履歴取得開始 room_number=fg#04
[2025-06-04 17:07:52] [INFO] 取得件数: 3
[2025-06-06 12:29:57] [INFO] 履歴取得開始 room_number=fg#12
[2025-06-06 12:29:57] [INFO] 取得件数: 1
[2025-06-06 12:30:25] [INFO] 履歴取得開始 room_number=fg#12
[2025-06-06 12:30:25] [INFO] 取得件数: 1
[2025-06-06 12:54:11] [INFO] 履歴取得開始 room_number=fg#12
[2025-06-06 12:54:11] [INFO] 取得件数: 2
[2025-06-07 07:37:36] [INFO] 履歴取得開始 room_number=fg#09
[2025-06-07 07:37:36] [INFO] 取得件数: 0
[2025-06-18 18:03:01] [INFO] 履歴取得開始 room_number=fg#01
[2025-06-18 18:03:01] [INFO] 取得件数: 3
[2025-06-18 18:09:59] [INFO] 履歴取得開始 room_number=fg#01
[2025-06-18 18:10:00] [INFO] 取得件数: 3
[2025-06-18 18:19:33] [INFO] 履歴取得開始 room_number=fg#01
[2025-06-18 18:19:33] [INFO] 取得件数: 3
[2025-06-18 18:50:28] [INFO] 履歴取得開始 room_number=fg#01
[2025-06-18 18:50:28] [INFO] 取得件数: 4
[2025-06-18 22:59:43] [INFO] 履歴取得開始 room_number=fg#01
[2025-06-18 22:59:43] [INFO] 取得件数: 7
[2025-06-27 20:31:39] [INFO] 履歴取得開始 room_number=fg#99
[2025-06-27 20:31:39] [INFO] 取得件数: 1
[2025-07-20 17:26:33] [INFO] 履歴取得開始 room_number=fg#06
[2025-07-20 17:26:33] [INFO] 取得件数: 2
[2025-07-20 19:06:17] [INFO] 履歴取得開始 room_number=fg#03
[2025-07-20 19:06:17] [INFO] 取得件数: 0
[2025-07-20 19:12:42] [INFO] 履歴取得開始 room_number=fg#06
[2025-07-20 19:12:42] [INFO] 取得件数: 3
[2025-07-20 20:10:28] [INFO] 履歴取得開始 room_number=fg#03
[2025-07-20 20:10:28] [INFO] 取得件数: 3
[2025-08-08 19:55:37] [INFO] 履歴取得開始 room_number=fg#01
[2025-08-08 19:55:37] [INFO] 取得件数: 8
[2025-08-08 20:53:28] [INFO] 履歴取得開始 room_number=fg#02
[2025-08-08 20:53:28] [INFO] 取得件数: 1
[2025-08-10 18:07:30] [INFO] 履歴取得開始 room_number=fg#06
[2025-08-10 18:07:30] [INFO] 取得件数: 2
[2025-08-10 18:32:26] [INFO] 履歴取得開始 room_number=fg#06
[2025-08-10 18:32:26] [INFO] 取得件数: 2
[2025-08-10 20:16:57] [INFO] 履歴取得開始 room_number=fg#06
[2025-08-10 20:16:57] [INFO] 取得件数: 3
[2025-08-10 21:11:57] [INFO] 履歴取得開始 room_number=fg#03
[2025-08-10 21:11:57] [INFO] 取得件数: 0
[2025-08-10 21:12:53] [INFO] 履歴取得開始 room_number=fg#03
[2025-08-10 21:12:53] [INFO] 取得件数: 0
[2025-08-11 18:57:24] [INFO] 履歴取得開始 room_number=fg#02
[2025-08-11 18:57:24] [INFO] 取得件数: 1
[2025-08-11 19:46:25] [INFO] 履歴取得開始 room_number=fg#13
[2025-08-11 19:46:25] [INFO] 取得件数: 1
[2025-08-12 17:05:40] [INFO] 履歴取得開始 room_number=fg#08
[2025-08-12 17:05:40] [INFO] 取得件数: 0
[2025-08-12 20:01:37] [INFO] 履歴取得開始 room_number=fg#05
[2025-08-12 20:01:37] [INFO] 取得件数: 4
[2025-08-12 20:02:30] [INFO] 履歴取得開始 room_number=fg#05
[2025-08-12 20:02:30] [INFO] 取得件数: 4
[2025-08-12 20:14:28] [INFO] 履歴取得開始 room_number=fg#05
[2025-08-12 20:14:28] [INFO] 取得件数: 4
[2025-08-12 20:15:39] [INFO] 履歴取得開始 room_number=fg#05
[2025-08-12 20:15:39] [INFO] 取得件数: 4
[2025-08-13 18:31:13] [INFO] 履歴取得開始 room_number=fg#04
[2025-08-13 18:31:13] [INFO] 取得件数: 1
[2025-08-13 18:52:56] [INFO] 履歴取得開始 room_number=fg#05
[2025-08-13 18:52:56] [INFO] 取得件数: 3
[2025-08-13 18:53:28] [INFO] 履歴取得開始 room_number=fg#05
[2025-08-13 18:53:28] [INFO] 取得件数: 3
[2025-08-13 18:54:11] [INFO] 履歴取得開始 room_number=fg#05
[2025-08-13 18:54:11] [INFO] 取得件数: 3
[2025-08-13 19:40:41] [INFO] 履歴取得開始 room_number=fg#08
[2025-08-13 19:40:41] [INFO] 取得件数: 1
[2025-08-13 19:41:10] [INFO] 履歴取得開始 room_number=fg#08
[2025-08-13 19:41:10] [INFO] 取得件数: 1
[2025-08-14 07:19:54] [INFO] 履歴取得開始 room_number=fg#12
[2025-08-14 07:19:54] [INFO] 取得件数: 22
[2025-08-14 10:30:58] [INFO] 履歴取得開始 room_number=fg#10
[2025-08-14 10:30:58] [INFO] 取得件数: 2
