[2025-05-05 09:15:57] [INFO] ユーザーがログイン: fabula
[2025-05-05 09:15:57] [INFO] データベース接続成功
[2025-05-05 09:15:57] [INFO] 部屋数カウント: 14
[2025-05-05 09:15:57] [INFO] 利用中の部屋数カウント: 1
[2025-05-05 09:17:06] [INFO] ユーザーがログイン: fabula
[2025-05-05 09:17:06] [INFO] データベース接続成功
[2025-05-05 09:17:06] [INFO] 部屋数カウント: 14
[2025-05-05 09:17:06] [INFO] 利用中の部屋数カウント: 1
[2025-05-05 09:28:02] [INFO] ユーザーがログイン: fabula
[2025-05-05 09:28:02] [INFO] データベース接続成功
[2025-05-05 09:28:02] [INFO] 部屋数カウント: 14
[2025-05-05 09:28:02] [INFO] 利用中の部屋数カウント: 1
[2025-05-05 09:31:02] [INFO] ユーザーがログイン: fabula
[2025-05-05 09:31:02] [INFO] データベース接続成功
[2025-05-05 09:31:02] [INFO] 部屋数カウント: 14
[2025-05-05 09:31:02] [INFO] 利用中の部屋数カウント: 1
[2025-05-05 09:32:35] [INFO] ユーザーがログイン: fabula
[2025-05-05 09:32:35] [INFO] データベース接続成功
[2025-05-05 09:32:35] [INFO] 部屋数カウント: 14
[2025-05-05 09:32:35] [INFO] 利用中の部屋数カウント: 1
[2025-05-05 09:46:49] [INFO] ユーザーがログイン: fabula
[2025-05-05 09:46:49] [INFO] データベース接続成功
[2025-05-05 09:46:49] [INFO] 部屋数カウント: 14
[2025-05-05 09:46:49] [INFO] 利用中の部屋数カウント: 1
[2025-05-05 09:47:24] [INFO] ユーザーがログイン: fabula
[2025-05-05 09:47:24] [INFO] データベース接続成功
[2025-05-05 09:47:24] [INFO] 部屋数カウント: 14
[2025-05-05 09:47:24] [INFO] 利用中の部屋数カウント: 1
[2025-05-05 10:35:37] [INFO] ユーザーがログイン: fabula
[2025-05-05 10:35:37] [INFO] データベース接続成功
[2025-05-05 10:35:37] [INFO] 部屋数カウント: 14
[2025-05-05 10:35:37] [INFO] 利用中の部屋数カウント: 1
[2025-05-05 10:55:30] [INFO] ユーザーがログイン: fabula
[2025-05-05 10:55:30] [INFO] データベース接続成功
[2025-05-05 10:55:30] [INFO] 部屋数カウント: 14
[2025-05-05 10:55:30] [INFO] 利用中の部屋数カウント: 1
[2025-05-05 11:05:15] [INFO] 未ログインアクセス - index.phpにリダイレクト
[2025-05-05 11:06:36] [INFO] ユーザーがログイン: fabula
[2025-05-05 11:06:36] [INFO] データベース接続成功
[2025-05-05 11:06:36] [INFO] 部屋数カウント: 14
[2025-05-05 11:06:36] [INFO] 利用中の部屋数カウント: 1
[2025-05-05 11:23:52] [INFO] 未ログインアクセス - index.phpにリダイレクト
[2025-05-05 11:45:14] [INFO] ユーザーがログイン: fabula
[2025-05-05 11:45:14] [INFO] データベース接続成功
[2025-05-05 11:45:14] [INFO] 部屋数カウント: 14
[2025-05-05 11:45:14] [INFO] 利用中の部屋数カウント: 1
[2025-05-05 11:56:23] [INFO] 未ログインアクセス - index.phpにリダイレクト
[2025-05-05 13:52:52] [INFO] 未ログインアクセス - index.phpにリダイレクト
[2025-05-05 16:30:55] [INFO] ユーザーがログイン: fabula
[2025-05-05 16:30:55] [INFO] データベース接続成功
[2025-05-05 16:30:55] [INFO] 部屋数カウント: 14
[2025-05-05 16:30:55] [INFO] 利用中の部屋数カウント: 2
[2025-05-05 17:15:15] [INFO] ユーザーがログイン: fabula
[2025-05-05 17:15:15] [INFO] データベース接続成功
[2025-05-05 17:15:15] [INFO] 部屋数カウント: 14
[2025-05-05 17:15:15] [INFO] 利用中の部屋数カウント: 2
[2025-05-05 17:44:54] [INFO] ユーザーがログイン: fabula
[2025-05-05 17:44:54] [INFO] データベース接続成功
[2025-05-05 17:44:54] [INFO] 部屋数カウント: 14
[2025-05-05 17:44:54] [INFO] 利用中の部屋数カウント: 3
[2025-05-05 17:50:51] [INFO] 未ログインアクセス - index.phpにリダイレクト
[2025-05-05 17:50:52] [INFO] 未ログインアクセス - index.phpにリダイレクト
[2025-05-05 17:50:53] [INFO] 未ログインアクセス - index.phpにリダイレクト
[2025-05-05 17:51:12] [INFO] 未ログインアクセス - index.phpにリダイレクト
[2025-05-05 17:51:57] [INFO] ユーザーがログイン: fabula
[2025-05-05 17:51:57] [INFO] データベース接続成功
[2025-05-05 17:51:57] [INFO] 部屋数カウント: 14
[2025-05-05 17:51:57] [INFO] 利用中の部屋数カウント: 3
[2025-05-05 17:52:24] [INFO] 未ログインアクセス - index.phpにリダイレクト
[2025-05-05 17:54:46] [INFO] ユーザーがログイン: fabula
[2025-05-05 17:54:46] [INFO] データベース接続成功
[2025-05-05 17:54:46] [INFO] 部屋数カウント: 14
[2025-05-05 17:54:46] [INFO] 利用中の部屋数カウント: 3
[2025-05-05 20:06:19] [INFO] ユーザーがログイン: fabula
[2025-05-05 20:06:19] [INFO] データベース接続成功
[2025-05-05 20:06:19] [INFO] 部屋数カウント: 14
[2025-05-05 20:06:19] [INFO] 利用中の部屋数カウント: 3
[2025-05-05 22:31:20] [INFO] ユーザーがログイン: fabula
[2025-05-05 22:31:20] [INFO] データベース接続成功
[2025-05-05 22:31:20] [INFO] 部屋数カウント: 14
[2025-05-05 22:31:20] [INFO] 利用中の部屋数カウント: 4
[2025-05-05 22:36:20] [INFO] ユーザーがログイン: fabula
[2025-05-05 22:36:20] [INFO] データベース接続成功
[2025-05-05 22:36:20] [INFO] 部屋数カウント: 14
[2025-05-05 22:36:20] [INFO] 利用中の部屋数カウント: 4
[2025-05-05 22:38:23] [INFO] ユーザーがログイン: fabula
[2025-05-05 22:38:23] [INFO] データベース接続成功
[2025-05-05 22:38:23] [INFO] 部屋数カウント: 14
[2025-05-05 22:38:23] [INFO] 利用中の部屋数カウント: 4
[2025-05-05 22:40:31] [INFO] ユーザーがログイン: fabula
[2025-05-05 22:40:31] [INFO] データベース接続成功
[2025-05-05 22:40:31] [INFO] 部屋数カウント: 14
[2025-05-05 22:40:31] [INFO] 利用中の部屋数カウント: 4
[2025-05-05 22:42:04] [INFO] ユーザーがログイン: fabula
[2025-05-05 22:42:04] [INFO] データベース接続成功
[2025-05-05 22:42:04] [INFO] 部屋数カウント: 14
[2025-05-05 22:42:04] [INFO] 利用中の部屋数カウント: 4
[2025-05-05 23:02:39] [INFO] ユーザーがログイン: fabula
[2025-05-05 23:02:39] [INFO] データベース接続成功
[2025-05-05 23:02:39] [INFO] 部屋数カウント: 14
[2025-05-05 23:02:39] [INFO] 利用中の部屋数カウント: 4
[2025-05-05 23:39:41] [INFO] ユーザーがログイン: fabula
[2025-05-05 23:39:41] [INFO] データベース接続成功
[2025-05-05 23:39:41] [INFO] 部屋数カウント: 14
[2025-05-05 23:39:41] [INFO] 利用中の部屋数カウント: 4
[2025-05-05 23:40:12] [INFO] ユーザーがログイン: fabula
[2025-05-05 23:40:12] [INFO] データベース接続成功
[2025-05-05 23:40:12] [INFO] 部屋数カウント: 14
[2025-05-05 23:40:12] [INFO] 利用中の部屋数カウント: 4
[2025-05-05 23:42:00] [INFO] ユーザーがログイン: fabula
[2025-05-05 23:42:00] [INFO] データベース接続成功
[2025-05-05 23:42:00] [INFO] 部屋数カウント: 14
[2025-05-05 23:42:00] [INFO] 利用中の部屋数カウント: 4
[2025-05-05 23:43:08] [INFO] ユーザーがログイン: fabula
[2025-05-05 23:43:08] [INFO] データベース接続成功
[2025-05-05 23:43:08] [INFO] 部屋数カウント: 14
[2025-05-05 23:43:08] [INFO] 利用中の部屋数カウント: 4
[2025-05-05 23:44:20] [INFO] ユーザーがログイン: fabula
[2025-05-05 23:44:20] [INFO] データベース接続成功
[2025-05-05 23:44:20] [INFO] 部屋数カウント: 14
[2025-05-05 23:44:20] [INFO] 利用中の部屋数カウント: 4
[2025-05-05 23:44:27] [INFO] ユーザーがログイン: fabula
[2025-05-05 23:44:27] [INFO] データベース接続成功
[2025-05-05 23:44:27] [INFO] 部屋数カウント: 14
[2025-05-05 23:44:27] [INFO] 利用中の部屋数カウント: 4
[2025-05-05 23:47:16] [INFO] ユーザーがログイン: fabula
[2025-05-05 23:47:16] [INFO] データベース接続成功
[2025-05-05 23:47:16] [INFO] 部屋数カウント: 14
[2025-05-05 23:47:16] [INFO] 利用中の部屋数カウント: 4
[2025-05-05 23:57:38] [INFO] ユーザーがログイン: fabula
[2025-05-05 23:57:38] [INFO] データベース接続成功
[2025-05-05 23:57:38] [INFO] 部屋数カウント: 14
[2025-05-05 23:57:38] [INFO] 利用中の部屋数カウント: 4
[2025-05-05 23:59:14] [INFO] ユーザーがログイン: fabula
[2025-05-05 23:59:14] [INFO] データベース接続成功
[2025-05-05 23:59:14] [INFO] 部屋数カウント: 14
[2025-05-05 23:59:14] [INFO] 利用中の部屋数カウント: 4
[2025-05-06 00:03:24] [INFO] ユーザーがログイン: fabula
[2025-05-06 00:03:24] [INFO] データベース接続成功
[2025-05-06 00:03:24] [INFO] 部屋数カウント: 14
[2025-05-06 00:03:24] [INFO] 利用中の部屋数カウント: 4
[2025-05-06 00:09:03] [INFO] ユーザーがログイン: fabula
[2025-05-06 00:09:03] [INFO] データベース接続成功
[2025-05-06 00:09:03] [INFO] 部屋数カウント: 14
[2025-05-06 00:09:03] [INFO] 利用中の部屋数カウント: 4
[2025-05-06 00:14:59] [INFO] ユーザーがログイン: fabula
[2025-05-06 00:14:59] [INFO] データベース接続成功
[2025-05-06 00:14:59] [INFO] 部屋数カウント: 14
[2025-05-06 00:14:59] [INFO] 利用中の部屋数カウント: 4
[2025-05-06 00:17:09] [INFO] ユーザーがログイン: fabula
[2025-05-06 00:17:09] [INFO] データベース接続成功
[2025-05-06 00:17:09] [INFO] 部屋数カウント: 14
[2025-05-06 00:17:09] [INFO] 利用中の部屋数カウント: 4
[2025-05-06 00:19:32] [INFO] ユーザーがログイン: fabula
[2025-05-06 00:19:32] [INFO] データベース接続成功
[2025-05-06 00:19:32] [INFO] 部屋数カウント: 14
[2025-05-06 00:19:32] [INFO] 利用中の部屋数カウント: 4
[2025-05-06 00:21:13] [INFO] ユーザーがログイン: fabula
[2025-05-06 00:21:13] [INFO] データベース接続成功
[2025-05-06 00:21:13] [INFO] 部屋数カウント: 14
[2025-05-06 00:21:13] [INFO] 利用中の部屋数カウント: 4
[2025-05-06 00:23:26] [INFO] ユーザーがログイン: fabula
[2025-05-06 00:23:26] [INFO] データベース接続成功
[2025-05-06 00:23:26] [INFO] 部屋数カウント: 14
[2025-05-06 00:23:26] [INFO] 利用中の部屋数カウント: 4
[2025-05-06 00:26:08] [INFO] ユーザーがログイン: fabula
[2025-05-06 00:26:08] [INFO] データベース接続成功
[2025-05-06 00:26:08] [INFO] 部屋数カウント: 14
[2025-05-06 00:26:08] [INFO] 利用中の部屋数カウント: 4
[2025-05-06 00:28:16] [INFO] ユーザーがログイン: fabula
[2025-05-06 00:28:16] [INFO] データベース接続成功
[2025-05-06 00:28:16] [INFO] 部屋数カウント: 14
[2025-05-06 00:28:16] [INFO] 利用中の部屋数カウント: 4
[2025-05-06 00:28:34] [INFO] 未ログインアクセス - index.phpにリダイレクト
[2025-05-06 00:28:36] [INFO] ユーザーがログイン: fabula
[2025-05-06 00:28:36] [INFO] データベース接続成功
[2025-05-06 00:28:36] [INFO] 部屋数カウント: 14
[2025-05-06 00:28:36] [INFO] 利用中の部屋数カウント: 4
[2025-05-06 00:33:06] [INFO] ユーザーがログイン: fabula
[2025-05-06 00:33:06] [INFO] データベース接続成功
[2025-05-06 00:33:06] [INFO] 部屋数カウント: 14
[2025-05-06 00:33:06] [INFO] 利用中の部屋数カウント: 4
[2025-05-06 01:00:54] [INFO] ユーザーがログイン: fabula
[2025-05-06 01:00:54] [INFO] データベース接続成功
[2025-05-06 01:00:54] [INFO] 部屋数カウント: 14
[2025-05-06 01:00:54] [INFO] 利用中の部屋数カウント: 4
[2025-05-06 01:06:07] [INFO] ユーザーがログイン: fabula
[2025-05-06 01:06:07] [INFO] データベース接続成功
[2025-05-06 01:06:07] [INFO] 部屋数カウント: 14
[2025-05-06 01:06:07] [INFO] 利用中の部屋数カウント: 4
[2025-05-06 01:09:35] [INFO] ユーザーがログイン: fabula
[2025-05-06 01:09:35] [INFO] データベース接続成功
[2025-05-06 01:09:35] [INFO] 部屋数カウント: 14
[2025-05-06 01:09:35] [INFO] 利用中の部屋数カウント: 4
[2025-05-06 01:12:17] [INFO] ユーザーがログイン: fabula
[2025-05-06 01:12:17] [INFO] データベース接続成功
[2025-05-06 01:12:17] [INFO] 部屋数カウント: 14
[2025-05-06 01:12:17] [INFO] 利用中の部屋数カウント: 4
[2025-05-06 01:15:58] [INFO] ユーザーがログイン: fabula
[2025-05-06 01:15:58] [INFO] データベース接続成功
[2025-05-06 01:15:58] [INFO] 部屋数カウント: 14
[2025-05-06 01:15:58] [INFO] 利用中の部屋数カウント: 4
[2025-05-06 01:16:27] [INFO] ユーザーがログイン: fabula
[2025-05-06 01:16:27] [INFO] データベース接続成功
[2025-05-06 01:16:27] [INFO] 部屋数カウント: 14
[2025-05-06 01:16:27] [INFO] 利用中の部屋数カウント: 4
[2025-05-06 01:21:07] [INFO] ユーザーがログイン: fabula
[2025-05-06 01:21:07] [INFO] データベース接続成功
[2025-05-06 01:21:07] [INFO] 部屋数カウント: 14
[2025-05-06 01:21:07] [INFO] 利用中の部屋数カウント: 4
[2025-05-06 01:25:03] [INFO] ユーザーがログイン: fabula
[2025-05-06 01:25:03] [INFO] データベース接続成功
[2025-05-06 01:25:03] [INFO] 部屋数カウント: 14
[2025-05-06 01:25:03] [INFO] 利用中の部屋数カウント: 4
[2025-05-06 03:18:02] [INFO] ユーザーがログイン: fabula
[2025-05-06 03:18:02] [INFO] データベース接続成功
[2025-05-06 03:18:02] [INFO] 部屋数カウント: 14
[2025-05-06 03:18:02] [INFO] 利用中の部屋数カウント: 4
[2025-05-13 10:41:20] [INFO] ユーザーがログイン: fabula
[2025-05-13 10:41:20] [INFO] データベース接続成功
[2025-05-13 10:41:20] [INFO] 部屋数カウント: 14
[2025-05-13 10:41:20] [INFO] 利用中の部屋数カウント: 1
[2025-05-13 15:01:16] [INFO] ユーザーがログイン: fabula
[2025-05-13 15:01:16] [INFO] データベース接続成功
[2025-05-13 15:01:16] [INFO] 部屋数カウント: 14
[2025-05-13 15:01:16] [INFO] 利用中の部屋数カウント: 1
[2025-05-13 15:20:01] [INFO] ユーザーがログイン: fabula
[2025-05-13 15:20:01] [INFO] データベース接続成功
[2025-05-13 15:20:01] [INFO] 部屋数カウント: 14
[2025-05-13 15:20:01] [INFO] 利用中の部屋数カウント: 1
[2025-05-13 16:13:10] [INFO] ユーザーがログイン: fabula
[2025-05-13 16:13:10] [INFO] データベース接続成功
[2025-05-13 16:13:10] [INFO] 部屋数カウント: 14
[2025-05-13 16:13:10] [INFO] 利用中の部屋数カウント: 1
[2025-05-13 16:13:18] [INFO] ユーザーがログイン: fabula
[2025-05-13 16:13:18] [INFO] データベース接続成功
[2025-05-13 16:13:18] [INFO] 部屋数カウント: 14
[2025-05-13 16:13:18] [INFO] 利用中の部屋数カウント: 1
[2025-05-13 18:45:06] [INFO] ユーザーがログイン: fabula
[2025-05-13 18:45:06] [INFO] データベース接続成功
[2025-05-13 18:45:06] [INFO] 部屋数カウント: 14
[2025-05-13 18:45:06] [INFO] 利用中の部屋数カウント: 1
[2025-05-13 18:45:15] [INFO] ユーザーがログイン: fabula
[2025-05-13 18:45:15] [INFO] データベース接続成功
[2025-05-13 18:45:15] [INFO] 部屋数カウント: 14
[2025-05-13 18:45:15] [INFO] 利用中の部屋数カウント: 1
[2025-05-13 18:45:19] [INFO] ユーザーがログイン: fabula
[2025-05-13 18:45:19] [INFO] データベース接続成功
[2025-05-13 18:45:19] [INFO] 部屋数カウント: 14
[2025-05-13 18:45:19] [INFO] 利用中の部屋数カウント: 1
[2025-05-13 19:34:11] [INFO] ユーザーがログイン: fabula
[2025-05-13 19:34:11] [INFO] データベース接続成功
[2025-05-13 19:34:11] [INFO] 部屋数カウント: 14
[2025-05-13 19:34:11] [INFO] 利用中の部屋数カウント: 1
[2025-05-13 19:37:45] [INFO] ユーザーがログイン: fabula
[2025-05-13 19:37:45] [INFO] データベース接続成功
[2025-05-13 19:37:45] [INFO] 部屋数カウント: 14
[2025-05-13 19:37:45] [INFO] 利用中の部屋数カウント: 1
[2025-05-13 19:37:58] [INFO] ユーザーがログイン: fabula
[2025-05-13 19:37:58] [INFO] データベース接続成功
[2025-05-13 19:37:58] [INFO] 部屋数カウント: 14
[2025-05-13 19:37:58] [INFO] 利用中の部屋数カウント: 1
[2025-05-13 19:38:09] [INFO] ユーザーがログイン: fabula
[2025-05-13 19:38:09] [INFO] データベース接続成功
[2025-05-13 19:38:09] [INFO] 部屋数カウント: 14
[2025-05-13 19:38:09] [INFO] 利用中の部屋数カウント: 1
[2025-05-13 19:45:18] [INFO] ユーザーがログイン: fabula
[2025-05-13 19:45:18] [INFO] データベース接続成功
[2025-05-13 19:45:18] [INFO] 部屋数カウント: 14
[2025-05-13 19:45:18] [INFO] 利用中の部屋数カウント: 1
[2025-05-13 19:45:34] [INFO] ユーザーがログイン: fabula
[2025-05-13 19:45:34] [INFO] データベース接続成功
[2025-05-13 19:45:34] [INFO] 部屋数カウント: 14
[2025-05-13 19:45:34] [INFO] 利用中の部屋数カウント: 1
[2025-05-13 19:55:44] [INFO] ユーザーがログイン: fabula
[2025-05-13 19:55:44] [INFO] データベース接続成功
[2025-05-13 19:55:44] [INFO] 部屋数カウント: 14
[2025-05-13 19:55:44] [INFO] 利用中の部屋数カウント: 1
[2025-05-13 20:09:55] [INFO] ユーザーがログイン: fabula
[2025-05-13 20:09:55] [INFO] データベース接続成功
[2025-05-13 20:09:55] [INFO] 部屋数カウント: 14
[2025-05-13 20:09:55] [INFO] 利用中の部屋数カウント: 1
[2025-05-13 20:18:35] [INFO] ユーザーがログイン: fabula
[2025-05-13 20:18:35] [INFO] データベース接続成功
[2025-05-13 20:18:35] [INFO] 部屋数カウント: 14
[2025-05-13 20:18:35] [INFO] 利用中の部屋数カウント: 1
[2025-05-13 20:44:03] [INFO] ユーザーがログイン: fabula
[2025-05-13 20:44:03] [INFO] データベース接続成功
[2025-05-13 20:44:03] [INFO] 部屋数カウント: 14
[2025-05-13 20:44:03] [INFO] 利用中の部屋数カウント: 1
[2025-05-13 21:05:29] [INFO] 設定読み込み URL: http://mobes.online/admin/adminsetting_registrer.php?section=register_settings
[2025-05-13 21:05:29] [INFO] ユーザーがログイン: fabula
[2025-05-13 21:05:29] [INFO] データベース接続成功
[2025-05-13 21:05:29] [INFO] 部屋数カウント: 14
[2025-05-13 21:05:29] [INFO] 利用中の部屋数カウント: 1
[2025-05-13 21:05:32] [INFO] 設定読み込み URL: http://mobes.online/admin/adminsetting_registrer.php?section=register_settings
[2025-05-13 21:05:32] [INFO] ユーザーがログイン: fabula
[2025-05-13 21:05:32] [INFO] データベース接続成功
[2025-05-13 21:05:32] [INFO] 部屋数カウント: 14
[2025-05-13 21:05:32] [INFO] 利用中の部屋数カウント: 1
[2025-05-13 21:09:19] [INFO] 設定読み込み URL: http://mobes.online/admin/adminsetting_registrer.php?section=register_settings
[2025-05-13 21:09:19] [INFO] ユーザーがログイン: fabula
[2025-05-13 21:09:19] [INFO] データベース接続成功
[2025-05-13 21:09:19] [INFO] 部屋数カウント: 14
[2025-05-13 21:09:19] [INFO] 利用中の部屋数カウント: 1
[2025-05-13 21:28:29] [INFO] 設定読み込み URL: http://mobes.online/admin/adminsetting_registrer.php?section=register_settings
[2025-05-13 21:28:29] [INFO] ユーザーがログイン: fabula
[2025-05-13 21:28:29] [INFO] データベース接続成功
[2025-05-13 21:28:29] [INFO] 部屋数カウント: 14
[2025-05-13 21:28:29] [INFO] 利用中の部屋数カウント: 1
[2025-05-13 21:43:48] [INFO] 設定読み込み URL: http://mobes.online/admin/adminsetting_registrer.php?section=register_settings
[2025-05-13 21:43:48] [INFO] ユーザーがログイン: fabula
[2025-05-13 21:43:48] [INFO] データベース接続成功
[2025-05-13 21:43:48] [INFO] 部屋数カウント: 14
[2025-05-13 21:43:48] [INFO] 利用中の部屋数カウント: 1
[2025-05-13 21:43:55] [INFO] 設定読み込み URL: http://mobes.online/admin/adminsetting_registrer.php?section=register_settings
[2025-05-13 21:43:55] [INFO] ユーザーがログイン: fabula
[2025-05-13 21:43:55] [INFO] データベース接続成功
[2025-05-13 21:43:55] [INFO] 部屋数カウント: 14
[2025-05-13 21:43:55] [INFO] 利用中の部屋数カウント: 1
[2025-05-13 21:43:59] [INFO] 設定読み込み URL: http://mobes.online/admin/adminsetting_registrer.php?section=register_settings
[2025-05-13 21:43:59] [INFO] ユーザーがログイン: fabula
[2025-05-13 21:43:59] [INFO] データベース接続成功
[2025-05-13 21:43:59] [INFO] 部屋数カウント: 14
[2025-05-13 21:43:59] [INFO] 利用中の部屋数カウント: 1
[2025-05-13 21:50:35] [INFO] 設定読み込み URL: http://test-mijeos.but.jp/fgsquare/admin/adminsetting_registrer.php?section=register_settings
[2025-05-13 21:50:35] [INFO] 未ログインアクセス - index.phpにリダイレクト
[2025-05-13 22:47:10] [INFO] 設定読み込み URL: http://mobes.online/admin/adminsetting_registrer.php?section=register_settings
[2025-05-13 22:47:10] [INFO] ユーザーがログイン: fabula
[2025-05-13 22:47:10] [INFO] データベース接続成功
[2025-05-13 22:47:10] [INFO] 部屋数カウント: 14
[2025-05-13 22:47:10] [INFO] 利用中の部屋数カウント: 1
[2025-05-13 22:53:48] [INFO] 設定読み込み URL: http://mobes.online/admin/adminsetting_registrer.php?section=register_settings
[2025-05-13 22:53:48] [INFO] ユーザーがログイン: fabula
[2025-05-13 22:53:48] [INFO] データベース接続成功
[2025-05-13 22:53:48] [INFO] 部屋数カウント: 14
[2025-05-13 22:53:48] [INFO] 利用中の部屋数カウント: 1
[2025-05-13 23:13:39] [INFO] 設定読み込み URL: http://mobes.online/admin/adminsetting_registrer.php?section=register_settings
[2025-05-13 23:13:39] [INFO] ユーザーがログイン: fabula
[2025-05-13 23:13:39] [INFO] データベース接続成功
[2025-05-13 23:13:39] [INFO] 部屋数カウント: 14
[2025-05-13 23:13:39] [INFO] 利用中の部屋数カウント: 1
[2025-05-13 23:23:32] [INFO] 設定読み込み URL: http://mobes.online/admin/adminsetting_registrer.php?section=register_settings
[2025-05-13 23:23:32] [INFO] 未ログインアクセス - index.phpにリダイレクト
[2025-05-13 23:23:32] [INFO] 設定読み込み URL: http://mobes.online/admin/adminsetting_registrer.php?section=register_settings
[2025-05-13 23:23:32] [INFO] 未ログインアクセス - index.phpにリダイレクト
[2025-05-13 23:23:41] [INFO] 設定読み込み URL: http://mobes.online/admin/adminsetting_registrer.php?section=register_settings
[2025-05-13 23:23:41] [INFO] 未ログインアクセス - index.phpにリダイレクト
[2025-05-13 23:33:34] [INFO] 設定読み込み URL: http://mobes.online/admin/adminsetting_registrer.php?section=register_settings
[2025-05-13 23:33:34] [INFO] 未ログインアクセス - index.phpにリダイレクト
[2025-05-13 23:35:49] [INFO] 設定読み込み URL: http://mobes.online/admin/adminsetting_registrer.php?section=register_settings
[2025-05-13 23:35:49] [INFO] ユーザーがログイン: fabula
[2025-05-13 23:35:49] [INFO] データベース接続成功
[2025-05-13 23:35:49] [INFO] 部屋数カウント: 14
[2025-05-13 23:35:49] [INFO] 利用中の部屋数カウント: 2
[2025-05-13 23:55:35] [INFO] 設定読み込み URL: http://mobes.online/admin/adminsetting_registrer.php?section=register_settings
[2025-05-13 23:55:35] [INFO] 未ログインアクセス - index.phpにリダイレクト
[2025-05-13 23:57:20] [INFO] 設定読み込み URL: http://mobes.online/admin/adminsetting_registrer.php?section=register_settings
[2025-05-13 23:57:20] [INFO] 未ログインアクセス - index.phpにリダイレクト
[2025-05-14 07:56:09] [INFO] 設定読み込み URL: http://mobes.online/admin/adminsetting_registrer.php?section=register_settings
[2025-05-14 07:56:09] [INFO] 未ログインアクセス - index.phpにリダイレクト
[2025-05-14 08:00:46] [INFO] 設定読み込み URL: http://mobes.online/admin/adminsetting_registrer.php?section=register_settings
[2025-05-14 08:00:46] [INFO] 未ログインアクセス - index.phpにリダイレクト
[2025-05-14 13:27:53] [INFO] 設定読み込み URL: http://mobes.online/admin/adminsetting_registrer.php?section=register_settings
[2025-05-14 13:27:53] [INFO] ユーザーがログイン: fabula
[2025-05-14 13:27:53] [INFO] データベース接続成功
[2025-05-14 13:27:53] [INFO] 部屋数カウント: 14
[2025-05-14 13:27:53] [INFO] 利用中の部屋数カウント: 2
[2025-05-14 13:27:59] [INFO] 設定読み込み URL: http://mobes.online/admin/adminsetting_registrer.php?section=register_settings
[2025-05-14 13:27:59] [INFO] ユーザーがログイン: fabula
[2025-05-14 13:27:59] [INFO] データベース接続成功
[2025-05-14 13:27:59] [INFO] 部屋数カウント: 14
[2025-05-14 13:27:59] [INFO] 利用中の部屋数カウント: 2
[2025-05-14 13:30:26] [INFO] 設定読み込み URL: http://mobes.online/admin/adminsetting_registrer.php?section=register_settings
[2025-05-14 13:30:26] [INFO] ユーザーがログイン: fabula
[2025-05-14 13:30:26] [INFO] データベース接続成功
[2025-05-14 13:30:26] [INFO] 部屋数カウント: 14
[2025-05-14 13:30:26] [INFO] 利用中の部屋数カウント: 2
[2025-05-14 13:30:26] [INFO] 設定読み込み URL: http://mobes.online/admin/adminsetting_registrer.php?section=register_settings
[2025-05-14 13:30:26] [INFO] ユーザーがログイン: fabula
[2025-05-14 13:30:26] [INFO] データベース接続成功
[2025-05-14 13:30:26] [INFO] 部屋数カウント: 14
[2025-05-14 13:30:26] [INFO] 利用中の部屋数カウント: 2
[2025-05-14 14:04:18] [INFO] 設定読み込み URL: http://mobes.online/admin/adminsetting_registrer.php?section=register_settings
[2025-05-14 14:04:18] [INFO] ユーザーがログイン: fabula
[2025-05-14 14:04:18] [INFO] データベース接続成功
[2025-05-14 14:04:18] [INFO] 部屋数カウント: 14
[2025-05-14 14:04:18] [INFO] 利用中の部屋数カウント: 2
[2025-05-14 14:38:08] [INFO] 設定読み込み URL: http://mobes.online/admin/adminsetting_registrer.php?section=register_settings
[2025-05-14 14:38:09] [INFO] 未ログインアクセス - index.phpにリダイレクト
[2025-05-14 14:38:15] [INFO] 設定読み込み URL: http://mobes.online/admin/adminsetting_registrer.php?section=register_settings
[2025-05-14 14:38:15] [INFO] 未ログインアクセス - index.phpにリダイレクト
[2025-05-14 15:05:53] [INFO] 設定読み込み URL: http://mobes.online/admin/adminsetting_registrer.php?section=register_settings
[2025-05-14 15:05:53] [INFO] 未ログインアクセス - index.phpにリダイレクト
[2025-05-14 15:55:06] [INFO] 設定読み込み URL: http://mobes.online/admin/adminsetting_registrer.php?section=register_settings
[2025-05-14 15:55:06] [INFO] ユーザーがログイン: fabula
[2025-05-14 15:55:06] [INFO] データベース接続成功
[2025-05-14 15:55:06] [INFO] 部屋数カウント: 14
[2025-05-14 15:55:06] [INFO] 利用中の部屋数カウント: 3
[2025-05-14 17:28:27] [INFO] 設定読み込み URL: http://mobes.online/admin/adminsetting_registrer.php?section=register_settings
[2025-05-14 17:28:27] [INFO] 未ログインアクセス - index.phpにリダイレクト
[2025-05-14 19:06:44] [INFO] 設定読み込み URL: http://mobes.online/admin/adminsetting_registrer.php?section=register_settings
[2025-05-14 19:06:44] [INFO] ユーザーがログイン: fabula
[2025-05-14 19:06:44] [INFO] データベース接続成功
[2025-05-14 19:06:44] [INFO] 部屋数カウント: 14
[2025-05-14 19:06:44] [INFO] 利用中の部屋数カウント: 4
[2025-05-15 12:39:41] [INFO] 設定読み込み URL: http://mobes.online/admin/adminsetting_registrer.php?section=register_settings
[2025-05-15 12:39:41] [INFO] 未ログインアクセス - index.phpにリダイレクト
[2025-05-15 17:15:03] [INFO] 設定読み込み URL: http://mobes.online/admin/adminsetting_registrer.php?section=register_settings
[2025-05-15 17:15:03] [INFO] 未ログインアクセス - index.phpにリダイレクト
[2025-05-15 17:15:06] [INFO] 設定読み込み URL: http://mobes.online/admin/adminsetting_registrer.php?section=register_settings
[2025-05-15 17:15:06] [INFO] 未ログインアクセス - index.phpにリダイレクト
[2025-05-16 17:33:44] [INFO] 設定読み込み URL: http://mobes.online/admin/adminsetting_registrer.php?section=register_settings
[2025-05-16 17:33:44] [INFO] 未ログインアクセス - index.phpにリダイレクト
[2025-05-16 23:14:08] [INFO] 設定読み込み URL: http://mobes.online/admin/adminsetting_registrer.php?section=register_settings
[2025-05-16 23:14:08] [INFO] ユーザーがログイン: fabula
[2025-05-16 23:14:08] [INFO] データベース接続成功
[2025-05-16 23:14:08] [INFO] 部屋数カウント: 14
[2025-05-16 23:14:08] [INFO] 利用中の部屋数カウント: 4
[2025-05-17 09:28:21] [INFO] 設定読み込み URL: http://mobes.online/admin/adminsetting_registrer.php?section=register_settings
[2025-05-17 09:28:22] [INFO] 未ログインアクセス - index.phpにリダイレクト
[2025-05-18 13:40:55] [INFO] 設定読み込み URL: http://mobes.online/admin/adminsetting_registrer.php?section=register_settings
[2025-05-18 13:40:55] [INFO] 未ログインアクセス - index.phpにリダイレクト
[2025-05-19 17:56:19] [INFO] 設定読み込み URL: http://mobes.online/admin/adminsetting_registrer.php?section=register_settings
[2025-05-19 17:56:19] [INFO] 未ログインアクセス - index.phpにリダイレクト
[2025-05-20 16:41:18] [INFO] 設定読み込み URL: http://test-mijeos.but.jp/fgsquare/admin/adminsetting_registrer.php?section=register_settings
[2025-05-20 16:41:18] [INFO] ユーザーがログイン: fabula
[2025-05-20 16:41:18] [INFO] データベース接続成功
[2025-05-20 16:41:18] [INFO] 部屋数カウント: 14
[2025-05-20 16:41:18] [INFO] 利用中の部屋数カウント: 4
[2025-05-21 17:38:29] [INFO] 設定読み込み URL: http://mobes.online/admin/adminsetting_registrer.php?section=register_settings
[2025-05-21 17:38:29] [INFO] 未ログインアクセス - index.phpにリダイレクト
[2025-05-21 22:17:27] [INFO] 設定読み込み URL: http://mobes.online/admin/adminsetting_registrer.php?section=register_settings
[2025-05-21 22:17:27] [INFO] 未ログインアクセス - index.phpにリダイレクト
[2025-05-22 19:59:01] [INFO] 設定読み込み URL: http://test-mijeos.but.jp/fgsquare/admin/adminsetting_registrer.php?section=register_settings
[2025-05-22 19:59:01] [INFO] 未ログインアクセス - index.phpにリダイレクト
[2025-05-23 10:35:48] [INFO] 設定読み込み URL: http://mobes.online/admin/adminsetting_registrer.php?section=register_settings
[2025-05-23 10:35:48] [INFO] 未ログインアクセス - index.phpにリダイレクト
[2025-05-28 18:41:42] [INFO] 設定読み込み URL: http://test-mijeos.but.jp/fgsquare/admin/adminsetting_registrer.php?section=register_settings
[2025-05-28 18:41:42] [INFO] ユーザーがログイン: fabula
[2025-05-28 18:41:42] [INFO] データベース接続成功
[2025-05-28 18:41:42] [INFO] 部屋数カウント: 14
[2025-05-28 18:41:42] [INFO] 利用中の部屋数カウント: 3
[2025-05-28 21:57:16] [INFO] 設定読み込み URL: http://mobes.online/admin/adminsetting_registrer.php?section=register_settings
[2025-05-28 21:57:16] [INFO] 未ログインアクセス - index.phpにリダイレクト
[2025-05-30 11:49:49] [INFO] 設定読み込み URL: http://test-mijeos.but.jp/fgsquare/admin/adminsetting_registrer.php?section=register_settings
[2025-05-30 11:49:49] [INFO] ユーザーがログイン: fabula
[2025-05-30 11:49:49] [INFO] データベース接続成功
[2025-05-30 11:49:49] [INFO] 部屋数カウント: 14
[2025-05-30 11:49:49] [INFO] 利用中の部屋数カウント: 4
[2025-05-30 13:07:35] [INFO] 設定読み込み URL: http://mobes.online/admin/adminsetting_registrer.php?section=register_settings
[2025-05-30 13:07:35] [INFO] ユーザーがログイン: fabula
[2025-05-30 13:07:35] [INFO] データベース接続成功
[2025-05-30 13:07:35] [INFO] 部屋数カウント: 14
[2025-05-30 13:07:35] [INFO] 利用中の部屋数カウント: 4
[2025-05-30 15:07:37] [INFO] 設定読み込み URL: http://mobes.online/admin/adminsetting_registrer.php?section=register_settings
[2025-05-30 15:07:37] [INFO] ユーザーがログイン: fabula
[2025-05-30 15:07:37] [INFO] データベース接続成功
[2025-05-30 15:07:37] [INFO] 部屋数カウント: 14
[2025-05-30 15:07:37] [INFO] 利用中の部屋数カウント: 4
[2025-05-30 15:10:57] [INFO] 設定読み込み URL: http://mobes.online/admin/adminsetting_registrer.php?section=register_settings
[2025-05-30 15:10:57] [INFO] ユーザーがログイン: fabula
[2025-05-30 15:10:57] [INFO] データベース接続成功
[2025-05-30 15:10:57] [INFO] 部屋数カウント: 14
[2025-05-30 15:10:57] [INFO] 利用中の部屋数カウント: 4
[2025-05-30 15:16:16] [INFO] 設定読み込み URL: http://mobes.online/admin/adminsetting_registrer.php?section=register_settings
[2025-05-30 15:16:16] [INFO] ユーザーがログイン: fabula
[2025-05-30 15:16:16] [INFO] データベース接続成功
[2025-05-30 15:16:16] [INFO] 部屋数カウント: 14
[2025-05-30 15:16:16] [INFO] 利用中の部屋数カウント: 4
[2025-05-30 15:58:08] [INFO] 設定読み込み URL: http://test-mijeos.but.jp/fgsquare/admin/adminsetting_registrer.php?section=register_settings
[2025-05-30 15:58:08] [INFO] ユーザーがログイン: fabula
[2025-05-30 15:58:08] [INFO] データベース接続成功
[2025-05-30 15:58:08] [INFO] 部屋数カウント: 14
[2025-05-30 15:58:08] [INFO] 利用中の部屋数カウント: 4
[2025-05-30 16:03:12] [INFO] 設定読み込み URL: http://test-mijeos.but.jp/fgsquare/admin/adminsetting_registrer.php?section=register_settings
[2025-05-30 16:03:12] [INFO] ユーザーがログイン: fabula
[2025-05-30 16:03:12] [INFO] データベース接続成功
[2025-05-30 16:03:12] [INFO] 部屋数カウント: 14
[2025-05-30 16:03:12] [INFO] 利用中の部屋数カウント: 4
[2025-05-30 16:38:20] [INFO] 設定読み込み URL: http://test-mijeos.but.jp/fgsquare/admin/adminsetting_registrer.php?section=register_settings
[2025-05-30 16:38:20] [INFO] ユーザーがログイン: fabula
[2025-05-30 16:38:20] [INFO] データベース接続成功
[2025-05-30 16:38:20] [INFO] 部屋数カウント: 14
[2025-05-30 16:38:20] [INFO] 利用中の部屋数カウント: 4
[2025-05-30 17:04:48] [INFO] 設定読み込み URL: http://test-mijeos.but.jp/fgsquare/admin/adminsetting_registrer.php?section=register_settings
[2025-05-30 17:04:48] [INFO] ユーザーがログイン: fabula
[2025-05-30 17:04:48] [INFO] データベース接続成功
[2025-05-30 17:04:48] [INFO] 部屋数カウント: 14
[2025-05-30 17:04:48] [INFO] 利用中の部屋数カウント: 4
[2025-05-30 17:33:35] [INFO] 設定読み込み URL: http://test-mijeos.but.jp/fgsquare/admin/adminsetting_registrer.php?section=register_settings
[2025-05-30 17:33:35] [INFO] ユーザーがログイン: fabula
[2025-05-30 17:33:35] [INFO] データベース接続成功
[2025-05-30 17:33:35] [INFO] 部屋数カウント: 14
[2025-05-30 17:33:35] [INFO] 利用中の部屋数カウント: 0
[2025-05-30 17:33:38] [INFO] 設定読み込み URL: http://test-mijeos.but.jp/fgsquare/admin/adminsetting_registrer.php?section=register_settings
[2025-05-30 17:33:38] [INFO] ユーザーがログイン: fabula
[2025-05-30 17:33:38] [INFO] データベース接続成功
[2025-05-30 17:33:38] [INFO] 部屋数カウント: 14
[2025-05-30 17:33:38] [INFO] 利用中の部屋数カウント: 0
[2025-05-30 18:09:20] [INFO] 設定読み込み URL: http://test-mijeos.but.jp/fgsquare/admin/adminsetting_registrer.php?section=register_settings
[2025-05-30 18:09:20] [INFO] ユーザーがログイン: fabula
[2025-05-30 18:09:20] [INFO] データベース接続成功
[2025-05-30 18:09:20] [INFO] 部屋数カウント: 14
[2025-05-30 18:09:20] [INFO] 利用中の部屋数カウント: 0
[2025-05-30 18:14:38] [INFO] 設定読み込み URL: http://test-mijeos.but.jp/fgsquare/admin/adminsetting_registrer.php?section=register_settings
[2025-05-30 18:14:38] [INFO] ユーザーがログイン: fabula
[2025-05-30 18:14:38] [INFO] データベース接続成功
[2025-05-30 18:14:38] [INFO] 部屋数カウント: 14
[2025-05-30 18:14:38] [INFO] 利用中の部屋数カウント: 1
[2025-05-30 18:15:41] [INFO] 設定読み込み URL: http://test-mijeos.but.jp/fgsquare/admin/adminsetting_registrer.php?section=register_settings
[2025-05-30 18:15:41] [INFO] ユーザーがログイン: fabula
[2025-05-30 18:15:41] [INFO] データベース接続成功
[2025-05-30 18:15:41] [INFO] 部屋数カウント: 14
[2025-05-30 18:15:41] [INFO] 利用中の部屋数カウント: 2
[2025-05-30 18:20:02] [INFO] 設定読み込み URL: http://test-mijeos.but.jp/fgsquare/admin/adminsetting_registrer.php?section=register_settings
[2025-05-30 18:20:02] [INFO] ユーザーがログイン: fabula
[2025-05-30 18:20:02] [INFO] データベース接続成功
[2025-05-30 18:20:02] [INFO] 部屋数カウント: 14
[2025-05-30 18:20:02] [INFO] 利用中の部屋数カウント: 2
[2025-05-30 22:45:21] [INFO] 設定読み込み URL: http://mobes.online/admin/adminsetting_registrer.php?section=register_settings
[2025-05-30 22:45:21] [INFO] ユーザーがログイン: fabula
[2025-05-30 22:45:21] [INFO] データベース接続成功
[2025-05-30 22:45:21] [INFO] 部屋数カウント: 15
[2025-05-30 22:45:21] [INFO] 利用中の部屋数カウント: 1
[2025-05-31 03:30:37] [INFO] 設定読み込み URL: http://mobes.online/admin/adminsetting_registrer.php?section=register_settings
[2025-05-31 03:30:37] [INFO] ユーザーがログイン: fabula
[2025-05-31 03:30:37] [INFO] データベース接続成功
[2025-05-31 03:30:37] [INFO] 部屋数カウント: 15
[2025-05-31 03:30:37] [INFO] 利用中の部屋数カウント: 1
[2025-05-31 09:00:05] [INFO] 設定読み込み URL: http://mobes.online/admin/adminsetting_registrer.php?section=register_settings
[2025-05-31 09:00:05] [INFO] ユーザーがログイン: fabula
[2025-05-31 09:00:05] [INFO] データベース接続成功
[2025-05-31 09:00:05] [INFO] 部屋数カウント: 15
[2025-05-31 09:00:05] [INFO] 利用中の部屋数カウント: 2
[2025-05-31 13:56:24] [INFO] 設定読み込み URL: http://mobes.online/admin/adminsetting_registrer.php?section=register_settings
[2025-05-31 13:56:25] [INFO] ユーザーがログイン: fabula
[2025-05-31 13:56:25] [INFO] データベース接続成功
[2025-05-31 13:56:25] [INFO] 部屋数カウント: 15
[2025-05-31 13:56:25] [INFO] 利用中の部屋数カウント: 2
[2025-05-31 14:52:24] [INFO] 設定読み込み URL: http://mobes.online/admin/adminsetting_registrer.php?section=register_settings
[2025-05-31 14:52:24] [INFO] ユーザーがログイン: fabula
[2025-05-31 14:52:24] [INFO] データベース接続成功
[2025-05-31 14:52:24] [INFO] 部屋数カウント: 15
[2025-05-31 14:52:24] [INFO] 利用中の部屋数カウント: 2
[2025-05-31 14:58:41] [INFO] 設定読み込み URL: http://mobes.online/admin/adminsetting_registrer.php?section=register_settings
[2025-05-31 14:58:41] [INFO] ユーザーがログイン: fabula
[2025-05-31 14:58:41] [INFO] データベース接続成功
[2025-05-31 14:58:41] [INFO] 部屋数カウント: 15
[2025-05-31 14:58:41] [INFO] 利用中の部屋数カウント: 2
[2025-05-31 15:01:53] [INFO] 設定読み込み URL: http://mobes.online/admin/adminsetting_registrer.php?section=register_settings
[2025-05-31 15:01:53] [INFO] ユーザーがログイン: fabula
[2025-05-31 15:01:53] [INFO] データベース接続成功
[2025-05-31 15:01:53] [INFO] 部屋数カウント: 15
[2025-05-31 15:01:53] [INFO] 利用中の部屋数カウント: 1
[2025-05-31 15:02:43] [INFO] 設定読み込み URL: http://mobes.online/admin/adminsetting_registrer.php?section=register_settings
[2025-05-31 15:02:43] [INFO] ユーザーがログイン: fabula
[2025-05-31 15:02:43] [INFO] データベース接続成功
[2025-05-31 15:02:43] [INFO] 部屋数カウント: 15
[2025-05-31 15:02:43] [INFO] 利用中の部屋数カウント: 1
[2025-05-31 15:12:52] [INFO] 設定読み込み URL: http://mobes.online/admin/adminsetting_registrer.php?section=register_settings
[2025-05-31 15:12:52] [INFO] ユーザーがログイン: fabula
[2025-05-31 15:12:52] [INFO] データベース接続成功
[2025-05-31 15:12:52] [INFO] 部屋数カウント: 15
[2025-05-31 15:12:52] [INFO] 利用中の部屋数カウント: 1
[2025-05-31 17:45:54] [INFO] 設定読み込み URL: http://mobes.online/admin/adminsetting_registrer.php?section=register_settings
[2025-05-31 17:45:54] [INFO] ユーザーがログイン: fabula
[2025-05-31 17:45:54] [INFO] データベース接続成功
[2025-05-31 17:45:54] [INFO] 部屋数カウント: 15
[2025-05-31 17:45:54] [INFO] 利用中の部屋数カウント: 2
[2025-05-31 17:51:11] [INFO] 設定読み込み URL: http://mobes.online/admin/adminsetting_registrer.php?section=register_settings
[2025-05-31 17:51:11] [INFO] ユーザーがログイン: fabula
[2025-05-31 17:51:11] [INFO] データベース接続成功
[2025-05-31 17:51:11] [INFO] 部屋数カウント: 15
[2025-05-31 17:51:11] [INFO] 利用中の部屋数カウント: 2
[2025-05-31 20:07:01] [INFO] 設定読み込み URL: http://mobes.online/admin/adminsetting_registrer.php?section=register_settings
[2025-05-31 20:07:01] [INFO] ユーザーがログイン: fabula
[2025-05-31 20:07:01] [INFO] データベース接続成功
[2025-05-31 20:07:01] [INFO] 部屋数カウント: 15
[2025-05-31 20:07:01] [INFO] 利用中の部屋数カウント: 2
[2025-05-31 20:10:23] [INFO] 設定読み込み URL: http://mobes.online/admin/adminsetting_registrer.php?section=register_settings
[2025-05-31 20:10:23] [INFO] ユーザーがログイン: fabula
[2025-05-31 20:10:23] [INFO] データベース接続成功
[2025-05-31 20:10:23] [INFO] 部屋数カウント: 15
[2025-05-31 20:10:23] [INFO] 利用中の部屋数カウント: 1
[2025-05-31 20:19:12] [INFO] 設定読み込み URL: http://mobes.online/admin/adminsetting_registrer.php?section=register_settings
[2025-05-31 20:19:12] [INFO] ユーザーがログイン: fabula
[2025-05-31 20:19:12] [INFO] データベース接続成功
[2025-05-31 20:19:12] [INFO] 部屋数カウント: 15
[2025-05-31 20:19:12] [INFO] 利用中の部屋数カウント: 2
[2025-05-31 20:42:24] [INFO] 設定読み込み URL: http://mobes.online/admin/adminsetting_registrer.php?section=register_settings
[2025-05-31 20:42:24] [INFO] ユーザーがログイン: fabula
[2025-05-31 20:42:24] [INFO] データベース接続成功
[2025-05-31 20:42:24] [INFO] 部屋数カウント: 15
[2025-05-31 20:42:24] [INFO] 利用中の部屋数カウント: 1
[2025-05-31 20:51:04] [INFO] 設定読み込み URL: http://mobes.online/admin/adminsetting_registrer.php?section=register_settings
[2025-05-31 20:51:04] [INFO] ユーザーがログイン: fabula
[2025-05-31 20:51:04] [INFO] データベース接続成功
[2025-05-31 20:51:04] [INFO] 部屋数カウント: 15
[2025-05-31 20:51:04] [INFO] 利用中の部屋数カウント: 2
[2025-06-01 07:37:57] [INFO] 設定読み込み URL: http://mobes.online/admin/adminsetting_registrer.php?section=register_settings
[2025-06-01 07:37:57] [INFO] ユーザーがログイン: fabula
[2025-06-01 07:37:57] [INFO] データベース接続成功
[2025-06-01 07:37:57] [INFO] 部屋数カウント: 15
[2025-06-01 07:37:57] [INFO] 利用中の部屋数カウント: 3
[2025-06-01 07:38:39] [INFO] 設定読み込み URL: http://mobes.online/admin/adminsetting_registrer.php?section=register_settings
[2025-06-01 07:38:40] [INFO] ユーザーがログイン: fabula
[2025-06-01 07:38:40] [INFO] データベース接続成功
[2025-06-01 07:38:40] [INFO] 部屋数カウント: 15
[2025-06-01 07:38:40] [INFO] 利用中の部屋数カウント: 2
[2025-06-01 08:16:35] [INFO] 設定読み込み URL: http://mobes.online/admin/adminsetting_registrer.php?section=register_settings
[2025-06-01 08:16:35] [INFO] ユーザーがログイン: fabula
[2025-06-01 08:16:35] [INFO] データベース接続成功
[2025-06-01 08:16:35] [INFO] 部屋数カウント: 15
[2025-06-01 08:16:35] [INFO] 利用中の部屋数カウント: 3
[2025-06-01 08:17:12] [INFO] 設定読み込み URL: http://mobes.online/admin/adminsetting_registrer.php?section=register_settings
[2025-06-01 08:17:12] [INFO] ユーザーがログイン: fabula
[2025-06-01 08:17:12] [INFO] データベース接続成功
[2025-06-01 08:17:12] [INFO] 部屋数カウント: 15
[2025-06-01 08:17:12] [INFO] 利用中の部屋数カウント: 2
[2025-06-01 08:26:51] [INFO] 設定読み込み URL: http://mobes.online/admin/adminsetting_registrer.php?section=register_settings
[2025-06-01 08:26:51] [INFO] ユーザーがログイン: fabula
[2025-06-01 08:26:51] [INFO] データベース接続成功
[2025-06-01 08:26:51] [INFO] 部屋数カウント: 15
[2025-06-01 08:26:51] [INFO] 利用中の部屋数カウント: 3
[2025-06-01 08:27:06] [INFO] 設定読み込み URL: http://mobes.online/admin/adminsetting_registrer.php?section=register_settings
[2025-06-01 08:27:06] [INFO] ユーザーがログイン: fabula
[2025-06-01 08:27:06] [INFO] データベース接続成功
[2025-06-01 08:27:06] [INFO] 部屋数カウント: 15
[2025-06-01 08:27:06] [INFO] 利用中の部屋数カウント: 2
[2025-06-01 08:41:26] [INFO] 設定読み込み URL: http://mobes.online/admin/adminsetting_registrer.php?section=register_settings
[2025-06-01 08:41:26] [INFO] ユーザーがログイン: fabula
[2025-06-01 08:41:26] [INFO] データベース接続成功
[2025-06-01 08:41:26] [INFO] 部屋数カウント: 15
[2025-06-01 08:41:26] [INFO] 利用中の部屋数カウント: 2
[2025-06-01 09:35:17] [INFO] 設定読み込み URL: http://mobes.online/admin/adminsetting_registrer.php?section=register_settings
[2025-06-01 09:35:17] [INFO] ユーザーがログイン: fabula
[2025-06-01 09:35:17] [INFO] データベース接続成功
[2025-06-01 09:35:17] [INFO] 部屋数カウント: 15
[2025-06-01 09:35:17] [INFO] 利用中の部屋数カウント: 3
[2025-06-01 09:35:32] [INFO] 設定読み込み URL: http://mobes.online/admin/adminsetting_registrer.php?section=register_settings
[2025-06-01 09:35:32] [INFO] ユーザーがログイン: fabula
[2025-06-01 09:35:32] [INFO] データベース接続成功
[2025-06-01 09:35:32] [INFO] 部屋数カウント: 15
[2025-06-01 09:35:32] [INFO] 利用中の部屋数カウント: 2
[2025-06-01 09:56:40] [INFO] 設定読み込み URL: http://mobes.online/admin/adminsetting_registrer.php?section=register_settings
[2025-06-01 09:56:40] [INFO] ユーザーがログイン: fabula
[2025-06-01 09:56:40] [INFO] データベース接続成功
[2025-06-01 09:56:40] [INFO] 部屋数カウント: 15
[2025-06-01 09:56:40] [INFO] 利用中の部屋数カウント: 3
[2025-06-01 10:11:34] [INFO] 設定読み込み URL: http://mobes.online/admin/adminsetting_registrer.php?section=register_settings
[2025-06-01 10:11:34] [INFO] ユーザーがログイン: fabula
[2025-06-01 10:11:34] [INFO] データベース接続成功
[2025-06-01 10:11:34] [INFO] 部屋数カウント: 15
[2025-06-01 10:11:34] [INFO] 利用中の部屋数カウント: 3
[2025-06-01 10:15:34] [INFO] 設定読み込み URL: http://mobes.online/admin/adminsetting_registrer.php?section=register_settings
[2025-06-01 10:15:34] [INFO] ユーザーがログイン: fabula
[2025-06-01 10:15:34] [INFO] データベース接続成功
[2025-06-01 10:15:34] [INFO] 部屋数カウント: 15
[2025-06-01 10:15:34] [INFO] 利用中の部屋数カウント: 0
[2025-06-01 10:17:06] [INFO] 設定読み込み URL: http://mobes.online/admin/adminsetting_registrer.php?section=register_settings
[2025-06-01 10:17:06] [INFO] ユーザーがログイン: fabula
[2025-06-01 10:17:06] [INFO] データベース接続成功
[2025-06-01 10:17:06] [INFO] 部屋数カウント: 15
[2025-06-01 10:17:06] [INFO] 利用中の部屋数カウント: 0
[2025-06-01 10:21:02] [INFO] 設定読み込み URL: http://mobes.online/admin/adminsetting_registrer.php?section=register_settings
[2025-06-01 10:21:02] [INFO] ユーザーがログイン: fabula
[2025-06-01 10:21:02] [INFO] データベース接続成功
[2025-06-01 10:21:02] [INFO] 部屋数カウント: 15
[2025-06-01 10:21:02] [INFO] 利用中の部屋数カウント: 1
[2025-06-01 10:57:21] [INFO] 設定読み込み URL: http://mobes.online/admin/adminsetting_registrer.php?section=register_settings
[2025-06-01 10:57:21] [INFO] ユーザーがログイン: fabula
[2025-06-01 10:57:21] [INFO] データベース接続成功
[2025-06-01 10:57:21] [INFO] 部屋数カウント: 15
[2025-06-01 10:57:21] [INFO] 利用中の部屋数カウント: 1
[2025-06-01 11:13:58] [INFO] 設定読み込み URL: http://mobes.online/admin/adminsetting_registrer.php?section=register_settings
[2025-06-01 11:13:58] [INFO] ユーザーがログイン: fabula
[2025-06-01 11:13:58] [INFO] データベース接続成功
[2025-06-01 11:13:58] [INFO] 部屋数カウント: 15
[2025-06-01 11:13:58] [INFO] 利用中の部屋数カウント: 0
[2025-06-01 11:28:49] [INFO] 設定読み込み URL: http://mobes.online/admin/adminsetting_registrer.php?section=register_settings
[2025-06-01 11:28:49] [INFO] ユーザーがログイン: fabula
[2025-06-01 11:28:49] [INFO] データベース接続成功
[2025-06-01 11:28:49] [INFO] 部屋数カウント: 15
[2025-06-01 11:28:49] [INFO] 利用中の部屋数カウント: 1
[2025-06-01 12:45:57] [INFO] 設定読み込み URL: http://mobes.online/admin/adminsetting_registrer.php?section=register_settings
[2025-06-01 12:45:57] [INFO] ユーザーがログイン: fabula
[2025-06-01 12:45:57] [INFO] データベース接続成功
[2025-06-01 12:45:57] [INFO] 部屋数カウント: 15
[2025-06-01 12:45:57] [INFO] 利用中の部屋数カウント: 1
[2025-06-04 21:02:06] [INFO] 設定読み込み URL: http://mobes.online/admin/adminsetting_registrer.php?section=register_settings
[2025-06-04 21:02:06] [INFO] 未ログインアクセス - index.phpにリダイレクト
[2025-06-05 10:49:03] [INFO] 設定読み込み URL: http://mobes.online/admin/adminsetting_registrer.php?section=register_settings
[2025-06-05 10:49:03] [INFO] ユーザーがログイン: fabula
[2025-06-05 10:49:03] [INFO] データベース接続成功
[2025-06-05 10:49:03] [INFO] 部屋数カウント: 15
[2025-06-05 10:49:03] [INFO] 利用中の部屋数カウント: 3
[2025-06-06 12:13:27] [INFO] 設定読み込み URL: http://mobes.online/admin/adminsetting_registrer.php?section=register_settings
[2025-06-06 12:13:27] [INFO] ユーザーがログイン: fabula
[2025-06-06 12:13:27] [INFO] データベース接続成功
[2025-06-06 12:13:27] [INFO] 部屋数カウント: 15
[2025-06-06 12:13:27] [INFO] 利用中の部屋数カウント: 3
[2025-06-06 12:19:18] [INFO] 設定読み込み URL: http://mobes.online/admin/adminsetting_registrer.php?section=register_settings
[2025-06-06 12:19:18] [INFO] ユーザーがログイン: fabula
[2025-06-06 12:19:18] [INFO] データベース接続成功
[2025-06-06 12:19:18] [INFO] 部屋数カウント: 15
[2025-06-06 12:19:18] [INFO] 利用中の部屋数カウント: 3
[2025-06-06 12:39:12] [INFO] 設定読み込み URL: http://mobes.online/admin/adminsetting_registrer.php?section=register_settings
[2025-06-06 12:39:12] [INFO] ユーザーがログイン: fabula
[2025-06-06 12:39:12] [INFO] データベース接続成功
[2025-06-06 12:39:12] [INFO] 部屋数カウント: 15
[2025-06-06 12:39:12] [INFO] 利用中の部屋数カウント: 4
[2025-06-06 14:17:01] [INFO] 設定読み込み URL: http://mobes.online/admin/adminsetting_registrer.php?section=register_settings
[2025-06-06 14:17:01] [INFO] ユーザーがログイン: fabula
[2025-06-06 14:17:01] [INFO] データベース接続成功
[2025-06-06 14:17:01] [INFO] 部屋数カウント: 15
[2025-06-06 14:17:01] [INFO] 利用中の部屋数カウント: 4
[2025-06-06 14:20:13] [INFO] 設定読み込み URL: http://mobes.online/admin/adminsetting_registrer.php?section=register_settings
[2025-06-06 14:20:13] [INFO] ユーザーがログイン: fabula
[2025-06-06 14:20:13] [INFO] データベース接続成功
[2025-06-06 14:20:13] [INFO] 部屋数カウント: 15
[2025-06-06 14:20:13] [INFO] 利用中の部屋数カウント: 3
[2025-06-06 16:27:06] [INFO] 設定読み込み URL: http://mobes.online/admin/adminsetting_registrer.php?section=register_settings
[2025-06-06 16:27:06] [INFO] 未ログインアクセス - index.phpにリダイレクト
[2025-06-06 20:37:56] [INFO] 設定読み込み URL: http://mobes.online/admin/adminsetting_registrer.php?section=register_settings
[2025-06-06 20:37:56] [INFO] ユーザーがログイン: fabula
[2025-06-06 20:37:56] [INFO] データベース接続成功
[2025-06-06 20:37:56] [INFO] 部屋数カウント: 15
[2025-06-06 20:37:56] [INFO] 利用中の部屋数カウント: 2
[2025-06-06 20:38:07] [INFO] 設定読み込み URL: http://mobes.online/admin/adminsetting_registrer.php?section=register_settings
[2025-06-06 20:38:07] [INFO] ユーザーがログイン: fabula
[2025-06-06 20:38:07] [INFO] データベース接続成功
[2025-06-06 20:38:07] [INFO] 部屋数カウント: 15
[2025-06-06 20:38:07] [INFO] 利用中の部屋数カウント: 2
[2025-06-06 20:38:11] [INFO] 設定読み込み URL: http://mobes.online/admin/adminsetting_registrer.php?section=register_settings
[2025-06-06 20:38:11] [INFO] ユーザーがログイン: fabula
[2025-06-06 20:38:11] [INFO] データベース接続成功
[2025-06-06 20:38:11] [INFO] 部屋数カウント: 15
[2025-06-06 20:38:11] [INFO] 利用中の部屋数カウント: 2
[2025-06-06 21:00:32] [INFO] 設定読み込み URL: http://mobes.online/admin/adminsetting_registrer.php?section=register_settings
[2025-06-06 21:00:32] [INFO] ユーザーがログイン: fabula
[2025-06-06 21:00:32] [INFO] データベース接続成功
[2025-06-06 21:00:32] [INFO] 部屋数カウント: 15
[2025-06-06 21:00:32] [INFO] 利用中の部屋数カウント: 2
[2025-06-06 22:00:33] [INFO] 設定読み込み URL: http://mobes.online/admin/adminsetting_registrer.php?section=register_settings
[2025-06-06 22:00:33] [INFO] ユーザーがログイン: fabula
[2025-06-06 22:00:33] [INFO] データベース接続成功
[2025-06-06 22:00:33] [INFO] 部屋数カウント: 15
[2025-06-06 22:00:33] [INFO] 利用中の部屋数カウント: 3
[2025-06-06 22:00:40] [INFO] 設定読み込み URL: http://test-mijeos.but.jp/fgsquare/admin/adminsetting_registrer.php?section=register_settings
[2025-06-06 22:00:40] [INFO] 未ログインアクセス - index.phpにリダイレクト
[2025-06-06 23:55:57] [INFO] 設定読み込み URL: http://mobes.online/admin/adminsetting_registrer.php?section=register_settings
[2025-06-06 23:55:57] [INFO] ユーザーがログイン: fabula
[2025-06-06 23:55:57] [INFO] データベース接続成功
[2025-06-06 23:55:57] [INFO] 部屋数カウント: 15
[2025-06-06 23:55:57] [INFO] 利用中の部屋数カウント: 4
[2025-06-07 00:03:56] [INFO] 設定読み込み URL: http://mobes.online/admin/adminsetting_registrer.php?section=register_settings
[2025-06-07 00:03:56] [INFO] ユーザーがログイン: fabula
[2025-06-07 00:03:56] [INFO] データベース接続成功
[2025-06-07 00:03:56] [INFO] 部屋数カウント: 15
[2025-06-07 00:03:56] [INFO] 利用中の部屋数カウント: 4
[2025-06-07 10:21:55] [INFO] 設定読み込み URL: http://mobes.online/admin/adminsetting_registrer.php?section=register_settings
[2025-06-07 10:21:55] [INFO] ユーザーがログイン: fabula
[2025-06-07 10:21:55] [INFO] データベース接続成功
[2025-06-07 10:21:55] [INFO] 部屋数カウント: 15
[2025-06-07 10:21:55] [INFO] 利用中の部屋数カウント: 4
[2025-06-07 10:21:59] [INFO] 設定読み込み URL: http://mobes.online/admin/adminsetting_registrer.php?section=register_settings
[2025-06-07 10:21:59] [INFO] ユーザーがログイン: fabula
[2025-06-07 10:21:59] [INFO] データベース接続成功
[2025-06-07 10:21:59] [INFO] 部屋数カウント: 15
[2025-06-07 10:21:59] [INFO] 利用中の部屋数カウント: 4
[2025-06-07 11:13:45] [INFO] 設定読み込み URL: http://mobes.online/admin/adminsetting_registrer.php?section=register_settings
[2025-06-07 11:13:45] [INFO] ユーザーがログイン: fabula
[2025-06-07 11:13:45] [INFO] データベース接続成功
[2025-06-07 11:13:45] [INFO] 部屋数カウント: 15
[2025-06-07 11:13:45] [INFO] 利用中の部屋数カウント: 4
[2025-06-07 12:18:44] [INFO] 設定読み込み URL: http://mobes.online/admin/adminsetting_registrer.php?section=register_settings
[2025-06-07 12:18:44] [INFO] ユーザーがログイン: fabula
[2025-06-07 12:18:44] [INFO] データベース接続成功
[2025-06-07 12:18:44] [INFO] 部屋数カウント: 15
[2025-06-07 12:18:44] [INFO] 利用中の部屋数カウント: 4
[2025-06-07 13:16:34] [INFO] 設定読み込み URL: http://mobes.online/admin/adminsetting_registrer.php?section=register_settings
[2025-06-07 13:16:34] [INFO] ユーザーがログイン: fabula
[2025-06-07 13:16:34] [INFO] データベース接続成功
[2025-06-07 13:16:34] [INFO] 部屋数カウント: 15
[2025-06-07 13:16:34] [INFO] 利用中の部屋数カウント: 1
[2025-06-07 13:16:55] [INFO] 設定読み込み URL: http://mobes.online/admin/adminsetting_registrer.php?section=register_settings
[2025-06-07 13:16:55] [INFO] ユーザーがログイン: fabula
[2025-06-07 13:16:55] [INFO] データベース接続成功
[2025-06-07 13:16:55] [INFO] 部屋数カウント: 15
[2025-06-07 13:16:55] [INFO] 利用中の部屋数カウント: 1
[2025-06-07 13:40:19] [INFO] 設定読み込み URL: http://mobes.online/admin/adminsetting_registrer.php?section=register_settings
[2025-06-07 13:40:19] [INFO] ユーザーがログイン: fabula
[2025-06-07 13:40:19] [INFO] データベース接続成功
[2025-06-07 13:40:19] [INFO] 部屋数カウント: 15
[2025-06-07 13:40:19] [INFO] 利用中の部屋数カウント: 0
[2025-06-07 16:04:08] [INFO] 設定読み込み URL: http://mobes.online/admin/adminsetting_registrer.php?section=register_settings
[2025-06-07 16:04:08] [INFO] ユーザーがログイン: fabula
[2025-06-07 16:04:08] [INFO] データベース接続成功
[2025-06-07 16:04:08] [INFO] 部屋数カウント: 15
[2025-06-07 16:04:08] [INFO] 利用中の部屋数カウント: 1
[2025-06-07 18:51:35] [INFO] 設定読み込み URL: http://mobes.online/admin/adminsetting_registrer.php?section=register_settings
[2025-06-07 18:51:35] [INFO] ユーザーがログイン: fabula
[2025-06-07 18:51:35] [INFO] データベース接続成功
[2025-06-07 18:51:35] [INFO] 部屋数カウント: 15
[2025-06-07 18:51:35] [INFO] 利用中の部屋数カウント: 2
[2025-06-08 09:27:16] [INFO] 設定読み込み URL: http://mobes.online/admin/adminsetting_registrer.php?section=register_settings
[2025-06-08 09:27:16] [INFO] ユーザーがログイン: fabula
[2025-06-08 09:27:16] [INFO] データベース接続成功
[2025-06-08 09:27:16] [INFO] 部屋数カウント: 15
[2025-06-08 09:27:16] [INFO] 利用中の部屋数カウント: 3
[2025-06-09 21:23:34] [INFO] 設定読み込み URL: http://mobes.online/admin/adminsetting_registrer.php?section=register_settings
[2025-06-09 21:23:34] [INFO] 未ログインアクセス - index.phpにリダイレクト
[2025-06-09 22:03:00] [INFO] 設定読み込み URL: http://test-mijeos.but.jp/fgsquare/admin/adminsetting_registrer.php?section=register_settings
[2025-06-09 22:03:00] [INFO] 未ログインアクセス - index.phpにリダイレクト
[2025-06-10 21:28:33] [INFO] 設定読み込み URL: http://mobes.online/admin/adminsetting_registrer.php?section=register_settings
[2025-06-10 21:28:33] [INFO] 未ログインアクセス - index.phpにリダイレクト
[2025-06-10 21:28:53] [INFO] 設定読み込み URL: http://mobes.online/admin/adminsetting_registrer.php?section=register_settings
[2025-06-10 21:28:53] [INFO] ユーザーがログイン: fabula
[2025-06-10 21:28:53] [INFO] データベース接続成功
[2025-06-10 21:28:53] [INFO] 部屋数カウント: 15
[2025-06-10 21:28:53] [INFO] 利用中の部屋数カウント: 2
[2025-06-11 10:38:33] [INFO] 設定読み込み URL: http://mobes.online/admin/adminsetting_registrer.php?section=register_settings
[2025-06-11 10:38:33] [INFO] ユーザーがログイン: fabula
[2025-06-11 10:38:33] [INFO] データベース接続成功
[2025-06-11 10:38:33] [INFO] 部屋数カウント: 15
[2025-06-11 10:38:33] [INFO] 利用中の部屋数カウント: 3
[2025-06-11 13:57:27] [INFO] 設定読み込み URL: http://mobes.online/admin/adminsetting_registrer.php?section=register_settings
[2025-06-11 13:57:27] [INFO] ユーザーがログイン: fabula
[2025-06-11 13:57:27] [INFO] データベース接続成功
[2025-06-11 13:57:27] [INFO] 部屋数カウント: 15
[2025-06-11 13:57:27] [INFO] 利用中の部屋数カウント: 3
[2025-06-12 14:40:22] [INFO] 設定読み込み URL: http://mobes.online/admin/adminsetting_registrer.php?section=register_settings
[2025-06-12 14:40:22] [INFO] ユーザーがログイン: fabula
[2025-06-12 14:40:22] [INFO] データベース接続成功
[2025-06-12 14:40:22] [INFO] 部屋数カウント: 15
[2025-06-12 14:40:22] [INFO] 利用中の部屋数カウント: 3
[2025-06-12 15:59:25] [INFO] 設定読み込み URL: http://mobes.online/admin/adminsetting_registrer.php?section=register_settings
[2025-06-12 15:59:25] [INFO] 未ログインアクセス - index.phpにリダイレクト
[2025-06-13 09:08:03] [INFO] 設定読み込み URL: http://mobes.online/admin/adminsetting_registrer.php?section=register_settings
[2025-06-13 09:08:03] [INFO] 未ログインアクセス - index.phpにリダイレクト
[2025-06-13 10:40:26] [INFO] 設定読み込み URL: http://mobes.online/admin/adminsetting_registrer.php?section=register_settings
[2025-06-13 10:40:26] [INFO] 未ログインアクセス - index.phpにリダイレクト
[2025-06-13 10:40:43] [INFO] 設定読み込み URL: http://mobes.online/admin/adminsetting_registrer.php?section=register_settings
[2025-06-13 10:40:43] [INFO] ユーザーがログイン: fabula
[2025-06-13 10:40:43] [INFO] データベース接続成功
[2025-06-13 10:40:43] [INFO] 部屋数カウント: 15
[2025-06-13 10:40:43] [INFO] 利用中の部屋数カウント: 3
[2025-06-13 10:41:15] [INFO] 設定読み込み URL: http://mobes.online/admin/adminsetting_registrer.php?section=register_settings
[2025-06-13 10:41:15] [INFO] ユーザーがログイン: fabula
[2025-06-13 10:41:15] [INFO] データベース接続成功
[2025-06-13 10:41:15] [INFO] 部屋数カウント: 15
[2025-06-13 10:41:15] [INFO] 利用中の部屋数カウント: 3
[2025-06-15 10:45:56] [INFO] 設定読み込み URL: http://mobes.online/admin/adminsetting_registrer.php?section=register_settings
[2025-06-15 10:45:56] [INFO] ユーザーがログイン: fabula
[2025-06-15 10:45:56] [INFO] データベース接続成功
[2025-06-15 10:45:56] [INFO] 部屋数カウント: 15
[2025-06-15 10:45:56] [INFO] 利用中の部屋数カウント: 3
[2025-06-15 16:22:51] [INFO] 設定読み込み URL: http://mobes.online/admin/adminsetting_registrer.php?section=register_settings
[2025-06-15 16:22:51] [INFO] ユーザーがログイン: fabula
[2025-06-15 16:22:51] [INFO] データベース接続成功
[2025-06-15 16:22:51] [INFO] 部屋数カウント: 15
[2025-06-15 16:22:51] [INFO] 利用中の部屋数カウント: 3
[2025-06-15 16:23:56] [INFO] 設定読み込み URL: http://mobes.online/admin/adminsetting_registrer.php?section=register_settings
[2025-06-15 16:23:56] [INFO] ユーザーがログイン: fabula
[2025-06-15 16:23:56] [INFO] データベース接続成功
[2025-06-15 16:23:56] [INFO] 部屋数カウント: 15
[2025-06-15 16:23:56] [INFO] 利用中の部屋数カウント: 3
[2025-06-15 16:33:16] [INFO] 設定読み込み URL: http://mobes.online/admin/adminsetting_registrer.php?section=register_settings
[2025-06-15 16:33:16] [INFO] ユーザーがログイン: fabula
[2025-06-15 16:33:16] [INFO] データベース接続成功
[2025-06-15 16:33:16] [INFO] 部屋数カウント: 15
[2025-06-15 16:33:16] [INFO] 利用中の部屋数カウント: 4
[2025-06-15 16:36:47] [INFO] 設定読み込み URL: http://mobes.online/admin/adminsetting_registrer.php?section=register_settings
[2025-06-15 16:36:47] [INFO] ユーザーがログイン: fabula
[2025-06-15 16:36:47] [INFO] データベース接続成功
[2025-06-15 16:36:47] [INFO] 部屋数カウント: 15
[2025-06-15 16:36:47] [INFO] 利用中の部屋数カウント: 5
[2025-06-15 16:39:11] [INFO] 設定読み込み URL: http://mobes.online/admin/adminsetting_registrer.php?section=register_settings
[2025-06-15 16:39:11] [INFO] ユーザーがログイン: fabula
[2025-06-15 16:39:11] [INFO] データベース接続成功
[2025-06-15 16:39:11] [INFO] 部屋数カウント: 15
[2025-06-15 16:39:11] [INFO] 利用中の部屋数カウント: 5
[2025-06-15 16:42:07] [INFO] 設定読み込み URL: http://mobes.online/admin/adminsetting_registrer.php?section=register_settings
[2025-06-15 16:42:07] [INFO] ユーザーがログイン: fabula
[2025-06-15 16:42:07] [INFO] データベース接続成功
[2025-06-15 16:42:07] [INFO] 部屋数カウント: 15
[2025-06-15 16:42:07] [INFO] 利用中の部屋数カウント: 4
[2025-06-15 16:42:21] [INFO] 設定読み込み URL: http://mobes.online/admin/adminsetting_registrer.php?section=register_settings
[2025-06-15 16:42:21] [INFO] ユーザーがログイン: fabula
[2025-06-15 16:42:21] [INFO] データベース接続成功
[2025-06-15 16:42:21] [INFO] 部屋数カウント: 15
[2025-06-15 16:42:21] [INFO] 利用中の部屋数カウント: 4
[2025-06-15 17:03:46] [INFO] 設定読み込み URL: http://mobes.online/admin/adminsetting_registrer.php?section=register_settings
[2025-06-15 17:03:46] [INFO] ユーザーがログイン: fabula
[2025-06-15 17:03:46] [INFO] データベース接続成功
[2025-06-15 17:03:46] [INFO] 部屋数カウント: 15
[2025-06-15 17:03:46] [INFO] 利用中の部屋数カウント: 5
[2025-06-15 17:03:48] [INFO] 設定読み込み URL: http://mobes.online/admin/adminsetting_registrer.php?section=register_settings
[2025-06-15 17:03:48] [INFO] ユーザーがログイン: fabula
[2025-06-15 17:03:48] [INFO] データベース接続成功
[2025-06-15 17:03:48] [INFO] 部屋数カウント: 15
[2025-06-15 17:03:48] [INFO] 利用中の部屋数カウント: 5
[2025-06-15 17:05:53] [INFO] 設定読み込み URL: http://mobes.online/admin/adminsetting_registrer.php?section=register_settings
[2025-06-15 17:05:53] [INFO] ユーザーがログイン: fabula
[2025-06-15 17:05:53] [INFO] データベース接続成功
[2025-06-15 17:05:53] [INFO] 部屋数カウント: 15
[2025-06-15 17:05:53] [INFO] 利用中の部屋数カウント: 2
[2025-06-15 18:02:18] [INFO] 設定読み込み URL: http://mobes.online/admin/adminsetting_registrer.php?section=register_settings
[2025-06-15 18:02:18] [INFO] ユーザーがログイン: fabula
[2025-06-15 18:02:18] [INFO] データベース接続成功
[2025-06-15 18:02:18] [INFO] 部屋数カウント: 15
[2025-06-15 18:02:18] [INFO] 利用中の部屋数カウント: 4
[2025-06-15 20:57:44] [INFO] 設定読み込み URL: http://mobes.online/admin/adminsetting_registrer.php?section=register_settings
[2025-06-15 20:57:44] [INFO] ユーザーがログイン: fabula
[2025-06-15 20:57:44] [INFO] データベース接続成功
[2025-06-15 20:57:44] [INFO] 部屋数カウント: 15
[2025-06-15 20:57:44] [INFO] 利用中の部屋数カウント: 4
[2025-06-15 20:58:28] [INFO] 設定読み込み URL: http://mobes.online/admin/adminsetting_registrer.php?section=register_settings
[2025-06-15 20:58:28] [INFO] ユーザーがログイン: fabula
[2025-06-15 20:58:28] [INFO] データベース接続成功
[2025-06-15 20:58:28] [INFO] 部屋数カウント: 15
[2025-06-15 20:58:28] [INFO] 利用中の部屋数カウント: 4
[2025-06-15 20:59:50] [INFO] 設定読み込み URL: http://mobes.online/admin/adminsetting_registrer.php?section=register_settings
[2025-06-15 20:59:50] [INFO] ユーザーがログイン: fabula
[2025-06-15 20:59:50] [INFO] データベース接続成功
[2025-06-15 20:59:50] [INFO] 部屋数カウント: 15
[2025-06-15 20:59:50] [INFO] 利用中の部屋数カウント: 4
[2025-06-18 12:49:10] [INFO] 設定読み込み URL: http://mobes.online/admin/adminsetting_registrer.php?section=register_settings
[2025-06-18 12:49:10] [INFO] ユーザーがログイン: fabula
[2025-06-18 12:49:10] [INFO] データベース接続成功
[2025-06-18 12:49:10] [INFO] 部屋数カウント: 15
[2025-06-18 12:49:10] [INFO] 利用中の部屋数カウント: 4
[2025-06-18 12:53:27] [INFO] 設定読み込み URL: http://mobes.online/admin/adminsetting_registrer.php?section=register_settings
[2025-06-18 12:53:27] [INFO] ユーザーがログイン: fabula
[2025-06-18 12:53:27] [INFO] データベース接続成功
[2025-06-18 12:53:27] [INFO] 部屋数カウント: 15
[2025-06-18 12:53:27] [INFO] 利用中の部屋数カウント: 5
[2025-06-18 14:50:06] [INFO] 設定読み込み URL: http://mobes.online/admin/adminsetting_registrer.php?section=register_settings
[2025-06-18 14:50:06] [INFO] ユーザーがログイン: fabula
[2025-06-18 14:50:06] [INFO] データベース接続成功
[2025-06-18 14:50:06] [INFO] 部屋数カウント: 15
[2025-06-18 14:50:06] [INFO] 利用中の部屋数カウント: 2
[2025-06-18 16:11:37] [INFO] 設定読み込み URL: http://mobes.online/admin/adminsetting_registrer.php?section=register_settings
[2025-06-18 16:11:37] [INFO] ユーザーがログイン: fabula
[2025-06-18 16:11:37] [INFO] データベース接続成功
[2025-06-18 16:11:37] [INFO] 部屋数カウント: 15
[2025-06-18 16:11:37] [INFO] 利用中の部屋数カウント: 3
[2025-06-18 16:36:13] [INFO] 設定読み込み URL: http://mobes.online/admin/adminsetting_registrer.php?section=register_settings
[2025-06-18 16:36:13] [INFO] ユーザーがログイン: fabula
[2025-06-18 16:36:13] [INFO] データベース接続成功
[2025-06-18 16:36:13] [INFO] 部屋数カウント: 15
[2025-06-18 16:36:13] [INFO] 利用中の部屋数カウント: 4
[2025-06-20 13:14:25] [INFO] 設定読み込み URL: http://mobes.online/admin/adminsetting_registrer.php?section=register_settings
[2025-06-20 13:14:25] [INFO] 未ログインアクセス - index.phpにリダイレクト
[2025-06-25 21:10:55] [INFO] 設定読み込み URL: http://mobes.online/admin/adminsetting_registrer.php?section=register_settings
[2025-06-25 21:10:55] [INFO] 未ログインアクセス - index.phpにリダイレクト
[2025-06-27 10:39:16] [INFO] 設定読み込み URL: http://mobes.online/admin/adminsetting_registrer.php?section=register_settings
[2025-06-27 10:39:16] [INFO] ユーザーがログイン: fabula
[2025-06-27 10:39:16] [INFO] データベース接続成功
[2025-06-27 10:39:16] [INFO] 部屋数カウント: 15
[2025-06-27 10:39:16] [INFO] 利用中の部屋数カウント: 2
[2025-06-27 18:22:32] [INFO] 設定読み込み URL: http://test-mijeos.but.jp/fgsquare/admin/adminsetting_registrer.php?section=register_settings
[2025-06-27 18:22:32] [INFO] 未ログインアクセス - index.phpにリダイレクト
[2025-06-27 19:26:12] [INFO] 設定読み込み URL: http://mobes.online/admin/adminsetting_registrer.php?section=register_settings
[2025-06-27 19:26:12] [INFO] ユーザーがログイン: fabula
[2025-06-27 19:26:12] [INFO] データベース接続成功
[2025-06-27 19:26:12] [INFO] 部屋数カウント: 15
[2025-06-27 19:26:12] [INFO] 利用中の部屋数カウント: 2
[2025-06-27 19:26:48] [INFO] 設定読み込み URL: http://mobes.online/admin/adminsetting_registrer.php?section=register_settings
[2025-06-27 19:26:48] [INFO] ユーザーがログイン: fabula
[2025-06-27 19:26:48] [INFO] データベース接続成功
[2025-06-27 19:26:48] [INFO] 部屋数カウント: 15
[2025-06-27 19:26:48] [INFO] 利用中の部屋数カウント: 2
[2025-06-27 19:26:50] [INFO] 設定読み込み URL: http://mobes.online/admin/adminsetting_registrer.php?section=register_settings
[2025-06-27 19:26:50] [INFO] ユーザーがログイン: fabula
[2025-06-27 19:26:50] [INFO] データベース接続成功
[2025-06-27 19:26:50] [INFO] 部屋数カウント: 15
[2025-06-27 19:26:50] [INFO] 利用中の部屋数カウント: 2
[2025-06-27 19:27:50] [INFO] 設定読み込み URL: http://mobes.online/admin/adminsetting_registrer.php?section=register_settings
[2025-06-27 19:27:50] [INFO] ユーザーがログイン: fabula
[2025-06-27 19:27:50] [INFO] データベース接続成功
[2025-06-27 19:27:50] [INFO] 部屋数カウント: 15
[2025-06-27 19:27:50] [INFO] 利用中の部屋数カウント: 2
[2025-06-27 19:28:52] [INFO] 設定読み込み URL: http://mobes.online/admin/adminsetting_registrer.php?section=register_settings
[2025-06-27 19:28:52] [INFO] ユーザーがログイン: fabula
[2025-06-27 19:28:52] [INFO] データベース接続成功
[2025-06-27 19:28:52] [INFO] 部屋数カウント: 15
[2025-06-27 19:28:52] [INFO] 利用中の部屋数カウント: 2
[2025-06-27 19:28:58] [INFO] 設定読み込み URL: http://mobes.online/admin/adminsetting_registrer.php?section=register_settings
[2025-06-27 19:28:58] [INFO] ユーザーがログイン: fabula
[2025-06-27 19:28:58] [INFO] データベース接続成功
[2025-06-27 19:28:58] [INFO] 部屋数カウント: 15
[2025-06-27 19:28:58] [INFO] 利用中の部屋数カウント: 2
[2025-06-27 23:59:49] [INFO] 設定読み込み URL: http://mobes.online/admin/adminsetting_registrer.php?section=register_settings
[2025-06-27 23:59:49] [INFO] ユーザーがログイン: fabula
[2025-06-27 23:59:49] [INFO] データベース接続成功
[2025-06-27 23:59:49] [INFO] 部屋数カウント: 15
[2025-06-27 23:59:49] [INFO] 利用中の部屋数カウント: 2
[2025-06-28 00:00:36] [INFO] 設定読み込み URL: http://mobes.online/admin/adminsetting_registrer.php?section=register_settings
[2025-06-28 00:00:36] [INFO] ユーザーがログイン: fabula
[2025-06-28 00:00:36] [INFO] データベース接続成功
[2025-06-28 00:00:36] [INFO] 部屋数カウント: 15
[2025-06-28 00:00:36] [INFO] 利用中の部屋数カウント: 2
[2025-06-28 09:20:10] [INFO] 設定読み込み URL: http://mobes.online/admin/adminsetting_registrer.php?section=register_settings
[2025-06-28 09:20:10] [INFO] 未ログインアクセス - index.phpにリダイレクト
[2025-06-28 09:32:55] [INFO] 設定読み込み URL: http://mobes.online/admin/adminsetting_registrer.php?section=register_settings
[2025-06-28 09:32:55] [INFO] ユーザーがログイン: fabula
[2025-06-28 09:32:55] [INFO] データベース接続成功
[2025-06-28 09:32:55] [INFO] 部屋数カウント: 15
[2025-06-28 09:32:55] [INFO] 利用中の部屋数カウント: 2
[2025-06-28 15:09:21] [INFO] 設定読み込み URL: http://mobes.online/admin/adminsetting_registrer.php?section=register_settings
[2025-06-28 15:09:21] [INFO] ユーザーがログイン: fabula
[2025-06-28 15:09:21] [INFO] データベース接続成功
[2025-06-28 15:09:21] [INFO] 部屋数カウント: 15
[2025-06-28 15:09:21] [INFO] 利用中の部屋数カウント: 2
[2025-06-28 17:10:55] [INFO] 設定読み込み URL: http://mobes.online/admin/adminsetting_registrer.php?section=register_settings
[2025-06-28 17:10:55] [INFO] ユーザーがログイン: fabula
[2025-06-28 17:10:55] [INFO] データベース接続成功
[2025-06-28 17:10:55] [INFO] 部屋数カウント: 15
[2025-06-28 17:10:55] [INFO] 利用中の部屋数カウント: 3
[2025-06-28 17:15:26] [INFO] 設定読み込み URL: http://mobes.online/admin/adminsetting_registrer.php?section=register_settings
[2025-06-28 17:15:26] [INFO] ユーザーがログイン: fabula
[2025-06-28 17:15:26] [INFO] データベース接続成功
[2025-06-28 17:15:26] [INFO] 部屋数カウント: 15
[2025-06-28 17:15:26] [INFO] 利用中の部屋数カウント: 4
[2025-06-28 17:22:48] [INFO] 設定読み込み URL: http://mobes.online/admin/adminsetting_registrer.php?section=register_settings
[2025-06-28 17:22:48] [INFO] ユーザーがログイン: fabula
[2025-06-28 17:22:48] [INFO] データベース接続成功
[2025-06-28 17:22:48] [INFO] 部屋数カウント: 15
[2025-06-28 17:22:48] [INFO] 利用中の部屋数カウント: 4
[2025-06-28 17:44:09] [INFO] 設定読み込み URL: http://mobes.online/admin/adminsetting_registrer.php?section=register_settings
[2025-06-28 17:44:09] [INFO] ユーザーがログイン: fabula
[2025-06-28 17:44:09] [INFO] データベース接続成功
[2025-06-28 17:44:09] [INFO] 部屋数カウント: 15
[2025-06-28 17:44:09] [INFO] 利用中の部屋数カウント: 4
[2025-06-28 17:44:09] [INFO] 設定読み込み URL: http://mobes.online/admin/adminsetting_registrer.php?section=register_settings
[2025-06-28 17:44:09] [INFO] ユーザーがログイン: fabula
[2025-06-28 17:44:09] [INFO] データベース接続成功
[2025-06-28 17:44:09] [INFO] 部屋数カウント: 15
[2025-06-28 17:44:09] [INFO] 利用中の部屋数カウント: 4
[2025-06-28 17:46:50] [INFO] 設定読み込み URL: http://mobes.online/admin/adminsetting_registrer.php?section=register_settings
[2025-06-28 17:46:50] [INFO] ユーザーがログイン: fabula
[2025-06-28 17:46:50] [INFO] データベース接続成功
[2025-06-28 17:46:50] [INFO] 部屋数カウント: 15
[2025-06-28 17:46:50] [INFO] 利用中の部屋数カウント: 4
[2025-06-28 17:53:23] [INFO] 設定読み込み URL: http://mobes.online/admin/adminsetting_registrer.php?section=register_settings
[2025-06-28 17:53:23] [INFO] ユーザーがログイン: fabula
[2025-06-28 17:53:23] [INFO] データベース接続成功
[2025-06-28 17:53:23] [INFO] 部屋数カウント: 15
[2025-06-28 17:53:23] [INFO] 利用中の部屋数カウント: 4
[2025-06-28 18:01:38] [INFO] 設定読み込み URL: http://mobes.online/admin/adminsetting_registrer.php?section=register_settings
[2025-06-28 18:01:38] [INFO] ユーザーがログイン: fabula
[2025-06-28 18:01:38] [INFO] データベース接続成功
[2025-06-28 18:01:38] [INFO] 部屋数カウント: 15
[2025-06-28 18:01:38] [INFO] 利用中の部屋数カウント: 4
[2025-06-28 18:47:18] [INFO] 設定読み込み URL: http://mobes.online/admin/adminsetting_registrer.php?section=register_settings
[2025-06-28 18:47:18] [INFO] 未ログインアクセス - index.phpにリダイレクト
[2025-06-28 20:57:59] [INFO] 設定読み込み URL: http://mobes.online/admin/adminsetting_registrer.php?section=register_settings
[2025-06-28 20:57:59] [INFO] 未ログインアクセス - index.phpにリダイレクト
[2025-06-28 23:26:45] [INFO] 設定読み込み URL: http://mobes.online/admin/adminsetting_registrer.php?section=register_settings
[2025-06-28 23:26:45] [INFO] ユーザーがログイン: fabula
[2025-06-28 23:26:45] [INFO] データベース接続成功
[2025-06-28 23:26:45] [INFO] 部屋数カウント: 15
[2025-06-28 23:26:45] [INFO] 利用中の部屋数カウント: 4
[2025-07-03 13:29:22] [INFO] 設定読み込み URL: http://mobes.online/admin/adminsetting_registrer.php?section=register_settings
[2025-07-03 13:29:22] [INFO] ユーザーがログイン: fabula
[2025-07-03 13:29:22] [INFO] データベース接続成功
[2025-07-03 13:29:22] [INFO] 部屋数カウント: 15
[2025-07-03 13:29:22] [INFO] 利用中の部屋数カウント: 2
[2025-07-04 13:33:45] [INFO] 設定読み込み URL: http://mobes.online/admin/adminsetting_registrer.php?section=register_settings
[2025-07-04 13:33:45] [INFO] ユーザーがログイン: fabula
[2025-07-04 13:33:45] [INFO] データベース接続成功
[2025-07-04 13:33:45] [INFO] 部屋数カウント: 15
[2025-07-04 13:33:45] [INFO] 利用中の部屋数カウント: 2
[2025-07-04 13:34:02] [INFO] 設定読み込み URL: http://mobes.online/admin/adminsetting_registrer.php?section=register_settings
[2025-07-04 13:34:02] [INFO] ユーザーがログイン: fabula
[2025-07-04 13:34:02] [INFO] データベース接続成功
[2025-07-04 13:34:02] [INFO] 部屋数カウント: 15
[2025-07-04 13:34:02] [INFO] 利用中の部屋数カウント: 2
[2025-07-04 19:04:51] [INFO] 設定読み込み URL: http://mobes.online/admin/adminsetting_registrer.php?section=register_settings
[2025-07-04 19:04:51] [INFO] ユーザーがログイン: fabula
[2025-07-04 19:04:51] [INFO] データベース接続成功
[2025-07-04 19:04:51] [INFO] 部屋数カウント: 15
[2025-07-04 19:04:51] [INFO] 利用中の部屋数カウント: 2
[2025-07-06 08:41:52] [INFO] 設定読み込み URL: http://mobes.online/admin/adminsetting_registrer.php?section=register_settings
[2025-07-06 08:41:52] [INFO] 未ログインアクセス - index.phpにリダイレクト
[2025-07-06 14:45:43] [INFO] 設定読み込み URL: http://mobes.online/admin/adminsetting_registrer.php?section=register_settings
[2025-07-06 14:45:43] [INFO] ユーザーがログイン: fabula
[2025-07-06 14:45:43] [INFO] データベース接続成功
[2025-07-06 14:45:43] [INFO] 部屋数カウント: 15
[2025-07-06 14:45:43] [INFO] 利用中の部屋数カウント: 3
[2025-07-06 18:32:21] [INFO] 設定読み込み URL: http://mobes.online/admin/adminsetting_registrer.php?section=register_settings
[2025-07-06 18:32:21] [INFO] ユーザーがログイン: fabula
[2025-07-06 18:32:21] [INFO] データベース接続成功
[2025-07-06 18:32:21] [INFO] 部屋数カウント: 15
[2025-07-06 18:32:21] [INFO] 利用中の部屋数カウント: 4
[2025-07-07 09:14:46] [INFO] 設定読み込み URL: http://mobes.online/admin/adminsetting_registrer.php?section=register_settings
[2025-07-07 09:14:46] [INFO] ユーザーがログイン: fabula
[2025-07-07 09:14:46] [INFO] データベース接続成功
[2025-07-07 09:14:46] [INFO] 部屋数カウント: 15
[2025-07-07 09:14:46] [INFO] 利用中の部屋数カウント: 3
[2025-07-07 22:01:40] [INFO] 設定読み込み URL: http://mobes.online/admin/adminsetting_registrer.php?section=register_settings
[2025-07-07 22:01:40] [INFO] ユーザーがログイン: fabula
[2025-07-07 22:01:40] [INFO] データベース接続成功
[2025-07-07 22:01:40] [INFO] 部屋数カウント: 15
[2025-07-07 22:01:40] [INFO] 利用中の部屋数カウント: 3
[2025-07-07 22:03:16] [INFO] 設定読み込み URL: http://mobes.online/admin/adminsetting_registrer.php?section=register_settings
[2025-07-07 22:03:16] [INFO] ユーザーがログイン: fabula
[2025-07-07 22:03:16] [INFO] データベース接続成功
[2025-07-07 22:03:16] [INFO] 部屋数カウント: 15
[2025-07-07 22:03:16] [INFO] 利用中の部屋数カウント: 3
[2025-07-08 00:28:01] [INFO] 設定読み込み URL: http://mobes.online/admin/adminsetting_registrer.php?section=register_settings
[2025-07-08 00:28:01] [INFO] 未ログインアクセス - index.phpにリダイレクト
[2025-07-09 01:31:55] [INFO] 設定読み込み URL: http://mobes.online/admin/adminsetting_registrer.php?section=register_settings
[2025-07-09 01:31:56] [INFO] ユーザーがログイン: fabula
[2025-07-09 01:31:56] [INFO] データベース接続成功
[2025-07-09 01:31:56] [INFO] 部屋数カウント: 15
[2025-07-09 01:31:56] [INFO] 利用中の部屋数カウント: 2
[2025-07-12 13:45:27] [INFO] 設定読み込み URL: http://mobes.online/admin/adminsetting_registrer.php?section=register_settings
[2025-07-12 13:45:27] [INFO] ユーザーがログイン: fabula
[2025-07-12 13:45:27] [INFO] データベース接続成功
[2025-07-12 13:45:27] [INFO] 部屋数カウント: 15
[2025-07-12 13:45:27] [INFO] 利用中の部屋数カウント: 2
[2025-07-12 15:00:22] [INFO] 設定読み込み URL: http://mobes.online/admin/adminsetting_registrer.php?section=register_settings
[2025-07-12 15:00:22] [INFO] ユーザーがログイン: fabula
[2025-07-12 15:00:22] [INFO] データベース接続成功
[2025-07-12 15:00:22] [INFO] 部屋数カウント: 15
[2025-07-12 15:00:22] [INFO] 利用中の部屋数カウント: 2
[2025-07-12 15:02:38] [INFO] 設定読み込み URL: http://mobes.online/admin/adminsetting_registrer.php?section=register_settings
[2025-07-12 15:02:38] [INFO] ユーザーがログイン: fabula
[2025-07-12 15:02:38] [INFO] データベース接続成功
[2025-07-12 15:02:38] [INFO] 部屋数カウント: 15
[2025-07-12 15:02:38] [INFO] 利用中の部屋数カウント: 2
[2025-07-12 22:24:15] [INFO] 設定読み込み URL: http://mobes.online/admin/adminsetting_registrer.php?section=register_settings
[2025-07-12 22:24:15] [INFO] ユーザーがログイン: fabula
[2025-07-12 22:24:15] [INFO] データベース接続成功
[2025-07-12 22:24:15] [INFO] 部屋数カウント: 15
[2025-07-12 22:24:15] [INFO] 利用中の部屋数カウント: 3
[2025-07-12 22:27:46] [INFO] 設定読み込み URL: http://mobes.online/admin/adminsetting_registrer.php?section=register_settings
[2025-07-12 22:27:46] [INFO] ユーザーがログイン: fabula
[2025-07-12 22:27:46] [INFO] データベース接続成功
[2025-07-12 22:27:46] [INFO] 部屋数カウント: 15
[2025-07-12 22:27:46] [INFO] 利用中の部屋数カウント: 3
[2025-07-13 01:04:13] [INFO] 設定読み込み URL: http://mobes.online/admin/adminsetting_registrer.php?section=register_settings
[2025-07-13 01:04:13] [INFO] ユーザーがログイン: fabula
[2025-07-13 01:04:13] [INFO] データベース接続成功
[2025-07-13 01:04:13] [INFO] 部屋数カウント: 15
[2025-07-13 01:04:13] [INFO] 利用中の部屋数カウント: 3
[2025-07-13 02:12:40] [INFO] 設定読み込み URL: http://mobes.online/admin/adminsetting_registrer.php?section=register_settings
[2025-07-13 02:12:40] [INFO] ユーザーがログイン: fabula
[2025-07-13 02:12:40] [INFO] データベース接続成功
[2025-07-13 02:12:40] [INFO] 部屋数カウント: 15
[2025-07-13 02:12:40] [INFO] 利用中の部屋数カウント: 3
[2025-07-13 02:18:14] [INFO] 設定読み込み URL: http://mobes.online/admin/adminsetting_registrer.php?section=register_settings
[2025-07-13 02:18:14] [INFO] ユーザーがログイン: fabula
[2025-07-13 02:18:14] [INFO] データベース接続成功
[2025-07-13 02:18:14] [INFO] 部屋数カウント: 15
[2025-07-13 02:18:14] [INFO] 利用中の部屋数カウント: 3
[2025-07-13 12:34:48] [INFO] 設定読み込み URL: http://mobes.online/admin/adminsetting_registrer.php?section=register_settings
[2025-07-13 12:34:48] [INFO] ユーザーがログイン: fabula
[2025-07-13 12:34:48] [INFO] データベース接続成功
[2025-07-13 12:34:48] [INFO] 部屋数カウント: 15
[2025-07-13 12:34:48] [INFO] 利用中の部屋数カウント: 3
[2025-07-13 12:35:14] [INFO] 設定読み込み URL: http://mobes.online/admin/adminsetting_registrer.php?section=register_settings
[2025-07-13 12:35:14] [INFO] ユーザーがログイン: fabula
[2025-07-13 12:35:14] [INFO] データベース接続成功
[2025-07-13 12:35:14] [INFO] 部屋数カウント: 15
[2025-07-13 12:35:14] [INFO] 利用中の部屋数カウント: 3
[2025-07-13 12:35:52] [INFO] 設定読み込み URL: http://mobes.online/admin/adminsetting_registrer.php?section=register_settings
[2025-07-13 12:35:52] [INFO] 未ログインアクセス - index.phpにリダイレクト
[2025-07-13 16:45:09] [INFO] 設定読み込み URL: http://mobes.online/admin/adminsetting_registrer.php?section=register_settings
[2025-07-13 16:45:09] [INFO] ユーザーがログイン: fabula
[2025-07-13 16:45:09] [INFO] データベース接続成功
[2025-07-13 16:45:09] [INFO] 部屋数カウント: 15
[2025-07-13 16:45:09] [INFO] 利用中の部屋数カウント: 3
[2025-07-14 15:17:01] [INFO] 設定読み込み URL: http://mobes.online/admin/adminsetting_registrer.php?section=register_settings
[2025-07-14 15:17:01] [INFO] ユーザーがログイン: fabula
[2025-07-14 15:17:01] [INFO] データベース接続成功
[2025-07-14 15:17:01] [INFO] 部屋数カウント: 15
[2025-07-14 15:17:01] [INFO] 利用中の部屋数カウント: 3
[2025-07-14 17:43:23] [INFO] 設定読み込み URL: http://mobes.online/admin/adminsetting_registrer.php?section=register_settings
[2025-07-14 17:43:23] [INFO] 未ログインアクセス - index.phpにリダイレクト
[2025-07-14 20:11:48] [INFO] 設定読み込み URL: http://mobes.online/admin/adminsetting_registrer.php?section=register_settings
[2025-07-14 20:11:48] [INFO] 未ログインアクセス - index.phpにリダイレクト
[2025-07-14 20:12:27] [INFO] 設定読み込み URL: http://test-mijeos.but.jp/fgsquare/admin/adminsetting_registrer.php?section=register_settings
[2025-07-14 20:12:27] [INFO] 未ログインアクセス - index.phpにリダイレクト
[2025-07-16 21:09:23] [INFO] 設定読み込み URL: http://mobes.online/admin/adminsetting_registrer.php?section=register_settings
[2025-07-16 21:09:23] [INFO] ユーザーがログイン: fabula
[2025-07-16 21:09:23] [INFO] データベース接続成功
[2025-07-16 21:09:23] [INFO] 部屋数カウント: 15
[2025-07-16 21:09:23] [INFO] 利用中の部屋数カウント: 3
[2025-07-17 08:49:36] [INFO] 設定読み込み URL: http://mobes.online/admin/adminsetting_registrer.php?section=register_settings
[2025-07-17 08:49:36] [INFO] ユーザーがログイン: fabula
[2025-07-17 08:49:36] [INFO] データベース接続成功
[2025-07-17 08:49:36] [INFO] 部屋数カウント: 15
[2025-07-17 08:49:36] [INFO] 利用中の部屋数カウント: 3
[2025-07-17 20:47:26] [INFO] 設定読み込み URL: http://mobes.online/admin/adminsetting_registrer.php?section=register_settings
[2025-07-17 20:47:26] [INFO] ユーザーがログイン: fabula
[2025-07-17 20:47:26] [INFO] データベース接続成功
[2025-07-17 20:47:26] [INFO] 部屋数カウント: 15
[2025-07-17 20:47:26] [INFO] 利用中の部屋数カウント: 3
[2025-07-17 20:47:31] [INFO] 設定読み込み URL: http://mobes.online/admin/adminsetting_registrer.php?section=register_settings
[2025-07-17 20:47:31] [INFO] ユーザーがログイン: fabula
[2025-07-17 20:47:31] [INFO] データベース接続成功
[2025-07-17 20:47:31] [INFO] 部屋数カウント: 15
[2025-07-17 20:47:31] [INFO] 利用中の部屋数カウント: 3
[2025-07-17 20:49:06] [INFO] 設定読み込み URL: http://mobes.online/admin/adminsetting_registrer.php?section=register_settings
[2025-07-17 20:49:06] [INFO] ユーザーがログイン: fabula
[2025-07-17 20:49:06] [INFO] データベース接続成功
[2025-07-17 20:49:06] [INFO] 部屋数カウント: 15
[2025-07-17 20:49:06] [INFO] 利用中の部屋数カウント: 3
[2025-07-19 13:46:04] [INFO] 設定読み込み URL: http://mobes.online/admin/adminsetting_registrer.php?section=register_settings
[2025-07-19 13:46:04] [INFO] ユーザーがログイン: fabula
[2025-07-19 13:46:04] [INFO] データベース接続成功
[2025-07-19 13:46:04] [INFO] 部屋数カウント: 15
[2025-07-19 13:46:04] [INFO] 利用中の部屋数カウント: 3
[2025-07-19 13:46:23] [INFO] 設定読み込み URL: http://mobes.online/admin/adminsetting_registrer.php?section=register_settings
[2025-07-19 13:46:24] [INFO] ユーザーがログイン: fabula
[2025-07-19 13:46:24] [INFO] データベース接続成功
[2025-07-19 13:46:24] [INFO] 部屋数カウント: 15
[2025-07-19 13:46:24] [INFO] 利用中の部屋数カウント: 3
[2025-07-19 13:46:47] [INFO] 設定読み込み URL: http://mobes.online/admin/adminsetting_registrer.php?section=register_settings
[2025-07-19 13:46:47] [INFO] ユーザーがログイン: fabula
[2025-07-19 13:46:47] [INFO] データベース接続成功
[2025-07-19 13:46:47] [INFO] 部屋数カウント: 15
[2025-07-19 13:46:47] [INFO] 利用中の部屋数カウント: 3
[2025-07-22 09:49:06] [INFO] 設定読み込み URL: http://mobes.online/admin/adminsetting_registrer.php?section=register_settings
[2025-07-22 09:49:06] [INFO] ユーザーがログイン: fabula
[2025-07-22 09:49:06] [INFO] データベース接続成功
[2025-07-22 09:49:06] [INFO] 部屋数カウント: 15
[2025-07-22 09:49:06] [INFO] 利用中の部屋数カウント: 4
[2025-07-22 10:01:40] [INFO] 設定読み込み URL: http://mobes.online/admin/adminsetting_registrer.php?section=register_settings
[2025-07-22 10:01:40] [INFO] ユーザーがログイン: fabula
[2025-07-22 10:01:40] [INFO] データベース接続成功
[2025-07-22 10:01:40] [INFO] 部屋数カウント: 15
[2025-07-22 10:01:40] [INFO] 利用中の部屋数カウント: 2
[2025-07-22 10:05:33] [INFO] 設定読み込み URL: http://mobes.online/admin/adminsetting_registrer.php?section=register_settings
[2025-07-22 10:05:33] [INFO] ユーザーがログイン: fabula
[2025-07-22 10:05:33] [INFO] データベース接続成功
[2025-07-22 10:05:33] [INFO] 部屋数カウント: 15
[2025-07-22 10:05:33] [INFO] 利用中の部屋数カウント: 2
[2025-07-24 09:41:08] [INFO] 設定読み込み URL: http://mobes.online/admin/adminsetting_registrer.php?section=register_settings
[2025-07-24 09:41:08] [INFO] ユーザーがログイン: fabula
[2025-07-24 09:41:08] [INFO] データベース接続成功
[2025-07-24 09:41:08] [INFO] 部屋数カウント: 15
[2025-07-24 09:41:08] [INFO] 利用中の部屋数カウント: 2
[2025-07-24 09:49:58] [INFO] 設定読み込み URL: http://mobes.online/admin/adminsetting_registrer.php?section=register_settings
[2025-07-24 09:49:58] [INFO] ユーザーがログイン: fabula
[2025-07-24 09:49:58] [INFO] データベース接続成功
[2025-07-24 09:49:58] [INFO] 部屋数カウント: 15
[2025-07-24 09:49:58] [INFO] 利用中の部屋数カウント: 2
[2025-07-25 16:31:16] [INFO] 設定読み込み URL: http://mobes.online/admin/adminsetting_registrer.php?section=register_settings
[2025-07-25 16:31:16] [INFO] ユーザーがログイン: fabula
[2025-07-25 16:31:16] [INFO] データベース接続成功
[2025-07-25 16:31:16] [INFO] 部屋数カウント: 15
[2025-07-25 16:31:16] [INFO] 利用中の部屋数カウント: 3
[2025-07-25 19:29:03] [INFO] 設定読み込み URL: http://mobes.online/admin/adminsetting_registrer.php?section=register_settings
[2025-07-25 19:29:03] [INFO] ユーザーがログイン: fabula
[2025-07-25 19:29:03] [INFO] データベース接続成功
[2025-07-25 19:29:03] [INFO] 部屋数カウント: 15
[2025-07-25 19:29:03] [INFO] 利用中の部屋数カウント: 3
[2025-07-25 19:29:06] [INFO] 設定読み込み URL: http://mobes.online/admin/adminsetting_registrer.php?section=register_settings
[2025-07-25 19:29:06] [INFO] ユーザーがログイン: fabula
[2025-07-25 19:29:06] [INFO] データベース接続成功
[2025-07-25 19:29:06] [INFO] 部屋数カウント: 15
[2025-07-25 19:29:06] [INFO] 利用中の部屋数カウント: 3
[2025-07-26 18:05:12] [INFO] 設定読み込み URL: http://mobes.online/admin/adminsetting_registrer.php?section=register_settings
[2025-07-26 18:05:12] [INFO] ユーザーがログイン: fabula
[2025-07-26 18:05:12] [INFO] データベース接続成功
[2025-07-26 18:05:12] [INFO] 部屋数カウント: 15
[2025-07-26 18:05:12] [INFO] 利用中の部屋数カウント: 3
[2025-07-27 10:12:42] [INFO] 設定読み込み URL: http://mobes.online/admin/adminsetting_registrer.php?section=register_settings
[2025-07-27 10:12:42] [INFO] ユーザーがログイン: fabula
[2025-07-27 10:12:42] [INFO] データベース接続成功
[2025-07-27 10:12:42] [INFO] 部屋数カウント: 15
[2025-07-27 10:12:42] [INFO] 利用中の部屋数カウント: 2
[2025-07-31 02:26:58] [INFO] 設定読み込み URL: http://mobes.online/admin/adminsetting_registrer.php?section=register_settings
[2025-07-31 02:26:58] [INFO] ユーザーがログイン: fabula
[2025-07-31 02:26:58] [INFO] データベース接続成功
[2025-07-31 02:26:58] [INFO] 部屋数カウント: 15
[2025-07-31 02:26:58] [INFO] 利用中の部屋数カウント: 2
[2025-07-31 14:30:02] [INFO] 設定読み込み URL: http://mobes.online/admin/adminsetting_registrer.php?section=register_settings
[2025-07-31 14:30:02] [INFO] ユーザーがログイン: fabula
[2025-07-31 14:30:02] [INFO] データベース接続成功
[2025-07-31 14:30:02] [INFO] 部屋数カウント: 15
[2025-07-31 14:30:02] [INFO] 利用中の部屋数カウント: 2
[2025-07-31 14:32:30] [INFO] 設定読み込み URL: http://mobes.online/admin/adminsetting_registrer.php?section=register_settings
[2025-07-31 14:32:30] [INFO] ユーザーがログイン: fabula
[2025-07-31 14:32:30] [INFO] データベース接続成功
[2025-07-31 14:32:30] [INFO] 部屋数カウント: 15
[2025-07-31 14:32:30] [INFO] 利用中の部屋数カウント: 3
[2025-07-31 14:36:07] [INFO] 設定読み込み URL: http://mobes.online/admin/adminsetting_registrer.php?section=register_settings
[2025-07-31 14:36:07] [INFO] ユーザーがログイン: fabula
[2025-07-31 14:36:07] [INFO] データベース接続成功
[2025-07-31 14:36:07] [INFO] 部屋数カウント: 15
[2025-07-31 14:36:07] [INFO] 利用中の部屋数カウント: 2
[2025-07-31 14:39:37] [INFO] 設定読み込み URL: http://mobes.online/admin/adminsetting_registrer.php?section=register_settings
[2025-07-31 14:39:37] [INFO] ユーザーがログイン: fabula
[2025-07-31 14:39:37] [INFO] データベース接続成功
[2025-07-31 14:39:37] [INFO] 部屋数カウント: 15
[2025-07-31 14:39:37] [INFO] 利用中の部屋数カウント: 3
[2025-07-31 15:00:08] [INFO] 設定読み込み URL: http://mobes.online/admin/adminsetting_registrer.php?section=register_settings
[2025-07-31 15:00:08] [INFO] ユーザーがログイン: fabula
[2025-07-31 15:00:08] [INFO] データベース接続成功
[2025-07-31 15:00:08] [INFO] 部屋数カウント: 15
[2025-07-31 15:00:08] [INFO] 利用中の部屋数カウント: 3
[2025-07-31 16:01:54] [INFO] 設定読み込み URL: http://mobes.online/admin/adminsetting_registrer.php?section=register_settings
[2025-07-31 16:01:54] [INFO] ユーザーがログイン: fabula
[2025-07-31 16:01:54] [INFO] データベース接続成功
[2025-07-31 16:01:54] [INFO] 部屋数カウント: 15
[2025-07-31 16:01:54] [INFO] 利用中の部屋数カウント: 4
[2025-07-31 16:27:43] [INFO] 設定読み込み URL: http://mobes.online/admin/adminsetting_registrer.php?section=register_settings
[2025-07-31 16:27:43] [INFO] ユーザーがログイン: fabula
[2025-07-31 16:27:43] [INFO] データベース接続成功
[2025-07-31 16:27:43] [INFO] 部屋数カウント: 15
[2025-07-31 16:27:43] [INFO] 利用中の部屋数カウント: 4
[2025-07-31 17:21:27] [INFO] 設定読み込み URL: http://mobes.online/admin/adminsetting_registrer.php?section=register_settings
[2025-07-31 17:21:27] [INFO] ユーザーがログイン: fabula
[2025-07-31 17:21:27] [INFO] データベース接続成功
[2025-07-31 17:21:27] [INFO] 部屋数カウント: 15
[2025-07-31 17:21:27] [INFO] 利用中の部屋数カウント: 4
[2025-07-31 17:35:53] [INFO] 設定読み込み URL: http://mobes.online/admin/adminsetting_registrer.php?section=register_settings
[2025-07-31 17:35:53] [INFO] 未ログインアクセス - index.phpにリダイレクト
[2025-07-31 17:41:27] [INFO] 設定読み込み URL: http://mobes.online/admin/adminsetting_registrer.php?section=register_settings
[2025-07-31 17:41:27] [INFO] ユーザーがログイン: fabula
[2025-07-31 17:41:27] [INFO] データベース接続成功
[2025-07-31 17:41:27] [INFO] 部屋数カウント: 15
[2025-07-31 17:41:27] [INFO] 利用中の部屋数カウント: 4
[2025-07-31 17:48:54] [INFO] 設定読み込み URL: http://mobes.online/admin/adminsetting_registrer.php?section=register_settings
[2025-07-31 17:48:54] [INFO] ユーザーがログイン: fabula
[2025-07-31 17:48:54] [INFO] データベース接続成功
[2025-07-31 17:48:54] [INFO] 部屋数カウント: 15
[2025-07-31 17:48:54] [INFO] 利用中の部屋数カウント: 4
[2025-07-31 17:49:35] [INFO] 設定読み込み URL: http://mobes.online/admin/adminsetting_registrer.php?section=register_settings
[2025-07-31 17:49:35] [INFO] ユーザーがログイン: fabula
[2025-07-31 17:49:35] [INFO] データベース接続成功
[2025-07-31 17:49:35] [INFO] 部屋数カウント: 15
[2025-07-31 17:49:35] [INFO] 利用中の部屋数カウント: 4
[2025-07-31 17:54:21] [INFO] 設定読み込み URL: http://mobes.online/admin/adminsetting_registrer.php?section=register_settings
[2025-07-31 17:54:21] [INFO] ユーザーがログイン: fabula
[2025-07-31 17:54:21] [INFO] データベース接続成功
[2025-07-31 17:54:21] [INFO] 部屋数カウント: 15
[2025-07-31 17:54:21] [INFO] 利用中の部屋数カウント: 5
[2025-07-31 17:54:27] [INFO] 設定読み込み URL: http://mobes.online/admin/adminsetting_registrer.php?section=register_settings
[2025-07-31 17:54:27] [INFO] ユーザーがログイン: fabula
[2025-07-31 17:54:27] [INFO] データベース接続成功
[2025-07-31 17:54:27] [INFO] 部屋数カウント: 15
[2025-07-31 17:54:27] [INFO] 利用中の部屋数カウント: 5
[2025-07-31 18:54:18] [INFO] 設定読み込み URL: http://mobes.online/admin/adminsetting_registrer.php?section=register_settings
[2025-07-31 18:54:18] [INFO] ユーザーがログイン: fabula
[2025-07-31 18:54:18] [INFO] データベース接続成功
[2025-07-31 18:54:18] [INFO] 部屋数カウント: 15
[2025-07-31 18:54:18] [INFO] 利用中の部屋数カウント: 5
[2025-08-02 18:00:59] [INFO] 設定読み込み URL: http://mobes.online/admin/adminsetting_registrer.php?section=register_settings
[2025-08-02 18:00:59] [INFO] ユーザーがログイン: fabula
[2025-08-02 18:00:59] [INFO] データベース接続成功
[2025-08-02 18:00:59] [INFO] 部屋数カウント: 15
[2025-08-02 18:00:59] [INFO] 利用中の部屋数カウント: 4
[2025-08-02 18:01:22] [INFO] 設定読み込み URL: http://mobes.online/admin/adminsetting_registrer.php?section=register_settings
[2025-08-02 18:01:22] [INFO] ユーザーがログイン: fabula
[2025-08-02 18:01:22] [INFO] データベース接続成功
[2025-08-02 18:01:22] [INFO] 部屋数カウント: 15
[2025-08-02 18:01:22] [INFO] 利用中の部屋数カウント: 4
[2025-08-02 18:01:39] [INFO] 設定読み込み URL: http://mobes.online/admin/adminsetting_registrer.php?section=register_settings
[2025-08-02 18:01:39] [INFO] ユーザーがログイン: fabula
[2025-08-02 18:01:39] [INFO] データベース接続成功
[2025-08-02 18:01:39] [INFO] 部屋数カウント: 15
[2025-08-02 18:01:39] [INFO] 利用中の部屋数カウント: 4
[2025-08-02 18:32:48] [INFO] 設定読み込み URL: http://mobes.online/admin/adminsetting_registrer.php?section=register_settings
[2025-08-02 18:32:48] [INFO] ユーザーがログイン: fabula
[2025-08-02 18:32:48] [INFO] データベース接続成功
[2025-08-02 18:32:48] [INFO] 部屋数カウント: 15
[2025-08-02 18:32:48] [INFO] 利用中の部屋数カウント: 4
[2025-08-03 14:50:47] [INFO] 設定読み込み URL: http://mobes.online/admin/adminsetting_registrer.php?section=register_settings
[2025-08-03 14:50:47] [INFO] 未ログインアクセス - index.phpにリダイレクト
[2025-08-04 11:22:20] [INFO] 設定読み込み URL: http://mobes.online/admin/adminsetting_registrer.php?section=register_settings
[2025-08-04 11:22:20] [INFO] ユーザーがログイン: fabula
[2025-08-04 11:22:20] [INFO] データベース接続成功
[2025-08-04 11:22:20] [INFO] 部屋数カウント: 15
[2025-08-04 11:22:20] [INFO] 利用中の部屋数カウント: 5
[2025-08-04 11:25:18] [INFO] 設定読み込み URL: http://mobes.online/admin/adminsetting_registrer.php?section=register_settings
[2025-08-04 11:25:18] [INFO] ユーザーがログイン: fabula
[2025-08-04 11:25:18] [INFO] データベース接続成功
[2025-08-04 11:25:18] [INFO] 部屋数カウント: 15
[2025-08-04 11:25:18] [INFO] 利用中の部屋数カウント: 5
[2025-08-04 13:49:51] [INFO] 設定読み込み URL: http://mobes.online/admin/adminsetting_registrer.php?section=register_settings
[2025-08-04 13:49:51] [INFO] 未ログインアクセス - index.phpにリダイレクト
[2025-08-04 13:49:56] [INFO] 設定読み込み URL: http://mobes.online/admin/adminsetting_registrer.php?section=register_settings
[2025-08-04 13:49:56] [INFO] ユーザーがログイン: fabula
[2025-08-04 13:49:56] [INFO] データベース接続成功
[2025-08-04 13:49:56] [INFO] 部屋数カウント: 15
[2025-08-04 13:49:56] [INFO] 利用中の部屋数カウント: 5
[2025-08-04 14:05:10] [INFO] 設定読み込み URL: http://mobes.online/admin/adminsetting_registrer.php?section=register_settings
[2025-08-04 14:05:10] [INFO] 未ログインアクセス - index.phpにリダイレクト
[2025-08-04 17:16:28] [INFO] 設定読み込み URL: http://mobes.online/admin/adminsetting_registrer.php?section=register_settings
[2025-08-04 17:16:28] [INFO] ユーザーがログイン: fabula
[2025-08-04 17:16:28] [INFO] データベース接続成功
[2025-08-04 17:16:28] [INFO] 部屋数カウント: 15
[2025-08-04 17:16:28] [INFO] 利用中の部屋数カウント: 6
[2025-08-04 21:34:43] [INFO] 設定読み込み URL: http://mobes.online/admin/adminsetting_registrer.php?section=register_settings
[2025-08-04 21:34:43] [INFO] ユーザーがログイン: fabula
[2025-08-04 21:34:43] [INFO] データベース接続成功
[2025-08-04 21:34:43] [INFO] 部屋数カウント: 15
[2025-08-04 21:34:43] [INFO] 利用中の部屋数カウント: 5
[2025-08-05 19:57:19] [INFO] 設定読み込み URL: http://mobes.online/admin/adminsetting_registrer.php?section=register_settings
[2025-08-05 19:57:19] [INFO] ユーザーがログイン: fabula
[2025-08-05 19:57:19] [INFO] データベース接続成功
[2025-08-05 19:57:19] [INFO] 部屋数カウント: 15
[2025-08-05 19:57:19] [INFO] 利用中の部屋数カウント: 4
[2025-08-06 10:34:21] [INFO] 設定読み込み URL: http://mobes.online/admin/adminsetting_registrer.php?section=register_settings
[2025-08-06 10:34:21] [INFO] ユーザーがログイン: fabula
[2025-08-06 10:34:21] [INFO] データベース接続成功
[2025-08-06 10:34:21] [INFO] 部屋数カウント: 15
[2025-08-06 10:34:21] [INFO] 利用中の部屋数カウント: 4
[2025-08-06 10:36:46] [INFO] 設定読み込み URL: http://mobes.online/admin/adminsetting_registrer.php?section=register_settings
[2025-08-06 10:36:46] [INFO] ユーザーがログイン: fabula
[2025-08-06 10:36:46] [INFO] データベース接続成功
[2025-08-06 10:36:46] [INFO] 部屋数カウント: 15
[2025-08-06 10:36:46] [INFO] 利用中の部屋数カウント: 4
[2025-08-06 10:36:56] [INFO] 設定読み込み URL: http://mobes.online/admin/adminsetting_registrer.php?section=register_settings
[2025-08-06 10:36:56] [INFO] ユーザーがログイン: fabula
[2025-08-06 10:36:56] [INFO] データベース接続成功
[2025-08-06 10:36:56] [INFO] 部屋数カウント: 15
[2025-08-06 10:36:56] [INFO] 利用中の部屋数カウント: 4
[2025-08-06 11:41:04] [INFO] 設定読み込み URL: http://mobes.online/admin/adminsetting_registrer.php?section=register_settings
[2025-08-06 11:41:05] [INFO] ユーザーがログイン: fabula
[2025-08-06 11:41:05] [INFO] データベース接続成功
[2025-08-06 11:41:05] [INFO] 部屋数カウント: 15
[2025-08-06 11:41:05] [INFO] 利用中の部屋数カウント: 4
[2025-08-06 22:42:44] [INFO] 設定読み込み URL: http://test-mijeos.but.jp/fgsquare/admin/adminsetting_registrer.php?section=register_settings
[2025-08-06 22:42:44] [INFO] 未ログインアクセス - index.phpにリダイレクト
[2025-08-07 16:54:14] [INFO] 設定読み込み URL: http://mobes.online/admin/adminsetting_registrer.php?section=register_settings
[2025-08-07 16:54:14] [INFO] 未ログインアクセス - index.phpにリダイレクト
[2025-08-07 18:15:12] [INFO] 設定読み込み URL: http://mobes.online/admin/adminsetting_registrer.php?section=register_settings
[2025-08-07 18:15:12] [INFO] ユーザーがログイン: fabula
[2025-08-07 18:15:12] [INFO] データベース接続成功
[2025-08-07 18:15:12] [INFO] 部屋数カウント: 15
[2025-08-07 18:15:12] [INFO] 利用中の部屋数カウント: 2
[2025-08-07 18:18:31] [INFO] 設定読み込み URL: http://mobes.online/admin/adminsetting_registrer.php?section=register_settings
[2025-08-07 18:18:31] [INFO] ユーザーがログイン: fabula
[2025-08-07 18:18:31] [INFO] データベース接続成功
[2025-08-07 18:18:31] [INFO] 部屋数カウント: 15
[2025-08-07 18:18:31] [INFO] 利用中の部屋数カウント: 2
[2025-08-07 18:23:32] [INFO] 設定読み込み URL: http://mobes.online/admin/adminsetting_registrer.php?section=register_settings
[2025-08-07 18:23:32] [INFO] ユーザーがログイン: fabula
[2025-08-07 18:23:32] [INFO] データベース接続成功
[2025-08-07 18:23:32] [INFO] 部屋数カウント: 15
[2025-08-07 18:23:32] [INFO] 利用中の部屋数カウント: 2
[2025-08-08 10:58:33] [INFO] 設定読み込み URL: http://mobes.online/admin/adminsetting_registrer.php?section=register_settings
[2025-08-08 10:58:33] [INFO] 未ログインアクセス - index.phpにリダイレクト
[2025-08-08 14:31:10] [INFO] 設定読み込み URL: http://mobes.online/admin/adminsetting_registrer.php?section=register_settings
[2025-08-08 14:31:11] [INFO] ユーザーがログイン: fabula
[2025-08-08 14:31:11] [INFO] データベース接続成功
[2025-08-08 14:31:11] [INFO] 部屋数カウント: 15
[2025-08-08 14:31:11] [INFO] 利用中の部屋数カウント: 1
[2025-08-08 17:11:58] [INFO] 設定読み込み URL: http://mobes.online/admin/adminsetting_registrer.php?section=register_settings
[2025-08-08 17:11:58] [INFO] ユーザーがログイン: fabula
[2025-08-08 17:11:58] [INFO] データベース接続成功
[2025-08-08 17:11:58] [INFO] 部屋数カウント: 15
[2025-08-08 17:11:58] [INFO] 利用中の部屋数カウント: 1
[2025-08-08 17:12:05] [INFO] 設定読み込み URL: http://mobes.online/admin/adminsetting_registrer.php?section=register_settings
[2025-08-08 17:12:05] [INFO] ユーザーがログイン: fabula
[2025-08-08 17:12:05] [INFO] データベース接続成功
[2025-08-08 17:12:05] [INFO] 部屋数カウント: 15
[2025-08-08 17:12:05] [INFO] 利用中の部屋数カウント: 1
[2025-08-08 17:15:59] [INFO] 設定読み込み URL: http://mobes.online/admin/adminsetting_registrer.php?section=register_settings
[2025-08-08 17:15:59] [INFO] ユーザーがログイン: fabula
[2025-08-08 17:15:59] [INFO] データベース接続成功
[2025-08-08 17:15:59] [INFO] 部屋数カウント: 15
[2025-08-08 17:15:59] [INFO] 利用中の部屋数カウント: 1
[2025-08-08 19:44:56] [INFO] 設定読み込み URL: http://mobes.online/admin/adminsetting_registrer.php?section=register_settings
[2025-08-08 19:44:56] [INFO] ユーザーがログイン: fabula
[2025-08-08 19:44:56] [INFO] データベース接続成功
[2025-08-08 19:44:56] [INFO] 部屋数カウント: 15
[2025-08-08 19:44:56] [INFO] 利用中の部屋数カウント: 3
[2025-08-08 19:53:25] [INFO] 設定読み込み URL: http://mobes.online/admin/adminsetting_registrer.php?section=register_settings
[2025-08-08 19:53:25] [INFO] ユーザーがログイン: fabula
[2025-08-08 19:53:25] [INFO] データベース接続成功
[2025-08-08 19:53:25] [INFO] 部屋数カウント: 15
[2025-08-08 19:53:25] [INFO] 利用中の部屋数カウント: 3
[2025-08-09 10:22:20] [INFO] 設定読み込み URL: http://mobes.online/admin/adminsetting_registrer.php?section=register_settings
[2025-08-09 10:22:20] [INFO] ユーザーがログイン: fabula
[2025-08-09 10:22:20] [INFO] データベース接続成功
[2025-08-09 10:22:20] [INFO] 部屋数カウント: 15
[2025-08-09 10:22:20] [INFO] 利用中の部屋数カウント: 2
[2025-08-09 10:28:48] [INFO] 設定読み込み URL: http://mobes.online/admin/adminsetting_registrer.php?section=register_settings
[2025-08-09 10:28:48] [INFO] ユーザーがログイン: fabula
[2025-08-09 10:28:48] [INFO] データベース接続成功
[2025-08-09 10:28:48] [INFO] 部屋数カウント: 15
[2025-08-09 10:28:48] [INFO] 利用中の部屋数カウント: 2
[2025-08-09 10:29:06] [INFO] 設定読み込み URL: http://mobes.online/admin/adminsetting_registrer.php?section=register_settings
[2025-08-09 10:29:06] [INFO] ユーザーがログイン: fabula
[2025-08-09 10:29:06] [INFO] データベース接続成功
[2025-08-09 10:29:06] [INFO] 部屋数カウント: 15
[2025-08-09 10:29:06] [INFO] 利用中の部屋数カウント: 2
[2025-08-09 10:29:30] [INFO] 設定読み込み URL: http://mobes.online/admin/adminsetting_registrer.php?section=register_settings
[2025-08-09 10:29:30] [INFO] ユーザーがログイン: fabula
[2025-08-09 10:29:30] [INFO] データベース接続成功
[2025-08-09 10:29:30] [INFO] 部屋数カウント: 15
[2025-08-09 10:29:30] [INFO] 利用中の部屋数カウント: 2
[2025-08-09 10:29:46] [INFO] 設定読み込み URL: http://mobes.online/admin/adminsetting_registrer.php?section=register_settings
[2025-08-09 10:29:46] [INFO] ユーザーがログイン: fabula
[2025-08-09 10:29:46] [INFO] データベース接続成功
[2025-08-09 10:29:46] [INFO] 部屋数カウント: 15
[2025-08-09 10:29:46] [INFO] 利用中の部屋数カウント: 2
[2025-08-09 10:30:09] [INFO] 設定読み込み URL: http://mobes.online/admin/adminsetting_registrer.php?section=register_settings
[2025-08-09 10:30:09] [INFO] ユーザーがログイン: fabula
[2025-08-09 10:30:09] [INFO] データベース接続成功
[2025-08-09 10:30:09] [INFO] 部屋数カウント: 15
[2025-08-09 10:30:09] [INFO] 利用中の部屋数カウント: 2
[2025-08-09 10:31:12] [INFO] 設定読み込み URL: http://mobes.online/admin/adminsetting_registrer.php?section=register_settings
[2025-08-09 10:31:12] [INFO] ユーザーがログイン: fabula
[2025-08-09 10:31:12] [INFO] データベース接続成功
[2025-08-09 10:31:12] [INFO] 部屋数カウント: 15
[2025-08-09 10:31:12] [INFO] 利用中の部屋数カウント: 2
[2025-08-09 15:52:37] [INFO] 設定読み込み URL: http://mobes.online/admin/adminsetting_registrer.php?section=register_settings
[2025-08-09 15:52:37] [INFO] ユーザーがログイン: fabula
[2025-08-09 15:52:37] [INFO] データベース接続成功
[2025-08-09 15:52:37] [INFO] 部屋数カウント: 15
[2025-08-09 15:52:37] [INFO] 利用中の部屋数カウント: 4
[2025-08-10 09:15:03] [INFO] 設定読み込み URL: http://mobes.online/admin/adminsetting_registrer.php?section=register_settings
[2025-08-10 09:15:03] [INFO] ユーザーがログイン: fabula
[2025-08-10 09:15:03] [INFO] データベース接続成功
[2025-08-10 09:15:03] [INFO] 部屋数カウント: 15
[2025-08-10 09:15:03] [INFO] 利用中の部屋数カウント: 9
[2025-08-10 09:20:59] [INFO] 設定読み込み URL: http://mobes.online/admin/adminsetting_registrer.php?section=register_settings
[2025-08-10 09:20:59] [INFO] ユーザーがログイン: fabula
[2025-08-10 09:20:59] [INFO] データベース接続成功
[2025-08-10 09:20:59] [INFO] 部屋数カウント: 15
[2025-08-10 09:20:59] [INFO] 利用中の部屋数カウント: 8
[2025-08-10 15:34:07] [INFO] 設定読み込み URL: http://mobes.online/admin/adminsetting_registrer.php?section=register_settings
[2025-08-10 15:34:07] [INFO] ユーザーがログイン: fabula
[2025-08-10 15:34:07] [INFO] データベース接続成功
[2025-08-10 15:34:07] [INFO] 部屋数カウント: 15
[2025-08-10 15:34:07] [INFO] 利用中の部屋数カウント: 8
[2025-08-10 16:48:08] [INFO] 設定読み込み URL: http://mobes.online/admin/adminsetting_registrer.php?section=register_settings
[2025-08-10 16:48:08] [INFO] ユーザーがログイン: fabula
[2025-08-10 16:48:08] [INFO] データベース接続成功
[2025-08-10 16:48:08] [INFO] 部屋数カウント: 15
[2025-08-10 16:48:08] [INFO] 利用中の部屋数カウント: 10
[2025-08-11 12:31:16] [INFO] 設定読み込み URL: http://mobes.online/admin/adminsetting_registrer.php?section=register_settings
[2025-08-11 12:31:16] [INFO] 未ログインアクセス - index.phpにリダイレクト
[2025-08-11 22:07:30] [INFO] 設定読み込み URL: http://mobes.online/admin/adminsetting_registrer.php?section=register_settings
[2025-08-11 22:07:30] [INFO] ユーザーがログイン: fabula
[2025-08-11 22:07:30] [INFO] データベース接続成功
[2025-08-11 22:07:30] [INFO] 部屋数カウント: 15
[2025-08-11 22:07:30] [INFO] 利用中の部屋数カウント: 7
[2025-08-13 15:24:46] [INFO] 設定読み込み URL: http://mobes.online/admin/adminsetting_registrer.php?section=register_settings
[2025-08-13 15:24:46] [INFO] ユーザーがログイン: fabula
[2025-08-13 15:24:46] [INFO] データベース接続成功
[2025-08-13 15:24:46] [INFO] 部屋数カウント: 15
[2025-08-13 15:24:46] [INFO] 利用中の部屋数カウント: 9
[2025-08-13 16:17:52] [INFO] 設定読み込み URL: http://mobes.online/admin/adminsetting_registrer.php?section=register_settings
[2025-08-13 16:17:52] [INFO] ユーザーがログイン: fabula
[2025-08-13 16:17:52] [INFO] データベース接続成功
[2025-08-13 16:17:52] [INFO] 部屋数カウント: 15
[2025-08-13 16:17:52] [INFO] 利用中の部屋数カウント: 6
[2025-08-13 17:08:55] [INFO] 設定読み込み URL: http://mobes.online/admin/adminsetting_registrer.php?section=register_settings
[2025-08-13 17:08:55] [INFO] ユーザーがログイン: fabula
[2025-08-13 17:08:55] [INFO] データベース接続成功
[2025-08-13 17:08:55] [INFO] 部屋数カウント: 15
[2025-08-13 17:08:55] [INFO] 利用中の部屋数カウント: 9
[2025-08-14 05:18:35] [INFO] 設定読み込み URL: http://mobes.online/admin/adminsetting_registrer.php?section=register_settings
[2025-08-14 05:18:35] [INFO] ユーザーがログイン: fabula
[2025-08-14 05:18:35] [INFO] データベース接続成功
[2025-08-14 05:18:35] [INFO] 部屋数カウント: 15
[2025-08-14 05:18:35] [INFO] 利用中の部屋数カウント: 9
[2025-08-14 10:21:07] [INFO] 設定読み込み URL: http://mobes.online/admin/adminsetting_registrer.php?section=register_settings
[2025-08-14 10:21:07] [INFO] ユーザーがログイン: fabula
[2025-08-14 10:21:07] [INFO] データベース接続成功
[2025-08-14 10:21:07] [INFO] 部屋数カウント: 15
[2025-08-14 10:21:07] [INFO] 利用中の部屋数カウント: 3
